<?xml version="1.0" encoding="UTF-8"?>
<testsuite name="diff.DifferServiceTests" tests="12" skipped="0" failures="0" errors="0" timestamp="2017-12-24T02:36:55" hostname="CPX-DH5WBKGGJUF" time="0.292">
  <properties/>
  <testcase name="notSameSize" classname="diff.DifferServiceTests" time="0.08"/>
  <testcase name="sameSizeNotEquals" classname="diff.DifferServiceTests" time="0.036"/>
  <testcase name="retreiveAll" classname="diff.DifferServiceTests" time="0.016"/>
  <testcase name="reverseDifference" classname="diff.DifferServiceTests" time="0.02"/>
  <testcase name="missingRight" classname="diff.DifferServiceTests" time="0.016"/>
  <testcase name="Base64Decode" classname="diff.DifferServiceTests" time="0.02"/>
  <testcase name="sameSizeAndEqual" classname="diff.DifferServiceTests" time="0.024"/>
  <testcase name="firstAndLastDifferences" classname="diff.DifferServiceTests" time="0.02"/>
  <testcase name="middleDifference" classname="diff.DifferServiceTests" time="0.02"/>
  <testcase name="missingLeft" classname="diff.DifferServiceTests" time="0.012"/>
  <testcase name="notFound" classname="diff.DifferServiceTests" time="0.008"/>
  <testcase name="sufixDifference" classname="diff.DifferServiceTests" time="0.012"/>
  <system-out><![CDATA[2017-12-24 00:36:55.628  INFO 11280 --- [    Test worker] .b.t.c.SpringBootTestContextBootstrapper : Neither @ContextConfiguration nor @ContextHierarchy found for test class [diff.DifferServiceTests], using SpringBootContextLoader
2017-12-24 00:36:55.628  INFO 11280 --- [    Test worker] o.s.t.c.support.AbstractContextLoader    : Could not detect default resource locations for test class [diff.DifferServiceTests]: no resource found for suffixes {-context.xml, Context.groovy}.
2017-12-24 00:36:55.628  INFO 11280 --- [    Test worker] t.c.s.AnnotationConfigContextLoaderUtils : Could not detect default configuration classes for test class [diff.DifferServiceTests]: DifferServiceTests does not declare any static, non-private, non-final, nested classes annotated with @Configuration.
2017-12-24 00:36:55.632  INFO 11280 --- [    Test worker] .b.t.c.SpringBootTestContextBootstrapper : Found @SpringBootConfiguration diff.Application for test class diff.DifferServiceTests
2017-12-24 00:36:55.636  INFO 11280 --- [    Test worker] .b.t.c.SpringBootTestContextBootstrapper : Loaded default TestExecutionListener class names from location [META-INF/spring.factories]: [org.springframework.boot.test.mock.mockito.MockitoTestExecutionListener, org.springframework.boot.test.mock.mockito.ResetMocksTestExecutionListener, org.springframework.boot.test.autoconfigure.restdocs.RestDocsTestExecutionListener, org.springframework.boot.test.autoconfigure.web.client.MockRestServiceServerResetTestExecutionListener, org.springframework.boot.test.autoconfigure.web.servlet.MockMvcPrintOnlyOnFailureTestExecutionListener, org.springframework.boot.test.autoconfigure.web.servlet.WebDriverTestExecutionListener, org.springframework.test.context.web.ServletTestExecutionListener, org.springframework.test.context.support.DirtiesContextBeforeModesTestExecutionListener, org.springframework.test.context.support.DependencyInjectionTestExecutionListener, org.springframework.test.context.support.DirtiesContextTestExecutionListener, org.springframework.test.context.transaction.TransactionalTestExecutionListener, org.springframework.test.context.jdbc.SqlScriptsTestExecutionListener]
2017-12-24 00:36:55.636  INFO 11280 --- [    Test worker] .b.t.c.SpringBootTestContextBootstrapper : Using TestExecutionListeners: [org.springframework.test.context.web.ServletTestExecutionListener@45c78fad, org.springframework.test.context.support.DirtiesContextBeforeModesTestExecutionListener@36ad01d6, org.springframework.boot.test.autoconfigure.SpringBootDependencyInjectionTestExecutionListener@3c3c9cdc, org.springframework.test.context.support.DirtiesContextTestExecutionListener@6e7ffaec, org.springframework.test.context.transaction.TransactionalTestExecutionListener@17bcaa69, org.springframework.test.context.jdbc.SqlScriptsTestExecutionListener@49c1baf9, org.springframework.boot.test.autoconfigure.restdocs.RestDocsTestExecutionListener@11430561, org.springframework.boot.test.autoconfigure.web.client.MockRestServiceServerResetTestExecutionListener@7a253f, org.springframework.boot.test.autoconfigure.web.servlet.MockMvcPrintOnlyOnFailureTestExecutionListener@726728bb, org.springframework.boot.test.mock.mockito.MockitoTestExecutionListener@36b5527c, org.springframework.boot.test.mock.mockito.ResetMocksTestExecutionListener@3f5431c6, org.springframework.boot.test.autoconfigure.web.servlet.WebDriverTestExecutionListener@6ed6a8ce]
2017-12-24 00:36:55.644  INFO 11280 --- [    Test worker] diff.services.impl.DifferServiceImpl     : Starting defineData method
2017-12-24 00:36:55.644  INFO 11280 --- [    Test worker] diff.services.impl.DifferServiceImpl     : Starting getDiffer method
2017-12-24 00:36:55.644  INFO 11280 --- [    Test worker] diff.services.impl.DifferServiceImpl     : Starting createDiffer method
2017-12-24 00:36:55.648  INFO 11280 --- [    Test worker] diff.services.impl.DifferServiceImpl     : Starting defineData method
2017-12-24 00:36:55.652  INFO 11280 --- [    Test worker] diff.services.impl.DifferServiceImpl     : Starting getDiffer method
2017-12-24 00:36:55.652  INFO 11280 --- [    Test worker] diff.services.impl.DifferServiceImpl     : Starting comparing method
2017-12-24 00:36:55.652  INFO 11280 --- [    Test worker] diff.services.impl.DifferServiceImpl     : Starting getDiffer method
2017-12-24 00:36:55.656  INFO 11280 --- [    Test worker] diff.services.impl.DifferServiceImpl     : Starting validateToCompare method
2017-12-24 00:36:55.656  INFO 11280 --- [    Test worker] diff.services.impl.DifferServiceImpl     : Starting validateToCompareRight method
2017-12-24 00:36:55.656  INFO 11280 --- [    Test worker] diff.services.impl.DifferServiceImpl     : Starting validateToCompareLeft method
2017-12-24 00:36:55.656  INFO 11280 --- [    Test worker] diff.services.impl.DifferServiceImpl     : Comparing: DifferObject [id=diff.DifferServiceTests, left=QkFBQg==, right=QUFBQUFB]
diff.domain.DifferResponse@3fb9a771
2017-12-24 00:36:55.724  INFO 11280 --- [    Test worker] diff.services.impl.DifferServiceImpl     : Starting defineData method
2017-12-24 00:36:55.724  INFO 11280 --- [    Test worker] diff.services.impl.DifferServiceImpl     : Starting getDiffer method
2017-12-24 00:36:55.724  INFO 11280 --- [    Test worker] diff.services.impl.DifferServiceImpl     : Starting createDiffer method
2017-12-24 00:36:55.728  INFO 11280 --- [    Test worker] diff.services.impl.DifferServiceImpl     : Starting defineData method
2017-12-24 00:36:55.728  INFO 11280 --- [    Test worker] diff.services.impl.DifferServiceImpl     : Starting getDiffer method
2017-12-24 00:36:55.732  INFO 11280 --- [    Test worker] diff.services.impl.DifferServiceImpl     : Starting comparing method
2017-12-24 00:36:55.732  INFO 11280 --- [    Test worker] diff.services.impl.DifferServiceImpl     : Starting getDiffer method
2017-12-24 00:36:55.736  INFO 11280 --- [    Test worker] diff.services.impl.DifferServiceImpl     : Starting validateToCompare method
2017-12-24 00:36:55.736  INFO 11280 --- [    Test worker] diff.services.impl.DifferServiceImpl     : Starting validateToCompareRight method
2017-12-24 00:36:55.736  INFO 11280 --- [    Test worker] diff.services.impl.DifferServiceImpl     : Starting validateToCompareLeft method
2017-12-24 00:36:55.736  INFO 11280 --- [    Test worker] diff.services.impl.DifferServiceImpl     : Comparing: DifferObject [id=diff.DifferServiceTests, left=QUFBQUFB, right=QUFBQkJC]
2017-12-24 00:36:55.736  INFO 11280 --- [    Test worker] diff.services.impl.DifferServiceImpl     : Starting checkOffsets method
2017-12-24 00:36:55.760  INFO 11280 --- [    Test worker] diff.services.impl.DifferServiceImpl     : Starting defineData method
2017-12-24 00:36:55.760  INFO 11280 --- [    Test worker] diff.services.impl.DifferServiceImpl     : Starting getDiffer method
2017-12-24 00:36:55.760  INFO 11280 --- [    Test worker] diff.services.impl.DifferServiceImpl     : Starting createDiffer method
2017-12-24 00:36:55.764  INFO 11280 --- [    Test worker] diff.services.impl.DifferServiceImpl     : getAll method started
2017-12-24 00:36:55.772  INFO 11280 --- [    Test worker] diff.services.impl.DifferServiceImpl     : Starting defineData method
2017-12-24 00:36:55.772  INFO 11280 --- [    Test worker] diff.services.impl.DifferServiceImpl     : Starting getDiffer method
2017-12-24 00:36:55.776  INFO 11280 --- [    Test worker] diff.services.impl.DifferServiceImpl     : Starting createDiffer method
2017-12-24 00:36:55.780  INFO 11280 --- [    Test worker] diff.services.impl.DifferServiceImpl     : Starting defineData method
2017-12-24 00:36:55.780  INFO 11280 --- [    Test worker] diff.services.impl.DifferServiceImpl     : Starting getDiffer method
2017-12-24 00:36:55.784  INFO 11280 --- [    Test worker] diff.services.impl.DifferServiceImpl     : Starting comparing method
2017-12-24 00:36:55.784  INFO 11280 --- [    Test worker] diff.services.impl.DifferServiceImpl     : Starting getDiffer method
2017-12-24 00:36:55.784  INFO 11280 --- [    Test worker] diff.services.impl.DifferServiceImpl     : Starting validateToCompare method
2017-12-24 00:36:55.784  INFO 11280 --- [    Test worker] diff.services.impl.DifferServiceImpl     : Starting validateToCompareRight method
2017-12-24 00:36:55.784  INFO 11280 --- [    Test worker] diff.services.impl.DifferServiceImpl     : Starting validateToCompareLeft method
2017-12-24 00:36:55.784  INFO 11280 --- [    Test worker] diff.services.impl.DifferServiceImpl     : Comparing: DifferObject [id=diff.DifferServiceTests, left=QUFCQg==, right=QkJBQQ==]
2017-12-24 00:36:55.784  INFO 11280 --- [    Test worker] diff.services.impl.DifferServiceImpl     : Starting checkOffsets method
2017-12-24 00:36:55.796  INFO 11280 --- [    Test worker] diff.services.impl.DifferServiceImpl     : Starting defineData method
2017-12-24 00:36:55.796  INFO 11280 --- [    Test worker] diff.services.impl.DifferServiceImpl     : Starting getDiffer method
2017-12-24 00:36:55.796  INFO 11280 --- [    Test worker] diff.services.impl.DifferServiceImpl     : Starting createDiffer method
2017-12-24 00:36:55.800  INFO 11280 --- [    Test worker] diff.services.impl.DifferServiceImpl     : Starting comparing method
2017-12-24 00:36:55.800  INFO 11280 --- [    Test worker] diff.services.impl.DifferServiceImpl     : Starting getDiffer method
2017-12-24 00:36:55.800  INFO 11280 --- [    Test worker] diff.services.impl.DifferServiceImpl     : Starting validateToCompare method
2017-12-24 00:36:55.804  INFO 11280 --- [    Test worker] diff.services.impl.DifferServiceImpl     : Starting validateToCompareRight method
2017-12-24 00:36:55.808  INFO 11280 --- [    Test worker] diff.services.impl.DifferServiceImpl     : Starting defineData method
2017-12-24 00:36:55.808  INFO 11280 --- [    Test worker] diff.services.impl.DifferServiceImpl     : Starting getDiffer method
2017-12-24 00:36:55.812  INFO 11280 --- [    Test worker] diff.services.impl.DifferServiceImpl     : Starting createDiffer method
2017-12-24 00:36:55.816  INFO 11280 --- [    Test worker] diff.services.impl.DifferServiceImpl     : Starting defineData method
2017-12-24 00:36:55.816  INFO 11280 --- [    Test worker] diff.services.impl.DifferServiceImpl     : Starting getDiffer method
2017-12-24 00:36:55.820  INFO 11280 --- [    Test worker] diff.services.impl.DifferServiceImpl     : Starting comparing method
2017-12-24 00:36:55.820  INFO 11280 --- [    Test worker] diff.services.impl.DifferServiceImpl     : Starting getDiffer method
2017-12-24 00:36:55.824  INFO 11280 --- [    Test worker] diff.services.impl.DifferServiceImpl     : Starting validateToCompare method
2017-12-24 00:36:55.824  INFO 11280 --- [    Test worker] diff.services.impl.DifferServiceImpl     : Starting validateToCompareRight method
2017-12-24 00:36:55.824  INFO 11280 --- [    Test worker] diff.services.impl.DifferServiceImpl     : Starting validateToCompareLeft method
2017-12-24 00:36:55.824 ERROR 11280 --- [    Test worker] diff.services.impl.DifferServiceImpl     : Error Base64 could not be decoded
2017-12-24 00:36:55.832  INFO 11280 --- [    Test worker] diff.services.impl.DifferServiceImpl     : Starting defineData method
2017-12-24 00:36:55.832  INFO 11280 --- [    Test worker] diff.services.impl.DifferServiceImpl     : Starting getDiffer method
2017-12-24 00:36:55.832  INFO 11280 --- [    Test worker] diff.services.impl.DifferServiceImpl     : Starting createDiffer method
2017-12-24 00:36:55.836  INFO 11280 --- [    Test worker] diff.services.impl.DifferServiceImpl     : Starting defineData method
2017-12-24 00:36:55.836  INFO 11280 --- [    Test worker] diff.services.impl.DifferServiceImpl     : Starting getDiffer method
2017-12-24 00:36:55.840  INFO 11280 --- [    Test worker] diff.services.impl.DifferServiceImpl     : Starting comparing method
2017-12-24 00:36:55.840  INFO 11280 --- [    Test worker] diff.services.impl.DifferServiceImpl     : Starting getDiffer method
2017-12-24 00:36:55.844  INFO 11280 --- [    Test worker] diff.services.impl.DifferServiceImpl     : Starting validateToCompare method
2017-12-24 00:36:55.844  INFO 11280 --- [    Test worker] diff.services.impl.DifferServiceImpl     : Starting validateToCompareRight method
2017-12-24 00:36:55.848  INFO 11280 --- [    Test worker] diff.services.impl.DifferServiceImpl     : Starting validateToCompareLeft method
2017-12-24 00:36:55.848  INFO 11280 --- [    Test worker] diff.services.impl.DifferServiceImpl     : Comparing: DifferObject [id=diff.DifferServiceTests, left=QUFBQUFB, right=QUFBQUFB]
diff.domain.DifferResponse@6093a3e
2017-12-24 00:36:55.856  INFO 11280 --- [    Test worker] diff.services.impl.DifferServiceImpl     : Starting defineData method
2017-12-24 00:36:55.856  INFO 11280 --- [    Test worker] diff.services.impl.DifferServiceImpl     : Starting getDiffer method
2017-12-24 00:36:55.860  INFO 11280 --- [    Test worker] diff.services.impl.DifferServiceImpl     : Starting createDiffer method
2017-12-24 00:36:55.864  INFO 11280 --- [    Test worker] diff.services.impl.DifferServiceImpl     : Starting defineData method
2017-12-24 00:36:55.864  INFO 11280 --- [    Test worker] diff.services.impl.DifferServiceImpl     : Starting getDiffer method
2017-12-24 00:36:55.872  INFO 11280 --- [    Test worker] diff.services.impl.DifferServiceImpl     : Starting comparing method
2017-12-24 00:36:55.872  INFO 11280 --- [    Test worker] diff.services.impl.DifferServiceImpl     : Starting getDiffer method
2017-12-24 00:36:55.872  INFO 11280 --- [    Test worker] diff.services.impl.DifferServiceImpl     : Starting validateToCompare method
2017-12-24 00:36:55.872  INFO 11280 --- [    Test worker] diff.services.impl.DifferServiceImpl     : Starting validateToCompareRight method
2017-12-24 00:36:55.872  INFO 11280 --- [    Test worker] diff.services.impl.DifferServiceImpl     : Starting validateToCompareLeft method
2017-12-24 00:36:55.872  INFO 11280 --- [    Test worker] diff.services.impl.DifferServiceImpl     : Comparing: DifferObject [id=diff.DifferServiceTests, left=QkFBQg==, right=QUFBQQ==]
2017-12-24 00:36:55.872  INFO 11280 --- [    Test worker] diff.services.impl.DifferServiceImpl     : Starting checkOffsets method
2017-12-24 00:36:55.876  INFO 11280 --- [    Test worker] diff.services.impl.DifferServiceImpl     : Starting defineData method
2017-12-24 00:36:55.880  INFO 11280 --- [    Test worker] diff.services.impl.DifferServiceImpl     : Starting getDiffer method
2017-12-24 00:36:55.880  INFO 11280 --- [    Test worker] diff.services.impl.DifferServiceImpl     : Starting createDiffer method
2017-12-24 00:36:55.884  INFO 11280 --- [    Test worker] diff.services.impl.DifferServiceImpl     : Starting defineData method
2017-12-24 00:36:55.884  INFO 11280 --- [    Test worker] diff.services.impl.DifferServiceImpl     : Starting getDiffer method
2017-12-24 00:36:55.888  INFO 11280 --- [    Test worker] diff.services.impl.DifferServiceImpl     : Starting comparing method
2017-12-24 00:36:55.888  INFO 11280 --- [    Test worker] diff.services.impl.DifferServiceImpl     : Starting getDiffer method
2017-12-24 00:36:55.888  INFO 11280 --- [    Test worker] diff.services.impl.DifferServiceImpl     : Starting validateToCompare method
2017-12-24 00:36:55.888  INFO 11280 --- [    Test worker] diff.services.impl.DifferServiceImpl     : Starting validateToCompareRight method
2017-12-24 00:36:55.888  INFO 11280 --- [    Test worker] diff.services.impl.DifferServiceImpl     : Starting validateToCompareLeft method
2017-12-24 00:36:55.888  INFO 11280 --- [    Test worker] diff.services.impl.DifferServiceImpl     : Comparing: DifferObject [id=diff.DifferServiceTests, left=QkFBQg==, right=QkJCQg==]
2017-12-24 00:36:55.888  INFO 11280 --- [    Test worker] diff.services.impl.DifferServiceImpl     : Starting checkOffsets method
2017-12-24 00:36:55.896  INFO 11280 --- [    Test worker] diff.services.impl.DifferServiceImpl     : Starting defineData method
2017-12-24 00:36:55.896  INFO 11280 --- [    Test worker] diff.services.impl.DifferServiceImpl     : Starting getDiffer method
2017-12-24 00:36:55.900  INFO 11280 --- [    Test worker] diff.services.impl.DifferServiceImpl     : Starting createDiffer method
2017-12-24 00:36:55.900  INFO 11280 --- [    Test worker] diff.services.impl.DifferServiceImpl     : Starting comparing method
2017-12-24 00:36:55.904  INFO 11280 --- [    Test worker] diff.services.impl.DifferServiceImpl     : Starting getDiffer method
2017-12-24 00:36:55.904  INFO 11280 --- [    Test worker] diff.services.impl.DifferServiceImpl     : Starting validateToCompare method
2017-12-24 00:36:55.904  INFO 11280 --- [    Test worker] diff.services.impl.DifferServiceImpl     : Starting validateToCompareRight method
2017-12-24 00:36:55.904  INFO 11280 --- [    Test worker] diff.services.impl.DifferServiceImpl     : Starting validateToCompareLeft method
2017-12-24 00:36:55.912  INFO 11280 --- [    Test worker] diff.services.impl.DifferServiceImpl     : Starting comparing method
2017-12-24 00:36:55.912  INFO 11280 --- [    Test worker] diff.services.impl.DifferServiceImpl     : Starting getDiffer method
2017-12-24 00:36:55.920  INFO 11280 --- [    Test worker] diff.services.impl.DifferServiceImpl     : Starting defineData method
2017-12-24 00:36:55.920  INFO 11280 --- [    Test worker] diff.services.impl.DifferServiceImpl     : Starting getDiffer method
2017-12-24 00:36:55.920  INFO 11280 --- [    Test worker] diff.services.impl.DifferServiceImpl     : Starting createDiffer method
2017-12-24 00:36:55.924  INFO 11280 --- [    Test worker] diff.services.impl.DifferServiceImpl     : Starting defineData method
2017-12-24 00:36:55.924  INFO 11280 --- [    Test worker] diff.services.impl.DifferServiceImpl     : Starting getDiffer method
2017-12-24 00:36:55.928  INFO 11280 --- [    Test worker] diff.services.impl.DifferServiceImpl     : Starting comparing method
2017-12-24 00:36:55.928  INFO 11280 --- [    Test worker] diff.services.impl.DifferServiceImpl     : Starting getDiffer method
2017-12-24 00:36:55.928  INFO 11280 --- [    Test worker] diff.services.impl.DifferServiceImpl     : Starting validateToCompare method
2017-12-24 00:36:55.928  INFO 11280 --- [    Test worker] diff.services.impl.DifferServiceImpl     : Starting validateToCompareRight method
2017-12-24 00:36:55.928  INFO 11280 --- [    Test worker] diff.services.impl.DifferServiceImpl     : Starting validateToCompareLeft method
2017-12-24 00:36:55.928  INFO 11280 --- [    Test worker] diff.services.impl.DifferServiceImpl     : Comparing: DifferObject [id=diff.DifferServiceTests, left=QUJCQg==, right=QUFBQQ==]
2017-12-24 00:36:55.928  INFO 11280 --- [    Test worker] diff.services.impl.DifferServiceImpl     : Starting checkOffsets method
]]></system-out>
  <system-err><![CDATA[]]></system-err>
</testsuite>
