<?xml version="1.0" encoding="UTF-8"?>
<testsuite name="diff.DifferRepositoryTests" tests="2" skipped="0" failures="0" errors="0" timestamp="2017-12-24T00:09:42" hostname="CPX-DH5WBKGGJUF" time="0.046">
  <properties/>
  <testcase name="findById" classname="diff.DifferRepositoryTests" time="0.03"/>
  <testcase name="notFindById" classname="diff.DifferRepositoryTests" time="0.015"/>
  <system-out><![CDATA[2017-12-23 22:09:39.726  INFO 13156 --- [    Test worker] .b.t.c.SpringBootTestContextBootstrapper : Neither @ContextConfiguration nor @ContextHierarchy found for test class [diff.DifferRepositoryTests], using SpringBootContextLoader
2017-12-23 22:09:39.727  INFO 13156 --- [    Test worker] o.s.t.c.support.AbstractContextLoader    : Could not detect default resource locations for test class [diff.DifferRepositoryTests]: no resource found for suffixes {-context.xml, Context.groovy}.
2017-12-23 22:09:39.727  INFO 13156 --- [    Test worker] t.c.s.AnnotationConfigContextLoaderUtils : Could not detect default configuration classes for test class [diff.DifferRepositoryTests]: DifferRepositoryTests does not declare any static, non-private, non-final, nested classes annotated with @Configuration.
2017-12-23 22:09:39.731  INFO 13156 --- [    Test worker] .b.t.c.SpringBootTestContextBootstrapper : Found @SpringBootConfiguration diff.Application for test class diff.DifferRepositoryTests
2017-12-23 22:09:39.737  INFO 13156 --- [    Test worker] .b.t.c.SpringBootTestContextBootstrapper : Loaded default TestExecutionListener class names from location [META-INF/spring.factories]: [org.springframework.boot.test.mock.mockito.MockitoTestExecutionListener, org.springframework.boot.test.mock.mockito.ResetMocksTestExecutionListener, org.springframework.boot.test.autoconfigure.restdocs.RestDocsTestExecutionListener, org.springframework.boot.test.autoconfigure.web.client.MockRestServiceServerResetTestExecutionListener, org.springframework.boot.test.autoconfigure.web.servlet.MockMvcPrintOnlyOnFailureTestExecutionListener, org.springframework.boot.test.autoconfigure.web.servlet.WebDriverTestExecutionListener, org.springframework.test.context.web.ServletTestExecutionListener, org.springframework.test.context.support.DirtiesContextBeforeModesTestExecutionListener, org.springframework.test.context.support.DependencyInjectionTestExecutionListener, org.springframework.test.context.support.DirtiesContextTestExecutionListener, org.springframework.test.context.transaction.TransactionalTestExecutionListener, org.springframework.test.context.jdbc.SqlScriptsTestExecutionListener]
2017-12-23 22:09:39.741  INFO 13156 --- [    Test worker] .b.t.c.SpringBootTestContextBootstrapper : Using TestExecutionListeners: [org.springframework.test.context.web.ServletTestExecutionListener@3535bff3, org.springframework.test.context.support.DirtiesContextBeforeModesTestExecutionListener@13ef61f0, org.springframework.boot.test.autoconfigure.SpringBootDependencyInjectionTestExecutionListener@71d132e9, org.springframework.test.context.support.DirtiesContextTestExecutionListener@4cc83125, org.springframework.test.context.transaction.TransactionalTestExecutionListener@549ac568, org.springframework.test.context.jdbc.SqlScriptsTestExecutionListener@3c92ceea, org.springframework.boot.test.mock.mockito.ResetMocksTestExecutionListener@44ace5eb, org.springframework.boot.test.mock.mockito.MockitoTestExecutionListener@4960a542, org.springframework.boot.test.autoconfigure.web.servlet.MockMvcPrintOnlyOnFailureTestExecutionListener@4b539883, org.springframework.boot.test.autoconfigure.restdocs.RestDocsTestExecutionListener@619cfa9d, org.springframework.boot.test.autoconfigure.web.client.MockRestServiceServerResetTestExecutionListener@42bcd8f8, org.springframework.boot.test.autoconfigure.web.servlet.WebDriverTestExecutionListener@eba2f58]

  .   ____          _            __ _ _
 /\\ / ___'_ __ _ _(_)_ __  __ _ \ \ \ \
( ( )\___ | '_ | '_| | '_ \/ _` | \ \ \ \
 \\/  ___)| |_)| | | | | || (_| |  ) ) ) )
  '  |____| .__|_| |_|_| |_\__, | / / / /
 =========|_|==============|___/=/_/_/_/
 :: Spring Boot ::        (v1.5.9.RELEASE)

2017-12-23 22:09:39.862  INFO 13156 --- [    Test worker] diff.DifferRepositoryTests               : Starting DifferRepositoryTests on CPX-DH5WBKGGJUF with PID 13156 (started by paulo.almeida.junior in C:\Users\paulo.almeida.junior\Documents\workspace-sts-3.9.1.RELEASE\diff-exam)
2017-12-23 22:09:39.863  INFO 13156 --- [    Test worker] diff.DifferRepositoryTests               : No active profile set, falling back to default profiles: default
2017-12-23 22:09:39.867  INFO 13156 --- [    Test worker] o.s.w.c.s.GenericWebApplicationContext   : Refreshing org.springframework.web.context.support.GenericWebApplicationContext@7734e67: startup date [Sat Dec 23 22:09:39 BRST 2017]; root of context hierarchy
2017-12-23 22:09:40.624  INFO 13156 --- [    Test worker] trationDelegate$BeanPostProcessorChecker : Bean 'org.springframework.transaction.annotation.ProxyTransactionManagementConfiguration' of type [org.springframework.transaction.annotation.ProxyTransactionManagementConfiguration$$EnhancerBySpringCGLIB$$7177eb07] is not eligible for getting processed by all BeanPostProcessors (for example: not eligible for auto-proxying)
2017-12-23 22:09:40.874  INFO 13156 --- [    Test worker] j.LocalContainerEntityManagerFactoryBean : Building JPA container EntityManagerFactory for persistence unit 'default'
2017-12-23 22:09:40.874  INFO 13156 --- [    Test worker] o.hibernate.jpa.internal.util.LogHelper  : HHH000204: Processing PersistenceUnitInfo [
	name: default
	...]
2017-12-23 22:09:40.881  INFO 13156 --- [    Test worker] org.hibernate.dialect.Dialect            : HHH000400: Using dialect: org.hibernate.dialect.H2Dialect
2017-12-23 22:09:40.906  INFO 13156 --- [    Test worker] org.hibernate.tool.hbm2ddl.SchemaUpdate  : HHH000228: Running hbm2ddl schema update
2017-12-23 22:09:40.914  WARN 13156 --- [    Test worker] o.h.j.i.EntityManagerFactoryRegistry     : HHH000436: Entity manager factory name (default) is already registered.  If entity manager will be clustered or passivated, specify a unique value for property 'hibernate.ejb.entitymanager_factory_name'
2017-12-23 22:09:40.914  INFO 13156 --- [    Test worker] j.LocalContainerEntityManagerFactoryBean : Initialized JPA EntityManagerFactory for persistence unit 'default'
2017-12-23 22:09:41.294  INFO 13156 --- [    Test worker] s.w.s.m.m.a.RequestMappingHandlerMapping : Mapped "{[/v1/diff/{id}],methods=[GET]}" onto public org.springframework.http.ResponseEntity<diff.domain.DifferResponse> diff.controller.DifferController.compare(java.lang.String) throws java.lang.Exception
2017-12-23 22:09:41.295  INFO 13156 --- [    Test worker] s.w.s.m.m.a.RequestMappingHandlerMapping : Mapped "{[/v1/diff/{id}/{side}],methods=[POST],consumes=[application/json]}" onto public org.springframework.http.ResponseEntity<diff.domain.DifferObject> diff.controller.DifferController.defineData(java.lang.String,java.lang.String,diff.domain.DifferBean)
2017-12-23 22:09:41.295  INFO 13156 --- [    Test worker] s.w.s.m.m.a.RequestMappingHandlerMapping : Mapped "{[/v1/diff/retrieveAll],methods=[GET]}" onto public java.util.List<diff.domain.DifferObject> diff.controller.DifferController.retrieveAll()
2017-12-23 22:09:41.297  INFO 13156 --- [    Test worker] s.w.s.m.m.a.RequestMappingHandlerMapping : Mapped "{[/swagger-resources]}" onto public org.springframework.http.ResponseEntity<java.util.List<springfox.documentation.swagger.web.SwaggerResource>> springfox.documentation.swagger.web.ApiResourceController.swaggerResources()
2017-12-23 22:09:41.297  INFO 13156 --- [    Test worker] s.w.s.m.m.a.RequestMappingHandlerMapping : Mapped "{[/swagger-resources/configuration/ui]}" onto public org.springframework.http.ResponseEntity<springfox.documentation.swagger.web.UiConfiguration> springfox.documentation.swagger.web.ApiResourceController.uiConfiguration()
2017-12-23 22:09:41.298  INFO 13156 --- [    Test worker] s.w.s.m.m.a.RequestMappingHandlerMapping : Mapped "{[/swagger-resources/configuration/security]}" onto public org.springframework.http.ResponseEntity<springfox.documentation.swagger.web.SecurityConfiguration> springfox.documentation.swagger.web.ApiResourceController.securityConfiguration()
2017-12-23 22:09:41.427  INFO 13156 --- [    Test worker] pertySourcedRequestMappingHandlerMapping : Mapped URL path [/v2/api-docs] onto method [public org.springframework.http.ResponseEntity<springfox.documentation.spring.web.json.Json> springfox.documentation.swagger2.web.Swagger2Controller.getDocumentation(java.lang.String,javax.servlet.http.HttpServletRequest)]
2017-12-23 22:09:41.624  INFO 13156 --- [    Test worker] s.w.s.m.m.a.RequestMappingHandlerAdapter : Looking for @ControllerAdvice: org.springframework.web.context.support.GenericWebApplicationContext@7734e67: startup date [Sat Dec 23 22:09:39 BRST 2017]; root of context hierarchy
2017-12-23 22:09:41.658  INFO 13156 --- [    Test worker] o.s.w.s.handler.SimpleUrlHandlerMapping  : Mapped URL path [/webjars/**] onto handler of type [class org.springframework.web.servlet.resource.ResourceHttpRequestHandler]
2017-12-23 22:09:41.658  INFO 13156 --- [    Test worker] o.s.w.s.handler.SimpleUrlHandlerMapping  : Mapped URL path [/**] onto handler of type [class org.springframework.web.servlet.resource.ResourceHttpRequestHandler]
2017-12-23 22:09:41.697  INFO 13156 --- [    Test worker] o.s.w.s.handler.SimpleUrlHandlerMapping  : Mapped URL path [/**/favicon.ico] onto handler of type [class org.springframework.web.servlet.resource.ResourceHttpRequestHandler]
2017-12-23 22:09:41.955  INFO 13156 --- [    Test worker] o.s.c.support.DefaultLifecycleProcessor  : Starting beans in phase 2147483647
2017-12-23 22:09:41.955  INFO 13156 --- [    Test worker] d.s.w.p.DocumentationPluginsBootstrapper : Context refreshed
2017-12-23 22:09:41.957  INFO 13156 --- [    Test worker] d.s.w.p.DocumentationPluginsBootstrapper : Found 1 custom documentation plugin(s)
2017-12-23 22:09:41.964  INFO 13156 --- [    Test worker] s.d.s.w.s.ApiListingReferenceScanner     : Scanning for api listing references
2017-12-23 22:09:42.005  INFO 13156 --- [    Test worker] diff.DifferRepositoryTests               : Started DifferRepositoryTests in 2.256 seconds (JVM running for 12.06)
2017-12-23 22:09:42.019  INFO 13156 --- [    Test worker] o.h.h.i.QueryTranslatorFactoryInitiator  : HHH000397: Using ASTQueryTranslatorFactory
]]></system-out>
  <system-err><![CDATA[]]></system-err>
</testsuite>
