<?xml version="1.0" encoding="UTF-8"?>
<testsuite name="diff.tests.repositories.DifferRepositoryTests" tests="2" skipped="0" failures="0" errors="0" timestamp="2017-12-24T04:03:21" hostname="CPX-DH5WBKGGJUF" time="0.032">
  <properties/>
  <testcase name="findById" classname="diff.tests.repositories.DifferRepositoryTests" time="0.024"/>
  <testcase name="notFindById" classname="diff.tests.repositories.DifferRepositoryTests" time="0.008"/>
  <system-out><![CDATA[2017-12-24 02:03:18.543  INFO 17072 --- [    Test worker] .b.t.c.SpringBootTestContextBootstrapper : Neither @ContextConfiguration nor @ContextHierarchy found for test class [diff.tests.repositories.DifferRepositoryTests], using SpringBootContextLoader
2017-12-24 02:03:18.543  INFO 17072 --- [    Test worker] o.s.t.c.support.AbstractContextLoader    : Could not detect default resource locations for test class [diff.tests.repositories.DifferRepositoryTests]: no resource found for suffixes {-context.xml, Context.groovy}.
2017-12-24 02:03:18.543  INFO 17072 --- [    Test worker] t.c.s.AnnotationConfigContextLoaderUtils : Could not detect default configuration classes for test class [diff.tests.repositories.DifferRepositoryTests]: DifferRepositoryTests does not declare any static, non-private, non-final, nested classes annotated with @Configuration.
2017-12-24 02:03:18.555  INFO 17072 --- [    Test worker] .b.t.c.SpringBootTestContextBootstrapper : Found @SpringBootConfiguration diff.Application for test class diff.tests.repositories.DifferRepositoryTests
2017-12-24 02:03:18.559  INFO 17072 --- [    Test worker] .b.t.c.SpringBootTestContextBootstrapper : Loaded default TestExecutionListener class names from location [META-INF/spring.factories]: [org.springframework.boot.test.mock.mockito.MockitoTestExecutionListener, org.springframework.boot.test.mock.mockito.ResetMocksTestExecutionListener, org.springframework.boot.test.autoconfigure.restdocs.RestDocsTestExecutionListener, org.springframework.boot.test.autoconfigure.web.client.MockRestServiceServerResetTestExecutionListener, org.springframework.boot.test.autoconfigure.web.servlet.MockMvcPrintOnlyOnFailureTestExecutionListener, org.springframework.boot.test.autoconfigure.web.servlet.WebDriverTestExecutionListener, org.springframework.test.context.web.ServletTestExecutionListener, org.springframework.test.context.support.DirtiesContextBeforeModesTestExecutionListener, org.springframework.test.context.support.DependencyInjectionTestExecutionListener, org.springframework.test.context.support.DirtiesContextTestExecutionListener, org.springframework.test.context.transaction.TransactionalTestExecutionListener, org.springframework.test.context.jdbc.SqlScriptsTestExecutionListener]
2017-12-24 02:03:18.563  INFO 17072 --- [    Test worker] .b.t.c.SpringBootTestContextBootstrapper : Using TestExecutionListeners: [org.springframework.test.context.web.ServletTestExecutionListener@51f825c2, org.springframework.test.context.support.DirtiesContextBeforeModesTestExecutionListener@4fbcfd46, org.springframework.boot.test.autoconfigure.SpringBootDependencyInjectionTestExecutionListener@5adc282e, org.springframework.test.context.support.DirtiesContextTestExecutionListener@60107665, org.springframework.test.context.transaction.TransactionalTestExecutionListener@70d68990, org.springframework.test.context.jdbc.SqlScriptsTestExecutionListener@58a80c01, org.springframework.boot.test.autoconfigure.web.client.MockRestServiceServerResetTestExecutionListener@638ed262, org.springframework.boot.test.mock.mockito.ResetMocksTestExecutionListener@4e2328, org.springframework.boot.test.autoconfigure.web.servlet.WebDriverTestExecutionListener@4490b0b8, org.springframework.boot.test.mock.mockito.MockitoTestExecutionListener@5cc0742f, org.springframework.boot.test.autoconfigure.web.servlet.MockMvcPrintOnlyOnFailureTestExecutionListener@49c8b017, org.springframework.boot.test.autoconfigure.restdocs.RestDocsTestExecutionListener@38ee9d65]

  .   ____          _            __ _ _
 /\\ / ___'_ __ _ _(_)_ __  __ _ \ \ \ \
( ( )\___ | '_ | '_| | '_ \/ _` | \ \ \ \
 \\/  ___)| |_)| | | | | || (_| |  ) ) ) )
  '  |____| .__|_| |_|_| |_\__, | / / / /
 =========|_|==============|___/=/_/_/_/
 :: Spring Boot ::        (v1.5.9.RELEASE)

2017-12-24 02:03:18.663  INFO 17072 --- [    Test worker] d.t.repositories.DifferRepositoryTests   : Starting DifferRepositoryTests on CPX-DH5WBKGGJUF with PID 17072 (started by paulo.almeida.junior in C:\Users\paulo.almeida.junior\Documents\workspace-sts-3.9.1.RELEASE\diff-exam)
2017-12-24 02:03:18.663  INFO 17072 --- [    Test worker] d.t.repositories.DifferRepositoryTests   : No active profile set, falling back to default profiles: default
2017-12-24 02:03:18.667  INFO 17072 --- [    Test worker] o.s.w.c.s.GenericWebApplicationContext   : Refreshing org.springframework.web.context.support.GenericWebApplicationContext@6b0d08f8: startup date [Sun Dec 24 02:03:18 BRST 2017]; root of context hierarchy
2017-12-24 02:03:19.486  INFO 17072 --- [    Test worker] trationDelegate$BeanPostProcessorChecker : Bean 'org.springframework.transaction.annotation.ProxyTransactionManagementConfiguration' of type [org.springframework.transaction.annotation.ProxyTransactionManagementConfiguration$$EnhancerBySpringCGLIB$$891656f7] is not eligible for getting processed by all BeanPostProcessors (for example: not eligible for auto-proxying)
2017-12-24 02:03:19.798  INFO 17072 --- [    Test worker] j.LocalContainerEntityManagerFactoryBean : Building JPA container EntityManagerFactory for persistence unit 'default'
2017-12-24 02:03:19.802  INFO 17072 --- [    Test worker] o.hibernate.jpa.internal.util.LogHelper  : HHH000204: Processing PersistenceUnitInfo [
	name: default
	...]
2017-12-24 02:03:19.814  INFO 17072 --- [    Test worker] org.hibernate.dialect.Dialect            : HHH000400: Using dialect: org.hibernate.dialect.H2Dialect
2017-12-24 02:03:19.838  INFO 17072 --- [    Test worker] org.hibernate.tool.hbm2ddl.SchemaUpdate  : HHH000228: Running hbm2ddl schema update
2017-12-24 02:03:19.846  WARN 17072 --- [    Test worker] o.h.j.i.EntityManagerFactoryRegistry     : HHH000436: Entity manager factory name (default) is already registered.  If entity manager will be clustered or passivated, specify a unique value for property 'hibernate.ejb.entitymanager_factory_name'
2017-12-24 02:03:19.846  INFO 17072 --- [    Test worker] j.LocalContainerEntityManagerFactoryBean : Initialized JPA EntityManagerFactory for persistence unit 'default'
2017-12-24 02:03:20.338  INFO 17072 --- [    Test worker] s.w.s.m.m.a.RequestMappingHandlerMapping : Mapped "{[/v1/diff/{id}],methods=[GET]}" onto public org.springframework.http.ResponseEntity<diff.domain.DifferResponse> diff.controllers.DifferController.compare(java.lang.String) throws java.lang.Exception
2017-12-24 02:03:20.342  INFO 17072 --- [    Test worker] s.w.s.m.m.a.RequestMappingHandlerMapping : Mapped "{[/v1/diff/retrieveAll],methods=[GET]}" onto public java.util.List<diff.domain.DifferObject> diff.controllers.DifferController.retrieveAll()
2017-12-24 02:03:20.342  INFO 17072 --- [    Test worker] s.w.s.m.m.a.RequestMappingHandlerMapping : Mapped "{[/v1/diff/{id}/{side}],methods=[POST],consumes=[application/json]}" onto public org.springframework.http.ResponseEntity<diff.domain.DifferObject> diff.controllers.DifferController.defineData(java.lang.String,java.lang.String,diff.domain.DifferBean)
2017-12-24 02:03:20.342  INFO 17072 --- [    Test worker] s.w.s.m.m.a.RequestMappingHandlerMapping : Mapped "{[/swagger-resources]}" onto public org.springframework.http.ResponseEntity<java.util.List<springfox.documentation.swagger.web.SwaggerResource>> springfox.documentation.swagger.web.ApiResourceController.swaggerResources()
2017-12-24 02:03:20.342  INFO 17072 --- [    Test worker] s.w.s.m.m.a.RequestMappingHandlerMapping : Mapped "{[/swagger-resources/configuration/ui]}" onto public org.springframework.http.ResponseEntity<springfox.documentation.swagger.web.UiConfiguration> springfox.documentation.swagger.web.ApiResourceController.uiConfiguration()
2017-12-24 02:03:20.342  INFO 17072 --- [    Test worker] s.w.s.m.m.a.RequestMappingHandlerMapping : Mapped "{[/swagger-resources/configuration/security]}" onto public org.springframework.http.ResponseEntity<springfox.documentation.swagger.web.SecurityConfiguration> springfox.documentation.swagger.web.ApiResourceController.securityConfiguration()
2017-12-24 02:03:20.494  INFO 17072 --- [    Test worker] pertySourcedRequestMappingHandlerMapping : Mapped URL path [/v2/api-docs] onto method [public org.springframework.http.ResponseEntity<springfox.documentation.spring.web.json.Json> springfox.documentation.swagger2.web.Swagger2Controller.getDocumentation(java.lang.String,javax.servlet.http.HttpServletRequest)]
2017-12-24 02:03:20.746  INFO 17072 --- [    Test worker] s.w.s.m.m.a.RequestMappingHandlerAdapter : Looking for @ControllerAdvice: org.springframework.web.context.support.GenericWebApplicationContext@6b0d08f8: startup date [Sun Dec 24 02:03:18 BRST 2017]; root of context hierarchy
2017-12-24 02:03:20.786  INFO 17072 --- [    Test worker] o.s.w.s.handler.SimpleUrlHandlerMapping  : Mapped URL path [/webjars/**] onto handler of type [class org.springframework.web.servlet.resource.ResourceHttpRequestHandler]
2017-12-24 02:03:20.786  INFO 17072 --- [    Test worker] o.s.w.s.handler.SimpleUrlHandlerMapping  : Mapped URL path [/**] onto handler of type [class org.springframework.web.servlet.resource.ResourceHttpRequestHandler]
2017-12-24 02:03:20.834  INFO 17072 --- [    Test worker] o.s.w.s.handler.SimpleUrlHandlerMapping  : Mapped URL path [/**/favicon.ico] onto handler of type [class org.springframework.web.servlet.resource.ResourceHttpRequestHandler]
2017-12-24 02:03:21.114  INFO 17072 --- [    Test worker] o.s.c.support.DefaultLifecycleProcessor  : Starting beans in phase 2147483647
2017-12-24 02:03:21.114  INFO 17072 --- [    Test worker] d.s.w.p.DocumentationPluginsBootstrapper : Context refreshed
2017-12-24 02:03:21.114  INFO 17072 --- [    Test worker] d.s.w.p.DocumentationPluginsBootstrapper : Found 1 custom documentation plugin(s)
2017-12-24 02:03:21.118  INFO 17072 --- [    Test worker] s.d.s.w.s.ApiListingReferenceScanner     : Scanning for api listing references
2017-12-24 02:03:21.170  INFO 17072 --- [    Test worker] d.t.repositories.DifferRepositoryTests   : Started DifferRepositoryTests in 2.599 seconds (JVM running for 23.268)
2017-12-24 02:03:21.186  INFO 17072 --- [    Test worker] o.h.h.i.QueryTranslatorFactoryInitiator  : HHH000397: Using ASTQueryTranslatorFactory
]]></system-out>
  <system-err><![CDATA[]]></system-err>
</testsuite>
