<?xml version="1.0" encoding="UTF-8"?>
<testsuite name="diff.DifferServiceTests" tests="12" skipped="0" failures="0" errors="0" timestamp="2017-12-24T00:09:42" hostname="CPX-DH5WBKGGJUF" time="0.296">
  <properties/>
  <testcase name="notSameSize" classname="diff.DifferServiceTests" time="0.088"/>
  <testcase name="sameSizeNotEquals" classname="diff.DifferServiceTests" time="0.03"/>
  <testcase name="retriveAll" classname="diff.DifferServiceTests" time="0.022"/>
  <testcase name="reverseDifference" classname="diff.DifferServiceTests" time="0.017"/>
  <testcase name="missingRight" classname="diff.DifferServiceTests" time="0.016"/>
  <testcase name="Base64Decode" classname="diff.DifferServiceTests" time="0.022"/>
  <testcase name="sameSizeAndEqual" classname="diff.DifferServiceTests" time="0.017"/>
  <testcase name="firstAndLastDifferences" classname="diff.DifferServiceTests" time="0.02"/>
  <testcase name="middleDifference" classname="diff.DifferServiceTests" time="0.014"/>
  <testcase name="missingLeft" classname="diff.DifferServiceTests" time="0.017"/>
  <testcase name="notFound" classname="diff.DifferServiceTests" time="0.008"/>
  <testcase name="sufixDifference" classname="diff.DifferServiceTests" time="0.018"/>
  <system-out><![CDATA[2017-12-23 22:09:42.057  INFO 13156 --- [    Test worker] .b.t.c.SpringBootTestContextBootstrapper : Neither @ContextConfiguration nor @ContextHierarchy found for test class [diff.DifferServiceTests], using SpringBootContextLoader
2017-12-23 22:09:42.058  INFO 13156 --- [    Test worker] o.s.t.c.support.AbstractContextLoader    : Could not detect default resource locations for test class [diff.DifferServiceTests]: no resource found for suffixes {-context.xml, Context.groovy}.
2017-12-23 22:09:42.058  INFO 13156 --- [    Test worker] t.c.s.AnnotationConfigContextLoaderUtils : Could not detect default configuration classes for test class [diff.DifferServiceTests]: DifferServiceTests does not declare any static, non-private, non-final, nested classes annotated with @Configuration.
2017-12-23 22:09:42.062  INFO 13156 --- [    Test worker] .b.t.c.SpringBootTestContextBootstrapper : Found @SpringBootConfiguration diff.Application for test class diff.DifferServiceTests
2017-12-23 22:09:42.066  INFO 13156 --- [    Test worker] .b.t.c.SpringBootTestContextBootstrapper : Loaded default TestExecutionListener class names from location [META-INF/spring.factories]: [org.springframework.boot.test.mock.mockito.MockitoTestExecutionListener, org.springframework.boot.test.mock.mockito.ResetMocksTestExecutionListener, org.springframework.boot.test.autoconfigure.restdocs.RestDocsTestExecutionListener, org.springframework.boot.test.autoconfigure.web.client.MockRestServiceServerResetTestExecutionListener, org.springframework.boot.test.autoconfigure.web.servlet.MockMvcPrintOnlyOnFailureTestExecutionListener, org.springframework.boot.test.autoconfigure.web.servlet.WebDriverTestExecutionListener, org.springframework.test.context.web.ServletTestExecutionListener, org.springframework.test.context.support.DirtiesContextBeforeModesTestExecutionListener, org.springframework.test.context.support.DependencyInjectionTestExecutionListener, org.springframework.test.context.support.DirtiesContextTestExecutionListener, org.springframework.test.context.transaction.TransactionalTestExecutionListener, org.springframework.test.context.jdbc.SqlScriptsTestExecutionListener]
2017-12-23 22:09:42.069  INFO 13156 --- [    Test worker] .b.t.c.SpringBootTestContextBootstrapper : Using TestExecutionListeners: [org.springframework.test.context.web.ServletTestExecutionListener@4628be59, org.springframework.test.context.support.DirtiesContextBeforeModesTestExecutionListener@52d2345, org.springframework.boot.test.autoconfigure.SpringBootDependencyInjectionTestExecutionListener@3811b988, org.springframework.test.context.support.DirtiesContextTestExecutionListener@5ce1670a, org.springframework.test.context.transaction.TransactionalTestExecutionListener@5f38d0b9, org.springframework.test.context.jdbc.SqlScriptsTestExecutionListener@3363f710, org.springframework.boot.test.mock.mockito.ResetMocksTestExecutionListener@68bc50d, org.springframework.boot.test.mock.mockito.MockitoTestExecutionListener@51853be1, org.springframework.boot.test.autoconfigure.web.servlet.MockMvcPrintOnlyOnFailureTestExecutionListener@48219470, org.springframework.boot.test.autoconfigure.restdocs.RestDocsTestExecutionListener@64563113, org.springframework.boot.test.autoconfigure.web.client.MockRestServiceServerResetTestExecutionListener@3c2d2339, org.springframework.boot.test.autoconfigure.web.servlet.WebDriverTestExecutionListener@440f4d6e]
2017-12-23 22:09:42.074  INFO 13156 --- [    Test worker] diff.services.impl.DifferServiceImpl     : Starting defineData method
2017-12-23 22:09:42.075  INFO 13156 --- [    Test worker] diff.services.impl.DifferServiceImpl     : Starting getDiffer method
2017-12-23 22:09:42.077  INFO 13156 --- [    Test worker] diff.services.impl.DifferServiceImpl     : Starting createDiffer method
2017-12-23 22:09:42.081  INFO 13156 --- [    Test worker] diff.services.impl.DifferServiceImpl     : Starting defineData method
2017-12-23 22:09:42.082  INFO 13156 --- [    Test worker] diff.services.impl.DifferServiceImpl     : Starting getDiffer method
2017-12-23 22:09:42.086  INFO 13156 --- [    Test worker] diff.services.impl.DifferServiceImpl     : Starting comparing method
2017-12-23 22:09:42.087  INFO 13156 --- [    Test worker] diff.services.impl.DifferServiceImpl     : Starting getDiffer method
2017-12-23 22:09:42.089  INFO 13156 --- [    Test worker] diff.services.impl.DifferServiceImpl     : Starting validateToCompare method
2017-12-23 22:09:42.089  INFO 13156 --- [    Test worker] diff.services.impl.DifferServiceImpl     : Starting validateToCompareRight method
2017-12-23 22:09:42.089  INFO 13156 --- [    Test worker] diff.services.impl.DifferServiceImpl     : Starting validateToCompareLeft method
2017-12-23 22:09:42.089  INFO 13156 --- [    Test worker] diff.services.impl.DifferServiceImpl     : Comparing: DifferObject [id=diff.DifferServiceTests, left=QkFBQg==, right=QUFBQkJC]
diff.domain.DifferResponse@43f6db0b
2017-12-23 22:09:42.164  INFO 13156 --- [    Test worker] diff.services.impl.DifferServiceImpl     : Starting defineData method
2017-12-23 22:09:42.164  INFO 13156 --- [    Test worker] diff.services.impl.DifferServiceImpl     : Starting getDiffer method
2017-12-23 22:09:42.166  INFO 13156 --- [    Test worker] diff.services.impl.DifferServiceImpl     : Starting createDiffer method
2017-12-23 22:09:42.171  INFO 13156 --- [    Test worker] diff.services.impl.DifferServiceImpl     : Starting defineData method
2017-12-23 22:09:42.172  INFO 13156 --- [    Test worker] diff.services.impl.DifferServiceImpl     : Starting getDiffer method
2017-12-23 22:09:42.175  INFO 13156 --- [    Test worker] diff.services.impl.DifferServiceImpl     : Starting comparing method
2017-12-23 22:09:42.175  INFO 13156 --- [    Test worker] diff.services.impl.DifferServiceImpl     : Starting getDiffer method
2017-12-23 22:09:42.177  INFO 13156 --- [    Test worker] diff.services.impl.DifferServiceImpl     : Starting validateToCompare method
2017-12-23 22:09:42.177  INFO 13156 --- [    Test worker] diff.services.impl.DifferServiceImpl     : Starting validateToCompareRight method
2017-12-23 22:09:42.177  INFO 13156 --- [    Test worker] diff.services.impl.DifferServiceImpl     : Starting validateToCompareLeft method
2017-12-23 22:09:42.177  INFO 13156 --- [    Test worker] diff.services.impl.DifferServiceImpl     : Comparing: DifferObject [id=diff.DifferServiceTests, left=QUFBQUFB, right=QUFBQkJC]
2017-12-23 22:09:42.177  INFO 13156 --- [    Test worker] diff.services.impl.DifferServiceImpl     : Starting checkOffsets method
2017-12-23 22:09:42.194  INFO 13156 --- [    Test worker] diff.services.impl.DifferServiceImpl     : Starting defineData method
2017-12-23 22:09:42.194  INFO 13156 --- [    Test worker] diff.services.impl.DifferServiceImpl     : Starting getDiffer method
2017-12-23 22:09:42.196  INFO 13156 --- [    Test worker] diff.services.impl.DifferServiceImpl     : Starting createDiffer method
2017-12-23 22:09:42.201  INFO 13156 --- [    Test worker] diff.services.impl.DifferServiceImpl     : getAll method started
2017-12-23 22:09:42.218  INFO 13156 --- [    Test worker] diff.services.impl.DifferServiceImpl     : Starting defineData method
2017-12-23 22:09:42.218  INFO 13156 --- [    Test worker] diff.services.impl.DifferServiceImpl     : Starting getDiffer method
2017-12-23 22:09:42.219  INFO 13156 --- [    Test worker] diff.services.impl.DifferServiceImpl     : Starting createDiffer method
2017-12-23 22:09:42.223  INFO 13156 --- [    Test worker] diff.services.impl.DifferServiceImpl     : Starting defineData method
2017-12-23 22:09:42.223  INFO 13156 --- [    Test worker] diff.services.impl.DifferServiceImpl     : Starting getDiffer method
2017-12-23 22:09:42.227  INFO 13156 --- [    Test worker] diff.services.impl.DifferServiceImpl     : Starting comparing method
2017-12-23 22:09:42.227  INFO 13156 --- [    Test worker] diff.services.impl.DifferServiceImpl     : Starting getDiffer method
2017-12-23 22:09:42.229  INFO 13156 --- [    Test worker] diff.services.impl.DifferServiceImpl     : Starting validateToCompare method
2017-12-23 22:09:42.229  INFO 13156 --- [    Test worker] diff.services.impl.DifferServiceImpl     : Starting validateToCompareRight method
2017-12-23 22:09:42.229  INFO 13156 --- [    Test worker] diff.services.impl.DifferServiceImpl     : Starting validateToCompareLeft method
2017-12-23 22:09:42.229  INFO 13156 --- [    Test worker] diff.services.impl.DifferServiceImpl     : Comparing: DifferObject [id=diff.DifferServiceTests, left=QUFCQg==, right=QkJBQQ==]
2017-12-23 22:09:42.229  INFO 13156 --- [    Test worker] diff.services.impl.DifferServiceImpl     : Starting checkOffsets method
2017-12-23 22:09:42.235  INFO 13156 --- [    Test worker] diff.services.impl.DifferServiceImpl     : Starting defineData method
2017-12-23 22:09:42.235  INFO 13156 --- [    Test worker] diff.services.impl.DifferServiceImpl     : Starting getDiffer method
2017-12-23 22:09:42.236  INFO 13156 --- [    Test worker] diff.services.impl.DifferServiceImpl     : Starting createDiffer method
2017-12-23 22:09:42.242  INFO 13156 --- [    Test worker] diff.services.impl.DifferServiceImpl     : Starting comparing method
2017-12-23 22:09:42.242  INFO 13156 --- [    Test worker] diff.services.impl.DifferServiceImpl     : Starting getDiffer method
2017-12-23 22:09:42.244  INFO 13156 --- [    Test worker] diff.services.impl.DifferServiceImpl     : Starting validateToCompare method
2017-12-23 22:09:42.244  INFO 13156 --- [    Test worker] diff.services.impl.DifferServiceImpl     : Starting validateToCompareRight method
2017-12-23 22:09:42.253  INFO 13156 --- [    Test worker] diff.services.impl.DifferServiceImpl     : Starting defineData method
2017-12-23 22:09:42.253  INFO 13156 --- [    Test worker] diff.services.impl.DifferServiceImpl     : Starting getDiffer method
2017-12-23 22:09:42.254  INFO 13156 --- [    Test worker] diff.services.impl.DifferServiceImpl     : Starting createDiffer method
2017-12-23 22:09:42.258  INFO 13156 --- [    Test worker] diff.services.impl.DifferServiceImpl     : Starting defineData method
2017-12-23 22:09:42.258  INFO 13156 --- [    Test worker] diff.services.impl.DifferServiceImpl     : Starting getDiffer method
2017-12-23 22:09:42.262  INFO 13156 --- [    Test worker] diff.services.impl.DifferServiceImpl     : Starting comparing method
2017-12-23 22:09:42.264  INFO 13156 --- [    Test worker] diff.services.impl.DifferServiceImpl     : Starting getDiffer method
2017-12-23 22:09:42.267  INFO 13156 --- [    Test worker] diff.services.impl.DifferServiceImpl     : Starting validateToCompare method
2017-12-23 22:09:42.267  INFO 13156 --- [    Test worker] diff.services.impl.DifferServiceImpl     : Starting validateToCompareRight method
2017-12-23 22:09:42.267  INFO 13156 --- [    Test worker] diff.services.impl.DifferServiceImpl     : Starting validateToCompareLeft method
2017-12-23 22:09:42.267 ERROR 13156 --- [    Test worker] diff.services.impl.DifferServiceImpl     : Error Base64 could not be decoded
2017-12-23 22:09:42.274  INFO 13156 --- [    Test worker] diff.services.impl.DifferServiceImpl     : Starting defineData method
2017-12-23 22:09:42.274  INFO 13156 --- [    Test worker] diff.services.impl.DifferServiceImpl     : Starting getDiffer method
2017-12-23 22:09:42.276  INFO 13156 --- [    Test worker] diff.services.impl.DifferServiceImpl     : Starting createDiffer method
2017-12-23 22:09:42.279  INFO 13156 --- [    Test worker] diff.services.impl.DifferServiceImpl     : Starting defineData method
2017-12-23 22:09:42.279  INFO 13156 --- [    Test worker] diff.services.impl.DifferServiceImpl     : Starting getDiffer method
2017-12-23 22:09:42.283  INFO 13156 --- [    Test worker] diff.services.impl.DifferServiceImpl     : Starting comparing method
2017-12-23 22:09:42.283  INFO 13156 --- [    Test worker] diff.services.impl.DifferServiceImpl     : Starting getDiffer method
2017-12-23 22:09:42.285  INFO 13156 --- [    Test worker] diff.services.impl.DifferServiceImpl     : Starting validateToCompare method
2017-12-23 22:09:42.285  INFO 13156 --- [    Test worker] diff.services.impl.DifferServiceImpl     : Starting validateToCompareRight method
2017-12-23 22:09:42.285  INFO 13156 --- [    Test worker] diff.services.impl.DifferServiceImpl     : Starting validateToCompareLeft method
2017-12-23 22:09:42.285  INFO 13156 --- [    Test worker] diff.services.impl.DifferServiceImpl     : Comparing: DifferObject [id=diff.DifferServiceTests, left=QUFBQkJC, right=QUFBQkJC]
diff.domain.DifferResponse@5a8cc117
2017-12-23 22:09:42.292  INFO 13156 --- [    Test worker] diff.services.impl.DifferServiceImpl     : Starting defineData method
2017-12-23 22:09:42.292  INFO 13156 --- [    Test worker] diff.services.impl.DifferServiceImpl     : Starting getDiffer method
2017-12-23 22:09:42.294  INFO 13156 --- [    Test worker] diff.services.impl.DifferServiceImpl     : Starting createDiffer method
2017-12-23 22:09:42.298  INFO 13156 --- [    Test worker] diff.services.impl.DifferServiceImpl     : Starting defineData method
2017-12-23 22:09:42.299  INFO 13156 --- [    Test worker] diff.services.impl.DifferServiceImpl     : Starting getDiffer method
2017-12-23 22:09:42.303  INFO 13156 --- [    Test worker] diff.services.impl.DifferServiceImpl     : Starting comparing method
2017-12-23 22:09:42.303  INFO 13156 --- [    Test worker] diff.services.impl.DifferServiceImpl     : Starting getDiffer method
2017-12-23 22:09:42.305  INFO 13156 --- [    Test worker] diff.services.impl.DifferServiceImpl     : Starting validateToCompare method
2017-12-23 22:09:42.305  INFO 13156 --- [    Test worker] diff.services.impl.DifferServiceImpl     : Starting validateToCompareRight method
2017-12-23 22:09:42.305  INFO 13156 --- [    Test worker] diff.services.impl.DifferServiceImpl     : Starting validateToCompareLeft method
2017-12-23 22:09:42.305  INFO 13156 --- [    Test worker] diff.services.impl.DifferServiceImpl     : Comparing: DifferObject [id=diff.DifferServiceTests, left=QkFBQg==, right=QUFBQQ==]
2017-12-23 22:09:42.305  INFO 13156 --- [    Test worker] diff.services.impl.DifferServiceImpl     : Starting checkOffsets method
2017-12-23 22:09:42.312  INFO 13156 --- [    Test worker] diff.services.impl.DifferServiceImpl     : Starting defineData method
2017-12-23 22:09:42.312  INFO 13156 --- [    Test worker] diff.services.impl.DifferServiceImpl     : Starting getDiffer method
2017-12-23 22:09:42.313  INFO 13156 --- [    Test worker] diff.services.impl.DifferServiceImpl     : Starting createDiffer method
2017-12-23 22:09:42.316  INFO 13156 --- [    Test worker] diff.services.impl.DifferServiceImpl     : Starting defineData method
2017-12-23 22:09:42.316  INFO 13156 --- [    Test worker] diff.services.impl.DifferServiceImpl     : Starting getDiffer method
2017-12-23 22:09:42.319  INFO 13156 --- [    Test worker] diff.services.impl.DifferServiceImpl     : Starting comparing method
2017-12-23 22:09:42.319  INFO 13156 --- [    Test worker] diff.services.impl.DifferServiceImpl     : Starting getDiffer method
2017-12-23 22:09:42.320  INFO 13156 --- [    Test worker] diff.services.impl.DifferServiceImpl     : Starting validateToCompare method
2017-12-23 22:09:42.320  INFO 13156 --- [    Test worker] diff.services.impl.DifferServiceImpl     : Starting validateToCompareRight method
2017-12-23 22:09:42.320  INFO 13156 --- [    Test worker] diff.services.impl.DifferServiceImpl     : Starting validateToCompareLeft method
2017-12-23 22:09:42.321  INFO 13156 --- [    Test worker] diff.services.impl.DifferServiceImpl     : Comparing: DifferObject [id=diff.DifferServiceTests, left=QkFBQg==, right=QkJCQg==]
2017-12-23 22:09:42.321  INFO 13156 --- [    Test worker] diff.services.impl.DifferServiceImpl     : Starting checkOffsets method
2017-12-23 22:09:42.327  INFO 13156 --- [    Test worker] diff.services.impl.DifferServiceImpl     : Starting defineData method
2017-12-23 22:09:42.327  INFO 13156 --- [    Test worker] diff.services.impl.DifferServiceImpl     : Starting getDiffer method
2017-12-23 22:09:42.328  INFO 13156 --- [    Test worker] diff.services.impl.DifferServiceImpl     : Starting createDiffer method
2017-12-23 22:09:42.332  INFO 13156 --- [    Test worker] diff.services.impl.DifferServiceImpl     : Starting comparing method
2017-12-23 22:09:42.333  INFO 13156 --- [    Test worker] diff.services.impl.DifferServiceImpl     : Starting getDiffer method
2017-12-23 22:09:42.334  INFO 13156 --- [    Test worker] diff.services.impl.DifferServiceImpl     : Starting validateToCompare method
2017-12-23 22:09:42.335  INFO 13156 --- [    Test worker] diff.services.impl.DifferServiceImpl     : Starting validateToCompareRight method
2017-12-23 22:09:42.337  INFO 13156 --- [    Test worker] diff.services.impl.DifferServiceImpl     : Starting validateToCompareLeft method
2017-12-23 22:09:42.344  INFO 13156 --- [    Test worker] diff.services.impl.DifferServiceImpl     : Starting comparing method
2017-12-23 22:09:42.344  INFO 13156 --- [    Test worker] diff.services.impl.DifferServiceImpl     : Starting getDiffer method
2017-12-23 22:09:42.353  INFO 13156 --- [    Test worker] diff.services.impl.DifferServiceImpl     : Starting defineData method
2017-12-23 22:09:42.354  INFO 13156 --- [    Test worker] diff.services.impl.DifferServiceImpl     : Starting getDiffer method
2017-12-23 22:09:42.355  INFO 13156 --- [    Test worker] diff.services.impl.DifferServiceImpl     : Starting createDiffer method
2017-12-23 22:09:42.358  INFO 13156 --- [    Test worker] diff.services.impl.DifferServiceImpl     : Starting defineData method
2017-12-23 22:09:42.358  INFO 13156 --- [    Test worker] diff.services.impl.DifferServiceImpl     : Starting getDiffer method
2017-12-23 22:09:42.361  INFO 13156 --- [    Test worker] diff.services.impl.DifferServiceImpl     : Starting comparing method
2017-12-23 22:09:42.362  INFO 13156 --- [    Test worker] diff.services.impl.DifferServiceImpl     : Starting getDiffer method
2017-12-23 22:09:42.363  INFO 13156 --- [    Test worker] diff.services.impl.DifferServiceImpl     : Starting validateToCompare method
2017-12-23 22:09:42.363  INFO 13156 --- [    Test worker] diff.services.impl.DifferServiceImpl     : Starting validateToCompareRight method
2017-12-23 22:09:42.363  INFO 13156 --- [    Test worker] diff.services.impl.DifferServiceImpl     : Starting validateToCompareLeft method
2017-12-23 22:09:42.363  INFO 13156 --- [    Test worker] diff.services.impl.DifferServiceImpl     : Comparing: DifferObject [id=diff.DifferServiceTests, left=QUJCQg==, right=QUFBQQ==]
2017-12-23 22:09:42.363  INFO 13156 --- [    Test worker] diff.services.impl.DifferServiceImpl     : Starting checkOffsets method
]]></system-out>
  <system-err><![CDATA[]]></system-err>
</testsuite>
