<?xml version="1.0" encoding="UTF-8"?>
<testsuite name="diff.DifferControllerTests" tests="8" skipped="0" failures="0" errors="0" timestamp="2017-12-24T00:44:37" hostname="CPX-DH5WBKGGJUF" time="1.071">
  <properties/>
  <testcase name="retrieveAll" classname="diff.DifferControllerTests" time="0.73"/>
  <testcase name="notSameSize" classname="diff.DifferControllerTests" time="0.111"/>
  <testcase name="equals" classname="diff.DifferControllerTests" time="0.084"/>
  <testcase name="insertLeftData" classname="diff.DifferControllerTests" time="0.022"/>
  <testcase name="insertRightData" classname="diff.DifferControllerTests" time="0.03"/>
  <testcase name="notEquals" classname="diff.DifferControllerTests" time="0.035"/>
  <testcase name="notFound" classname="diff.DifferControllerTests" time="0.017"/>
  <testcase name="sameSize" classname="diff.DifferControllerTests" time="0.032"/>
  <system-out><![CDATA[22:44:28.258 [Test worker] DEBUG org.springframework.test.context.junit4.SpringJUnit4ClassRunner - SpringJUnit4ClassRunner constructor called with [class diff.DifferControllerTests]
22:44:28.266 [Test worker] DEBUG org.springframework.test.context.BootstrapUtils - Instantiating CacheAwareContextLoaderDelegate from class [org.springframework.test.context.cache.DefaultCacheAwareContextLoaderDelegate]
22:44:28.275 [Test worker] DEBUG org.springframework.test.context.BootstrapUtils - Instantiating BootstrapContext using constructor [public org.springframework.test.context.support.DefaultBootstrapContext(java.lang.Class,org.springframework.test.context.CacheAwareContextLoaderDelegate)]
22:44:28.305 [Test worker] DEBUG org.springframework.test.context.BootstrapUtils - Instantiating TestContextBootstrapper for test class [diff.DifferControllerTests] from class [org.springframework.boot.test.context.SpringBootTestContextBootstrapper]
22:44:28.321 [Test worker] INFO org.springframework.boot.test.context.SpringBootTestContextBootstrapper - Neither @ContextConfiguration nor @ContextHierarchy found for test class [diff.DifferControllerTests], using SpringBootContextLoader
22:44:28.325 [Test worker] DEBUG org.springframework.test.context.support.AbstractContextLoader - Did not detect default resource location for test class [diff.DifferControllerTests]: class path resource [diff/DifferControllerTests-context.xml] does not exist
22:44:28.326 [Test worker] DEBUG org.springframework.test.context.support.AbstractContextLoader - Did not detect default resource location for test class [diff.DifferControllerTests]: class path resource [diff/DifferControllerTestsContext.groovy] does not exist
22:44:28.326 [Test worker] INFO org.springframework.test.context.support.AbstractContextLoader - Could not detect default resource locations for test class [diff.DifferControllerTests]: no resource found for suffixes {-context.xml, Context.groovy}.
22:44:28.327 [Test worker] INFO org.springframework.test.context.support.AnnotationConfigContextLoaderUtils - Could not detect default configuration classes for test class [diff.DifferControllerTests]: DifferControllerTests does not declare any static, non-private, non-final, nested classes annotated with @Configuration.
22:44:28.397 [Test worker] DEBUG org.springframework.test.context.support.ActiveProfilesUtils - Could not find an 'annotation declaring class' for annotation type [org.springframework.test.context.ActiveProfiles] and class [diff.DifferControllerTests]
22:44:28.406 [Test worker] DEBUG org.springframework.core.env.StandardEnvironment - Adding PropertySource 'systemProperties' with lowest search precedence
22:44:28.406 [Test worker] DEBUG org.springframework.core.env.StandardEnvironment - Adding PropertySource 'systemEnvironment' with lowest search precedence
22:44:28.407 [Test worker] DEBUG org.springframework.core.env.StandardEnvironment - Initialized StandardEnvironment with PropertySources [MapPropertySource@1289715426 {name='systemProperties', properties={java.runtime.name=Java(TM) SE Runtime Environment, sun.boot.library.path=C:\Program Files\Java\jdk1.8.0_102\jre\bin, java.vm.version=25.102-b14, java.vm.vendor=Oracle Corporation, java.vendor.url=http://java.oracle.com/, path.separator=;, java.vm.name=Java HotSpot(TM) 64-Bit Server VM, file.encoding.pkg=sun.io, user.script=, sun.java.launcher=SUN_STANDARD, user.country=US, sun.os.patch.level=, java.vm.specification.name=Java Virtual Machine Specification, user.dir=C:\Users\paulo.almeida.junior\Documents\workspace-sts-3.9.1.RELEASE\diff-exam, java.runtime.version=1.8.0_102-b14, java.awt.graphicsenv=sun.awt.Win32GraphicsEnvironment, java.endorsed.dirs=C:\Program Files\Java\jdk1.8.0_102\jre\lib\endorsed, os.arch=amd64, java.io.tmpdir=C:\Users\PAULOA~1.JUN\AppData\Local\Temp\, line.separator=
, java.vm.specification.vendor=Oracle Corporation, user.variant=, os.name=Windows 10, sun.jnu.encoding=Cp1252, java.library.path=C:\Program Files\Java\jdk1.8.0_102\bin;C:\Windows\Sun\Java\bin;C:\Windows\system32;C:\Windows;C:\ProgramData\Oracle\Java\javapath;C:\Program Files\Java\jdk1.8.0_102\\bin;C:\Program Files (x86)\RSA SecurID Token Common;C:\Program Files (x86)\Intel\iCLS Client\;C:\Program Files\Intel\iCLS Client\;C:\Windows\system32;C:\Windows;C:\Windows\System32\Wbem;C:\Windows\System32\WindowsPowerShell\v1.0\;C:\Program Files (x86)\Intel\Intel(R) Management Engine Components\DAL;C:\Program Files\Intel\Intel(R) Management Engine Components\DAL;C:\Program Files (x86)\Intel\Intel(R) Management Engine Components\IPT;C:\Program Files\Intel\Intel(R) Management Engine Components\IPT;C:\Program Files\Intel\WiFi\bin\;C:\Program Files\Common Files\Intel\WirelessCommon\;C:\Program Files\Git\cmd;C:\Program Files (x86)\Skype\Phone\;C:\wamp64\bin\php\php7.0.10\;C:\Program Files\TortoiseGit\bin;C:\Program Files\TortoiseSVN\bin;;., java.specification.name=Java Platform API Specification, java.class.version=52.0, sun.management.compiler=HotSpot 64-Bit Tiered Compilers, os.version=10.0, user.home=C:\Users\paulo.almeida.junior, user.timezone=America/Sao_Paulo, java.awt.printerjob=sun.awt.windows.WPrinterJob, file.encoding=windows-1252, java.specification.version=1.8, java.class.path=C:\Users\paulo.almeida.junior\Documents\workspace-sts-3.9.1.RELEASE\diff-exam\build\classes\test;C:\Users\paulo.almeida.junior\Documents\workspace-sts-3.9.1.RELEASE\diff-exam\build\resources\test;C:\Users\paulo.almeida.junior\Documents\workspace-sts-3.9.1.RELEASE\diff-exam\build\classes\main;C:\Users\paulo.almeida.junior\Documents\workspace-sts-3.9.1.RELEASE\diff-exam\build\resources\main;C:\Users\paulo.almeida.junior\.gradle\caches\modules-2\files-2.1\org.springframework.boot\spring-boot-starter-web\1.5.9.RELEASE\bda9733d5e6ba6d1a97deead1738713dc0631b3e\spring-boot-starter-web-1.5.9.RELEASE.jar;C:\Users\paulo.almeida.junior\.gradle\caches\modules-2\files-2.1\org.springframework.boot\spring-boot-starter-test\1.5.9.RELEASE\b5adf6fbf53be00b7ae52f657d564122edbe5156\spring-boot-starter-test-1.5.9.RELEASE.jar;C:\Users\paulo.almeida.junior\.gradle\caches\modules-2\files-2.1\org.springframework.boot\spring-boot-starter-data-jpa\1.5.9.RELEASE\8628320876aa12cc406216523effe954fbd354c0\spring-boot-starter-data-jpa-1.5.9.RELEASE.jar;C:\Users\paulo.almeida.junior\.gradle\caches\modules-2\files-2.1\io.springfox\springfox-swagger-ui\2.7.0\92608eb6c2056810b4e3189196b4e8cce645d6de\springfox-swagger-ui-2.7.0.jar;C:\Users\paulo.almeida.junior\.gradle\caches\modules-2\files-2.1\io.springfox\springfox-swagger2\2.7.0\dd28b7ce26af1209d6ef19f5f24a8c23b41ca6fc\springfox-swagger2-2.7.0.jar;C:\Users\paulo.almeida.junior\.gradle\caches\modules-2\files-2.1\com.jayway.jsonpath\json-path\2.2.0\22290d17944bd239fabf5ac69005a60a7ecbbbcb\json-path-2.2.0.jar;C:\Users\paulo.almeida.junior\.gradle\caches\modules-2\files-2.1\com.h2database\h2\1.4.196\dd0034398d593aa3588c6773faac429bbd9aea0e\h2-1.4.196.jar;C:\Users\paulo.almeida.junior\.gradle\caches\modules-2\files-2.1\org.springframework.boot\spring-boot-starter\1.5.9.RELEASE\6bfb34db2715ee86c6e2337fa145650588b4b1b3\spring-boot-starter-1.5.9.RELEASE.jar;C:\Users\paulo.almeida.junior\.gradle\caches\modules-2\files-2.1\org.springframework.boot\spring-boot-starter-tomcat\1.5.9.RELEASE\4615056f8a2bcad03ba8cdf410419ee3d101c5bb\spring-boot-starter-tomcat-1.5.9.RELEASE.jar;C:\Users\paulo.almeida.junior\.gradle\caches\modules-2\files-2.1\org.hibernate\hibernate-validator\5.3.6.Final\4c730be8bf55a8e9a61e79a2f2c079abf48b718\hibernate-validator-5.3.6.Final.jar;C:\Users\paulo.almeida.junior\.gradle\caches\modules-2\files-2.1\com.fasterxml.jackson.core\jackson-databind\2.8.10\f7b83cb2bc4b88d53961e749e1ad32f49ef017b7\jackson-databind-2.8.10.jar;C:\Users\paulo.almeida.junior\.gradle\caches\modules-2\files-2.1\org.springframework\spring-web\4.3.13.RELEASE\7cd084992d546165ede3e99bc31ee49c937f0ce7\spring-web-4.3.13.RELEASE.jar;C:\Users\paulo.almeida.junior\.gradle\caches\modules-2\files-2.1\org.springframework\spring-webmvc\4.3.13.RELEASE\87a095c7a1d13fe433ae6712787238c1dbaa6919\spring-webmvc-4.3.13.RELEASE.jar;C:\Users\paulo.almeida.junior\.gradle\caches\modules-2\files-2.1\org.springframework.boot\spring-boot-test\1.5.9.RELEASE\7e604d56325f04a8b89a280e647746fc69e5a21f\spring-boot-test-1.5.9.RELEASE.jar;C:\Users\paulo.almeida.junior\.gradle\caches\modules-2\files-2.1\org.springframework.boot\spring-boot-test-autoconfigure\1.5.9.RELEASE\b428495e25b0531b2a977f51c5d29011c817b8ee\spring-boot-test-autoconfigure-1.5.9.RELEASE.jar;C:\Users\paulo.almeida.junior\.gradle\caches\modules-2\files-2.1\junit\junit\4.12\2973d150c0dc1fefe998f834810d68f278ea58ec\junit-4.12.jar;C:\Users\paulo.almeida.junior\.gradle\caches\modules-2\files-2.1\org.assertj\assertj-core\2.6.0\b532c3fc4f66bcfee4989a3514f1cd56203a33ad\assertj-core-2.6.0.jar;C:\Users\paulo.almeida.junior\.gradle\caches\modules-2\files-2.1\org.mockito\mockito-core\1.10.19\e8546f5bef4e061d8dd73895b4e8f40e3fe6effe\mockito-core-1.10.19.jar;C:\Users\paulo.almeida.junior\.gradle\caches\modules-2\files-2.1\org.hamcrest\hamcrest-core\1.3\42a25dc3219429f0e5d060061f71acb49bf010a0\hamcrest-core-1.3.jar;C:\Users\paulo.almeida.junior\.gradle\caches\modules-2\files-2.1\org.hamcrest\hamcrest-library\1.3\4785a3c21320980282f9f33d0d1264a69040538f\hamcrest-library-1.3.jar;C:\Users\paulo.almeida.junior\.gradle\caches\modules-2\files-2.1\org.skyscreamer\jsonassert\1.4.0\9cdbb373a06f6513e51e8c545ee6a5e981463edb\jsonassert-1.4.0.jar;C:\Users\paulo.almeida.junior\.gradle\caches\modules-2\files-2.1\org.springframework\spring-core\4.3.13.RELEASE\eea18d7f4d01f1baa1b6728b678b5a6fe23c61f6\spring-core-4.3.13.RELEASE.jar;C:\Users\paulo.almeida.junior\.gradle\caches\modules-2\files-2.1\org.springframework\spring-test\4.3.13.RELEASE\f4ff71b0d628d37f334d4f1f197c1b8cea364d01\spring-test-4.3.13.RELEASE.jar;C:\Users\paulo.almeida.junior\.gradle\caches\modules-2\files-2.1\org.springframework.boot\spring-boot-starter-aop\1.5.9.RELEASE\fab419df8d7a13968a51ebfcbcad7ef320d66184\spring-boot-starter-aop-1.5.9.RELEASE.jar;C:\Users\paulo.almeida.junior\.gradle\caches\modules-2\files-2.1\org.springframework.boot\spring-boot-starter-jdbc\1.5.9.RELEASE\6769ecea55e952afb64f17975638c5afd1e59ef3\spring-boot-starter-jdbc-1.5.9.RELEASE.jar;C:\Users\paulo.almeida.junior\.gradle\caches\modules-2\files-2.1\org.hibernate\hibernate-core\5.0.12.Final\e58bf1c660e6706d8e2cbb53bae110f574366102\hibernate-core-5.0.12.Final.jar;C:\Users\paulo.almeida.junior\.gradle\caches\modules-2\files-2.1\org.hibernate\hibernate-entitymanager\5.0.12.Final\302a526f5058290e9cbd719a5caf9f248d344719\hibernate-entitymanager-5.0.12.Final.jar;C:\Users\paulo.almeida.junior\.gradle\caches\modules-2\files-2.1\javax.transaction\javax.transaction-api\1.2\d81aff979d603edd90dcd8db2abc1f4ce6479e3e\javax.transaction-api-1.2.jar;C:\Users\paulo.almeida.junior\.gradle\caches\modules-2\files-2.1\org.springframework.data\spring-data-jpa\1.11.9.RELEASE\64c80f12361d5b74cf98a3433b59a5c961d78d38\spring-data-jpa-1.11.9.RELEASE.jar;C:\Users\paulo.almeida.junior\.gradle\caches\modules-2\files-2.1\org.springframework\spring-aspects\4.3.13.RELEASE\c91788e6b7c431379d0f7fe5f85f427d7e3f01ae\spring-aspects-4.3.13.RELEASE.jar;C:\Users\paulo.almeida.junior\.gradle\caches\modules-2\files-2.1\io.springfox\springfox-spring-web\2.7.0\a54be5572b6b5210f6892e13d6b136dde5e96bf6\springfox-spring-web-2.7.0.jar;C:\Users\paulo.almeida.junior\.gradle\caches\modules-2\files-2.1\io.swagger\swagger-annotations\1.5.13\72433c890a61a876d22063e269be421c810a1a8d\swagger-annotations-1.5.13.jar;C:\Users\paulo.almeida.junior\.gradle\caches\modules-2\files-2.1\io.swagger\swagger-models\1.5.13\571a0046f35f9dac569a1870465248595e33ccdb\swagger-models-1.5.13.jar;C:\Users\paulo.almeida.junior\.gradle\caches\modules-2\files-2.1\io.springfox\springfox-spi\2.7.0\dab14edcb863dd506278dc950908b4f684e93b7\springfox-spi-2.7.0.jar;C:\Users\paulo.almeida.junior\.gradle\caches\modules-2\files-2.1\io.springfox\springfox-schema\2.7.0\aab297a6781e829b9d6bac514a4dc860966c3c8d\springfox-schema-2.7.0.jar;C:\Users\paulo.almeida.junior\.gradle\caches\modules-2\files-2.1\io.springfox\springfox-swagger-common\2.7.0\5a632aecc733753887f90592382fa271e546062a\springfox-swagger-common-2.7.0.jar;C:\Users\paulo.almeida.junior\.gradle\caches\modules-2\files-2.1\com.fasterxml\classmate\1.3.4\3d5f48f10bbe4eb7bd862f10c0583be2e0053c6\classmate-1.3.4.jar;C:\Users\paulo.almeida.junior\.gradle\caches\modules-2\files-2.1\org.slf4j\slf4j-api\1.7.25\da76ca59f6a57ee3102f8f9bd9cee742973efa8a\slf4j-api-1.7.25.jar;C:\Users\paulo.almeida.junior\.gradle\caches\modules-2\files-2.1\org.springframework.plugin\spring-plugin-core\1.2.0.RELEASE\f380e7760032e7d929184f8ad8a33716b75c0657\spring-plugin-core-1.2.0.RELEASE.jar;C:\Users\paulo.almeida.junior\.gradle\caches\modules-2\files-2.1\org.springframework.plugin\spring-plugin-metadata\1.2.0.RELEASE\97223fc496b6cab31602eedbd4202aa4fff0d44f\spring-plugin-metadata-1.2.0.RELEASE.jar;C:\Users\paulo.almeida.junior\.gradle\caches\modules-2\files-2.1\org.mapstruct\mapstruct\1.1.0.Final\65b81fa5234e1fd8461b77bbccee7b9ebc0bbbb2\mapstruct-1.1.0.Final.jar;C:\Users\paulo.almeida.junior\.gradle\caches\modules-2\files-2.1\net.minidev\json-smart\2.2.1\5b9e5df7a62d1279b70dc882b041d249c4f0b002\json-smart-2.2.1.jar;C:\Users\paulo.almeida.junior\.gradle\caches\modules-2\files-2.1\org.springframework.boot\spring-boot\1.5.9.RELEASE\f472cdf948288796fb31e0bb03f6e7b022b763a0\spring-boot-1.5.9.RELEASE.jar;C:\Users\paulo.almeida.junior\.gradle\caches\modules-2\files-2.1\org.springframework.boot\spring-boot-autoconfigure\1.5.9.RELEASE\88dd18bdaf317ae40971573a051fd47265f2ed39\spring-boot-autoconfigure-1.5.9.RELEASE.jar;C:\Users\paulo.almeida.junior\.gradle\caches\modules-2\files-2.1\org.springframework.boot\spring-boot-starter-logging\1.5.9.RELEASE\30fd62a1ce9639759d90d49608501082314c1628\spring-boot-starter-logging-1.5.9.RELEASE.jar;C:\Users\paulo.almeida.junior\.gradle\caches\modules-2\files-2.1\org.yaml\snakeyaml\1.17\7a27ea250c5130b2922b86dea63cbb1cc10a660c\snakeyaml-1.17.jar;C:\Users\paulo.almeida.junior\.gradle\caches\modules-2\files-2.1\org.apache.tomcat.embed\tomcat-embed-core\8.5.23\79261793a47f507890ee08f749b9d81774e4f7f0\tomcat-embed-core-8.5.23.jar;C:\Users\paulo.almeida.junior\.gradle\caches\modules-2\files-2.1\org.apache.tomcat.embed\tomcat-embed-el\8.5.23\98d979cde444dffa6d434c8377d0123b2dfa614c\tomcat-embed-el-8.5.23.jar;C:\Users\paulo.almeida.junior\.gradle\caches\modules-2\files-2.1\org.apache.tomcat.embed\tomcat-embed-websocket\8.5.23\52f07abcae10dc7e1764304b0877def175c2c833\tomcat-embed-websocket-8.5.23.jar;C:\Users\paulo.almeida.junior\.gradle\caches\modules-2\files-2.1\javax.validation\validation-api\1.1.0.Final\8613ae82954779d518631e05daa73a6a954817d5\validation-api-1.1.0.Final.jar;C:\Users\paulo.almeida.junior\.gradle\caches\modules-2\files-2.1\org.jboss.logging\jboss-logging\3.3.1.Final\c46217ab74b532568c0ed31dc599db3048bd1b67\jboss-logging-3.3.1.Final.jar;C:\Users\paulo.almeida.junior\.gradle\caches\modules-2\files-2.1\com.fasterxml.jackson.core\jackson-annotations\2.8.0\45b426f7796b741035581a176744d91090e2e6fb\jackson-annotations-2.8.0.jar;C:\Users\paulo.almeida.junior\.gradle\caches\modules-2\files-2.1\com.fasterxml.jackson.core\jackson-core\2.8.10\eb21a035c66ad307e66ec8fce37f5d50fd62d039\jackson-core-2.8.10.jar;C:\Users\paulo.almeida.junior\.gradle\caches\modules-2\files-2.1\org.springframework\spring-aop\4.3.13.RELEASE\61f427b55951f59b50f3c2bd0de3c48960e2a342\spring-aop-4.3.13.RELEASE.jar;C:\Users\paulo.almeida.junior\.gradle\caches\modules-2\files-2.1\org.springframework\spring-beans\4.3.13.RELEASE\8613a7077722f1d97f8cb3fea4b0b40bfadf4496\spring-beans-4.3.13.RELEASE.jar;C:\Users\paulo.almeida.junior\.gradle\caches\modules-2\files-2.1\org.springframework\spring-context\4.3.13.RELEASE\6ab1c189a13182fa3256f6bbc68fafdaf8f5a19e\spring-context-4.3.13.RELEASE.jar;C:\Users\paulo.almeida.junior\.gradle\caches\modules-2\files-2.1\org.springframework\spring-expression\4.3.13.RELEASE\da22bf7df1262e429b49653be6cd5b89b6affe5e\spring-expression-4.3.13.RELEASE.jar;C:\Users\paulo.almeida.junior\.gradle\caches\modules-2\files-2.1\org.objenesis\objenesis\2.1\87c0ea803b69252868d09308b4618f766f135a96\objenesis-2.1.jar;C:\Users\paulo.almeida.junior\.gradle\caches\modules-2\files-2.1\com.vaadin.external.google\android-json\0.0.20131108.vaadin1\fa26d351fe62a6a17f5cda1287c1c6110dec413f\android-json-0.0.20131108.vaadin1.jar;C:\Users\paulo.almeida.junior\.gradle\caches\modules-2\files-2.1\org.aspectj\aspectjweaver\1.8.13\ad94df2a28d658a40dc27bbaff6a1ce5fbf04e9b\aspectjweaver-1.8.13.jar;C:\Users\paulo.almeida.junior\.gradle\caches\modules-2\files-2.1\org.apache.tomcat\tomcat-jdbc\8.5.23\6036400a8f2d90dd3ae3a4d09e5136c56002887b\tomcat-jdbc-8.5.23.jar;C:\Users\paulo.almeida.junior\.gradle\caches\modules-2\files-2.1\org.springframework\spring-jdbc\4.3.13.RELEASE\68e95c2a065641559c7dab7b605bc5847ab026ad\spring-jdbc-4.3.13.RELEASE.jar;C:\Users\paulo.almeida.junior\.gradle\caches\modules-2\files-2.1\org.hibernate.javax.persistence\hibernate-jpa-2.1-api\1.0.0.Final\5e731d961297e5a07290bfaf3db1fbc8bbbf405a\hibernate-jpa-2.1-api-1.0.0.Final.jar;C:\Users\paulo.almeida.junior\.gradle\caches\modules-2\files-2.1\org.javassist\javassist\3.21.0-GA\598244f595db5c5fb713731eddbb1c91a58d959b\javassist-3.21.0-GA.jar;C:\Users\paulo.almeida.junior\.gradle\caches\modules-2\files-2.1\antlr\antlr\2.7.7\83cd2cd674a217ade95a4bb83a8a14f351f48bd0\antlr-2.7.7.jar;C:\Users\paulo.almeida.junior\.gradle\caches\modules-2\files-2.1\org.jboss\jandex\2.0.0.Final\3e899258936f94649c777193e1be846387ed54b3\jandex-2.0.0.Final.jar;C:\Users\paulo.almeida.junior\.gradle\caches\modules-2\files-2.1\dom4j\dom4j\1.6.1\5d3ccc056b6f056dbf0dddfdf43894b9065a8f94\dom4j-1.6.1.jar;C:\Users\paulo.almeida.junior\.gradle\caches\modules-2\files-2.1\org.hibernate.common\hibernate-commons-annotations\5.0.1.Final\71e1cff3fcb20d3b3af4f3363c3ddb24d33c6879\hibernate-commons-annotations-5.0.1.Final.jar;C:\Users\paulo.almeida.junior\.gradle\caches\modules-2\files-2.1\org.springframework.data\spring-data-commons\1.13.9.RELEASE\3910a598235d2e9c1ca56f34c5e62bb5ce23778\spring-data-commons-1.13.9.RELEASE.jar;C:\Users\paulo.almeida.junior\.gradle\caches\modules-2\files-2.1\org.springframework\spring-orm\4.3.13.RELEASE\382d3ce044204947f8f2b3fa67a665d4e2bd346f\spring-orm-4.3.13.RELEASE.jar;C:\Users\paulo.almeida.junior\.gradle\caches\modules-2\files-2.1\org.springframework\spring-tx\4.3.13.RELEASE\6ebf7b3f2099fa884038d9d7bd44817ebd9c5b4a\spring-tx-4.3.13.RELEASE.jar;C:\Users\paulo.almeida.junior\.gradle\caches\modules-2\files-2.1\org.slf4j\jcl-over-slf4j\1.7.25\f8c32b13ff142a513eeb5b6330b1588dcb2c0461\jcl-over-slf4j-1.7.25.jar;C:\Users\paulo.almeida.junior\.gradle\caches\modules-2\files-2.1\org.reflections\reflections\0.9.11\4c686033d918ec1727e329b7222fcb020152e32b\reflections-0.9.11.jar;C:\Users\paulo.almeida.junior\.gradle\caches\modules-2\files-2.1\io.springfox\springfox-core\2.7.0\f3e6d1cf5170b4b56ee0a00c1b3b05221f2ecb96\springfox-core-2.7.0.jar;C:\Users\paulo.almeida.junior\.gradle\caches\modules-2\files-2.1\net.minidev\accessors-smart\1.1\a527213f2fea112a04c9bdf0ec0264e34104cd08\accessors-smart-1.1.jar;C:\Users\paulo.almeida.junior\.gradle\caches\modules-2\files-2.1\ch.qos.logback\logback-classic\1.1.11\ccedfbacef4a6515d2983e3f89ed753d5d4fb665\logback-classic-1.1.11.jar;C:\Users\paulo.almeida.junior\.gradle\caches\modules-2\files-2.1\org.slf4j\jul-to-slf4j\1.7.25\af5364cd6679bfffb114f0dec8a157aaa283b76\jul-to-slf4j-1.7.25.jar;C:\Users\paulo.almeida.junior\.gradle\caches\modules-2\files-2.1\org.slf4j\log4j-over-slf4j\1.7.25\a87bb47468f47ee7aabbd54f93e133d4215769c3\log4j-over-slf4j-1.7.25.jar;C:\Users\paulo.almeida.junior\.gradle\caches\modules-2\files-2.1\org.apache.tomcat\tomcat-annotations-api\8.5.23\aaf17df9fe0240e9e9d5375d24d5f177174b73d9\tomcat-annotations-api-8.5.23.jar;C:\Users\paulo.almeida.junior\.gradle\caches\modules-2\files-2.1\org.apache.tomcat\tomcat-juli\8.5.23\98e7f0610b7b2fb8303f11be0210e3f5a56a7d55\tomcat-juli-8.5.23.jar;C:\Users\paulo.almeida.junior\.gradle\caches\modules-2\files-2.1\net.bytebuddy\byte-buddy\1.6.14\871c3e49dc6183d0d361601c2f1d11abb1a6b48c\byte-buddy-1.6.14.jar;C:\Users\paulo.almeida.junior\.gradle\caches\modules-2\files-2.1\org.ow2.asm\asm\5.0.3\dcc2193db20e19e1feca8b1240dbbc4e190824fa\asm-5.0.3.jar;C:\Users\paulo.almeida.junior\.gradle\caches\modules-2\files-2.1\ch.qos.logback\logback-core\1.1.11\88b8df40340eed549fb07e2613879bf6b006704d\logback-core-1.1.11.jar;C:\Users\paulo.almeida.junior\.gradle\caches\modules-2\files-2.1\com.google.guava\guava\20.0\89507701249388e1ed5ddcf8c41f4ce1be7831ef\guava-20.0.jar, user.name=paulo.almeida.junior, java.vm.specification.version=1.8, sun.java.command=jarjar.org.gradle.process.internal.launcher.GradleWorkerMain 'Gradle Test Executor 1', java.home=C:\Program Files\Java\jdk1.8.0_102\jre, sun.arch.data.model=64, user.language=en, java.specification.vendor=Oracle Corporation, awt.toolkit=sun.awt.windows.WToolkit, java.vm.info=mixed mode, java.version=1.8.0_102, java.ext.dirs=C:\Program Files\Java\jdk1.8.0_102\jre\lib\ext;C:\Windows\Sun\Java\lib\ext, sun.boot.class.path=C:\Program Files\Java\jdk1.8.0_102\jre\lib\resources.jar;C:\Program Files\Java\jdk1.8.0_102\jre\lib\rt.jar;C:\Program Files\Java\jdk1.8.0_102\jre\lib\sunrsasign.jar;C:\Program Files\Java\jdk1.8.0_102\jre\lib\jsse.jar;C:\Program Files\Java\jdk1.8.0_102\jre\lib\jce.jar;C:\Program Files\Java\jdk1.8.0_102\jre\lib\charsets.jar;C:\Program Files\Java\jdk1.8.0_102\jre\lib\jfr.jar;C:\Program Files\Java\jdk1.8.0_102\jre\classes, java.vendor=Oracle Corporation, org.gradle.test.worker=1, file.separator=\, java.vendor.url.bug=http://bugreport.sun.com/bugreport/, sun.io.unicode.encoding=UnicodeLittle, sun.cpu.endian=little, sun.desktop=windows, sun.cpu.isalist=amd64}}, SystemEnvironmentPropertySource@696029690 {name='systemEnvironment', properties={USERDOMAIN_ROAMINGPROFILE=DIR, PROCESSOR_LEVEL=6, SESSIONNAME=Console, ALLUSERSPROFILE=C:\ProgramData, PROCESSOR_ARCHITECTURE=AMD64, PSModulePath=C:\Program Files\WindowsPowerShell\Modules;C:\Windows\system32\WindowsPowerShell\v1.0\Modules, SystemDrive=C:, =E:=E:\, =ExitCode=00000000, DIRNAME=C:\Users\paulo.almeida.junior\Documents\workspace-sts-3.9.1.RELEASE\diff-exam\, USERNAME=paulo.almeida.junior, USERDNSDOMAIN=DIR.SVC.ACCENTURE.COM, CMD_LINE_ARGS=build, ProgramFiles(x86)=C:\Program Files (x86), FPS_BROWSER_USER_PROFILE_STRING=Default, APP_HOME=C:\Users\paulo.almeida.junior\Documents\workspace-sts-3.9.1.RELEASE\diff-exam\, PATHEXT=.COM;.EXE;.BAT;.CMD;.VBS;.VBE;.JS;.JSE;.WSF;.WSH;.MSC, ProgramData=C:\ProgramData, =F:=F:\, ProgramW6432=C:\Program Files, HOMEPATH=\Users\paulo.almeida.junior, PROCESSOR_IDENTIFIER=Intel64 Family 6 Model 78 Stepping 3, GenuineIntel, ProgramFiles=C:\Program Files, PUBLIC=C:\Users\Public, windir=C:\Windows, =::=::\, _SKIP=2, LOCALAPPDATA=C:\Users\paulo.almeida.junior\AppData\Local, USERDOMAIN=DIR, FPS_BROWSER_APP_PROFILE_STRING=Internet Explorer, LOGONSERVER=\\AMRDC3302, JAVA_HOME=C:\Program Files\Java\jdk1.8.0_102\, PROMPT=$P$G, OneDrive=C:\data\OneDrive - Accenture, =C:=C:\Users\paulo.almeida.junior\Documents\workspace-sts-3.9.1.RELEASE\diff-exam, APPDATA=C:\Users\paulo.almeida.junior\AppData\Roaming, JAVA_EXE=C:\Program Files\Java\jdk1.8.0_102\/bin/java.exe, VBOX_MSI_INSTALL_PATH=C:\Program Files\Oracle\VirtualBox\, CommonProgramFiles=C:\Program Files\Common Files, Path=C:\ProgramData\Oracle\Java\javapath;C:\Program Files\Java\jdk1.8.0_102\\bin;C:\Program Files (x86)\RSA SecurID Token Common;C:\Program Files (x86)\Intel\iCLS Client\;C:\Program Files\Intel\iCLS Client\;C:\Windows\system32;C:\Windows;C:\Windows\System32\Wbem;C:\Windows\System32\WindowsPowerShell\v1.0\;C:\Program Files (x86)\Intel\Intel(R) Management Engine Components\DAL;C:\Program Files\Intel\Intel(R) Management Engine Components\DAL;C:\Program Files (x86)\Intel\Intel(R) Management Engine Components\IPT;C:\Program Files\Intel\Intel(R) Management Engine Components\IPT;C:\Program Files\Intel\WiFi\bin\;C:\Program Files\Common Files\Intel\WirelessCommon\;C:\Program Files\Git\cmd;C:\Program Files (x86)\Skype\Phone\;C:\wamp64\bin\php\php7.0.10\;C:\Program Files\TortoiseGit\bin;C:\Program Files\TortoiseSVN\bin;, OS=Windows_NT, COMPUTERNAME=CPX-DH5WBKGGJUF, PROCESSOR_REVISION=4e03, CLASSPATH=C:\Users\paulo.almeida.junior\Documents\workspace-sts-3.9.1.RELEASE\diff-exam\\gradle\wrapper\gradle-wrapper.jar, CommonProgramW6432=C:\Program Files\Common Files, ComSpec=C:\Windows\system32\cmd.exe, UATDATA=C:\Windows\CCM\UATData\D9F8C395-CAB8-491d-B8AC-179A1FE1BE77, APP_BASE_NAME=gradlew, =D:=D:\, SystemRoot=C:\Windows, TEMP=C:\Users\PAULOA~1.JUN\AppData\Local\Temp, HOMEDRIVE=C:, USERPROFILE=C:\Users\paulo.almeida.junior, TMP=C:\Users\PAULOA~1.JUN\AppData\Local\Temp, CommonProgramFiles(x86)=C:\Program Files (x86)\Common Files, NUMBER_OF_PROCESSORS=4}}]
22:44:28.425 [Test worker] DEBUG org.springframework.core.io.support.PathMatchingResourcePatternResolver - Resolved classpath location [diff/] to resources [URL [file:/C:/Users/paulo.almeida.junior/Documents/workspace-sts-3.9.1.RELEASE/diff-exam/build/classes/test/diff/], URL [file:/C:/Users/paulo.almeida.junior/Documents/workspace-sts-3.9.1.RELEASE/diff-exam/build/classes/main/diff/]]
22:44:28.426 [Test worker] DEBUG org.springframework.core.io.support.PathMatchingResourcePatternResolver - Looking for matching resources in directory tree [C:\Users\paulo.almeida.junior\Documents\workspace-sts-3.9.1.RELEASE\diff-exam\build\classes\test\diff]
22:44:28.426 [Test worker] DEBUG org.springframework.core.io.support.PathMatchingResourcePatternResolver - Searching directory [C:\Users\paulo.almeida.junior\Documents\workspace-sts-3.9.1.RELEASE\diff-exam\build\classes\test\diff] for files matching pattern [C:/Users/paulo.almeida.junior/Documents/workspace-sts-3.9.1.RELEASE/diff-exam/build/classes/test/diff/*.class]
22:44:28.430 [Test worker] DEBUG org.springframework.core.io.support.PathMatchingResourcePatternResolver - Looking for matching resources in directory tree [C:\Users\paulo.almeida.junior\Documents\workspace-sts-3.9.1.RELEASE\diff-exam\build\classes\main\diff]
22:44:28.431 [Test worker] DEBUG org.springframework.core.io.support.PathMatchingResourcePatternResolver - Searching directory [C:\Users\paulo.almeida.junior\Documents\workspace-sts-3.9.1.RELEASE\diff-exam\build\classes\main\diff] for files matching pattern [C:/Users/paulo.almeida.junior/Documents/workspace-sts-3.9.1.RELEASE/diff-exam/build/classes/main/diff/*.class]
22:44:28.432 [Test worker] DEBUG org.springframework.core.io.support.PathMatchingResourcePatternResolver - Resolved location pattern [classpath*:diff/*.class] to resources [file [C:\Users\paulo.almeida.junior\Documents\workspace-sts-3.9.1.RELEASE\diff-exam\build\classes\test\diff\DifferControllerTests.class], file [C:\Users\paulo.almeida.junior\Documents\workspace-sts-3.9.1.RELEASE\diff-exam\build\classes\test\diff\DifferRepositoryTests.class], file [C:\Users\paulo.almeida.junior\Documents\workspace-sts-3.9.1.RELEASE\diff-exam\build\classes\test\diff\DifferServiceTests.class], file [C:\Users\paulo.almeida.junior\Documents\workspace-sts-3.9.1.RELEASE\diff-exam\build\classes\main\diff\Application.class]]
22:44:28.480 [Test worker] DEBUG org.springframework.context.annotation.ClassPathScanningCandidateComponentProvider - Identified candidate component class: file [C:\Users\paulo.almeida.junior\Documents\workspace-sts-3.9.1.RELEASE\diff-exam\build\classes\main\diff\Application.class]
22:44:28.481 [Test worker] INFO org.springframework.boot.test.context.SpringBootTestContextBootstrapper - Found @SpringBootConfiguration diff.Application for test class diff.DifferControllerTests
22:44:28.488 [Test worker] DEBUG org.springframework.boot.test.context.SpringBootTestContextBootstrapper - @TestExecutionListeners is not present for class [diff.DifferControllerTests]: using defaults.
22:44:28.492 [Test worker] INFO org.springframework.boot.test.context.SpringBootTestContextBootstrapper - Loaded default TestExecutionListener class names from location [META-INF/spring.factories]: [org.springframework.boot.test.mock.mockito.MockitoTestExecutionListener, org.springframework.boot.test.mock.mockito.ResetMocksTestExecutionListener, org.springframework.boot.test.autoconfigure.restdocs.RestDocsTestExecutionListener, org.springframework.boot.test.autoconfigure.web.client.MockRestServiceServerResetTestExecutionListener, org.springframework.boot.test.autoconfigure.web.servlet.MockMvcPrintOnlyOnFailureTestExecutionListener, org.springframework.boot.test.autoconfigure.web.servlet.WebDriverTestExecutionListener, org.springframework.test.context.web.ServletTestExecutionListener, org.springframework.test.context.support.DirtiesContextBeforeModesTestExecutionListener, org.springframework.test.context.support.DependencyInjectionTestExecutionListener, org.springframework.test.context.support.DirtiesContextTestExecutionListener, org.springframework.test.context.transaction.TransactionalTestExecutionListener, org.springframework.test.context.jdbc.SqlScriptsTestExecutionListener]
22:44:28.521 [Test worker] INFO org.springframework.boot.test.context.SpringBootTestContextBootstrapper - Using TestExecutionListeners: [org.springframework.test.context.web.ServletTestExecutionListener@23821e20, org.springframework.test.context.support.DirtiesContextBeforeModesTestExecutionListener@f4aff76, org.springframework.boot.test.autoconfigure.SpringBootDependencyInjectionTestExecutionListener@74c2c2a, org.springframework.test.context.support.DirtiesContextTestExecutionListener@107f4ef2, org.springframework.test.context.transaction.TransactionalTestExecutionListener@23bf21c3, org.springframework.test.context.jdbc.SqlScriptsTestExecutionListener@7bd6cb8d, org.springframework.boot.test.autoconfigure.restdocs.RestDocsTestExecutionListener@1d1d95a1, org.springframework.boot.test.autoconfigure.web.client.MockRestServiceServerResetTestExecutionListener@77ff502e, org.springframework.boot.test.autoconfigure.web.servlet.MockMvcPrintOnlyOnFailureTestExecutionListener@2d14d62b, org.springframework.boot.test.mock.mockito.MockitoTestExecutionListener@6053faa7, org.springframework.boot.test.mock.mockito.ResetMocksTestExecutionListener@1192cb91, org.springframework.boot.test.autoconfigure.web.servlet.WebDriverTestExecutionListener@1c6187ad]
22:44:28.525 [Test worker] DEBUG org.springframework.test.annotation.ProfileValueUtils - Retrieved @ProfileValueSourceConfiguration [null] for test class [diff.DifferControllerTests]
22:44:28.525 [Test worker] DEBUG org.springframework.test.annotation.ProfileValueUtils - Retrieved ProfileValueSource type [class org.springframework.test.annotation.SystemProfileValueSource] for class [diff.DifferControllerTests]
22:44:28.526 [Test worker] DEBUG org.springframework.test.annotation.ProfileValueUtils - Retrieved @ProfileValueSourceConfiguration [null] for test class [diff.DifferControllerTests]
22:44:28.526 [Test worker] DEBUG org.springframework.test.annotation.ProfileValueUtils - Retrieved ProfileValueSource type [class org.springframework.test.annotation.SystemProfileValueSource] for class [diff.DifferControllerTests]
22:44:28.532 [Test worker] DEBUG org.springframework.test.context.support.AbstractDirtiesContextTestExecutionListener - Before test class: context [DefaultTestContext@7b3c4b63 testClass = DifferControllerTests, testInstance = [null], testMethod = [null], testException = [null], mergedContextConfiguration = [WebMergedContextConfiguration@5aaca364 testClass = DifferControllerTests, locations = '{}', classes = '{class diff.Application}', contextInitializerClasses = '[]', activeProfiles = '{}', propertySourceLocations = '{}', propertySourceProperties = '{org.springframework.boot.test.context.SpringBootTestContextBootstrapper=true}', contextCustomizers = set[[ImportsContextCustomizer@57b5c20e key = [org.springframework.boot.test.autoconfigure.web.servlet.MockMvcAutoConfiguration, org.springframework.boot.test.autoconfigure.web.servlet.MockMvcSecurityAutoConfiguration, org.springframework.boot.test.autoconfigure.web.servlet.MockMvcWebClientAutoConfiguration, org.springframework.boot.test.autoconfigure.web.servlet.MockMvcWebDriverAutoConfiguration]], org.springframework.boot.test.context.SpringBootTestContextCustomizer@620477a9, org.springframework.boot.test.context.filter.ExcludeFilterContextCustomizer@3c2ef065, org.springframework.boot.test.json.DuplicateJsonObjectContextCustomizerFactory$DuplicateJsonObjectContextCustomizer@6e5179cc, org.springframework.boot.test.mock.mockito.MockitoContextCustomizer@0, org.springframework.boot.test.autoconfigure.properties.PropertyMappingContextCustomizer@e7e8512, org.springframework.boot.test.autoconfigure.web.servlet.WebDriverContextCustomizerFactory$Customizer@4a9507ce], resourceBasePath = 'src/main/webapp', contextLoader = 'org.springframework.boot.test.context.SpringBootContextLoader', parent = [null]]], class annotated with @DirtiesContext [false] with mode [null].
22:44:28.533 [Test worker] DEBUG org.springframework.test.annotation.ProfileValueUtils - Retrieved @ProfileValueSourceConfiguration [null] for test class [diff.DifferControllerTests]
22:44:28.533 [Test worker] DEBUG org.springframework.test.annotation.ProfileValueUtils - Retrieved ProfileValueSource type [class org.springframework.test.annotation.SystemProfileValueSource] for class [diff.DifferControllerTests]
22:44:28.606 [Test worker] DEBUG org.springframework.core.env.StandardEnvironment - Adding PropertySource 'systemProperties' with lowest search precedence
22:44:28.606 [Test worker] DEBUG org.springframework.core.env.StandardEnvironment - Adding PropertySource 'systemEnvironment' with lowest search precedence
22:44:28.608 [Test worker] DEBUG org.springframework.core.env.StandardEnvironment - Initialized StandardEnvironment with PropertySources [MapPropertySource@1840509782 {name='systemProperties', properties={java.runtime.name=Java(TM) SE Runtime Environment, sun.boot.library.path=C:\Program Files\Java\jdk1.8.0_102\jre\bin, java.vm.version=25.102-b14, java.vm.vendor=Oracle Corporation, java.vendor.url=http://java.oracle.com/, path.separator=;, java.vm.name=Java HotSpot(TM) 64-Bit Server VM, file.encoding.pkg=sun.io, user.script=, sun.java.launcher=SUN_STANDARD, user.country=US, sun.os.patch.level=, java.vm.specification.name=Java Virtual Machine Specification, user.dir=C:\Users\paulo.almeida.junior\Documents\workspace-sts-3.9.1.RELEASE\diff-exam, java.runtime.version=1.8.0_102-b14, java.awt.graphicsenv=sun.awt.Win32GraphicsEnvironment, java.endorsed.dirs=C:\Program Files\Java\jdk1.8.0_102\jre\lib\endorsed, os.arch=amd64, java.io.tmpdir=C:\Users\PAULOA~1.JUN\AppData\Local\Temp\, line.separator=
, java.vm.specification.vendor=Oracle Corporation, user.variant=, os.name=Windows 10, sun.jnu.encoding=Cp1252, java.library.path=C:\Program Files\Java\jdk1.8.0_102\bin;C:\Windows\Sun\Java\bin;C:\Windows\system32;C:\Windows;C:\ProgramData\Oracle\Java\javapath;C:\Program Files\Java\jdk1.8.0_102\\bin;C:\Program Files (x86)\RSA SecurID Token Common;C:\Program Files (x86)\Intel\iCLS Client\;C:\Program Files\Intel\iCLS Client\;C:\Windows\system32;C:\Windows;C:\Windows\System32\Wbem;C:\Windows\System32\WindowsPowerShell\v1.0\;C:\Program Files (x86)\Intel\Intel(R) Management Engine Components\DAL;C:\Program Files\Intel\Intel(R) Management Engine Components\DAL;C:\Program Files (x86)\Intel\Intel(R) Management Engine Components\IPT;C:\Program Files\Intel\Intel(R) Management Engine Components\IPT;C:\Program Files\Intel\WiFi\bin\;C:\Program Files\Common Files\Intel\WirelessCommon\;C:\Program Files\Git\cmd;C:\Program Files (x86)\Skype\Phone\;C:\wamp64\bin\php\php7.0.10\;C:\Program Files\TortoiseGit\bin;C:\Program Files\TortoiseSVN\bin;;., java.specification.name=Java Platform API Specification, java.class.version=52.0, sun.management.compiler=HotSpot 64-Bit Tiered Compilers, os.version=10.0, user.home=C:\Users\paulo.almeida.junior, user.timezone=America/Sao_Paulo, java.awt.printerjob=sun.awt.windows.WPrinterJob, file.encoding=windows-1252, java.specification.version=1.8, java.class.path=C:\Users\paulo.almeida.junior\Documents\workspace-sts-3.9.1.RELEASE\diff-exam\build\classes\test;C:\Users\paulo.almeida.junior\Documents\workspace-sts-3.9.1.RELEASE\diff-exam\build\resources\test;C:\Users\paulo.almeida.junior\Documents\workspace-sts-3.9.1.RELEASE\diff-exam\build\classes\main;C:\Users\paulo.almeida.junior\Documents\workspace-sts-3.9.1.RELEASE\diff-exam\build\resources\main;C:\Users\paulo.almeida.junior\.gradle\caches\modules-2\files-2.1\org.springframework.boot\spring-boot-starter-web\1.5.9.RELEASE\bda9733d5e6ba6d1a97deead1738713dc0631b3e\spring-boot-starter-web-1.5.9.RELEASE.jar;C:\Users\paulo.almeida.junior\.gradle\caches\modules-2\files-2.1\org.springframework.boot\spring-boot-starter-test\1.5.9.RELEASE\b5adf6fbf53be00b7ae52f657d564122edbe5156\spring-boot-starter-test-1.5.9.RELEASE.jar;C:\Users\paulo.almeida.junior\.gradle\caches\modules-2\files-2.1\org.springframework.boot\spring-boot-starter-data-jpa\1.5.9.RELEASE\8628320876aa12cc406216523effe954fbd354c0\spring-boot-starter-data-jpa-1.5.9.RELEASE.jar;C:\Users\paulo.almeida.junior\.gradle\caches\modules-2\files-2.1\io.springfox\springfox-swagger-ui\2.7.0\92608eb6c2056810b4e3189196b4e8cce645d6de\springfox-swagger-ui-2.7.0.jar;C:\Users\paulo.almeida.junior\.gradle\caches\modules-2\files-2.1\io.springfox\springfox-swagger2\2.7.0\dd28b7ce26af1209d6ef19f5f24a8c23b41ca6fc\springfox-swagger2-2.7.0.jar;C:\Users\paulo.almeida.junior\.gradle\caches\modules-2\files-2.1\com.jayway.jsonpath\json-path\2.2.0\22290d17944bd239fabf5ac69005a60a7ecbbbcb\json-path-2.2.0.jar;C:\Users\paulo.almeida.junior\.gradle\caches\modules-2\files-2.1\com.h2database\h2\1.4.196\dd0034398d593aa3588c6773faac429bbd9aea0e\h2-1.4.196.jar;C:\Users\paulo.almeida.junior\.gradle\caches\modules-2\files-2.1\org.springframework.boot\spring-boot-starter\1.5.9.RELEASE\6bfb34db2715ee86c6e2337fa145650588b4b1b3\spring-boot-starter-1.5.9.RELEASE.jar;C:\Users\paulo.almeida.junior\.gradle\caches\modules-2\files-2.1\org.springframework.boot\spring-boot-starter-tomcat\1.5.9.RELEASE\4615056f8a2bcad03ba8cdf410419ee3d101c5bb\spring-boot-starter-tomcat-1.5.9.RELEASE.jar;C:\Users\paulo.almeida.junior\.gradle\caches\modules-2\files-2.1\org.hibernate\hibernate-validator\5.3.6.Final\4c730be8bf55a8e9a61e79a2f2c079abf48b718\hibernate-validator-5.3.6.Final.jar;C:\Users\paulo.almeida.junior\.gradle\caches\modules-2\files-2.1\com.fasterxml.jackson.core\jackson-databind\2.8.10\f7b83cb2bc4b88d53961e749e1ad32f49ef017b7\jackson-databind-2.8.10.jar;C:\Users\paulo.almeida.junior\.gradle\caches\modules-2\files-2.1\org.springframework\spring-web\4.3.13.RELEASE\7cd084992d546165ede3e99bc31ee49c937f0ce7\spring-web-4.3.13.RELEASE.jar;C:\Users\paulo.almeida.junior\.gradle\caches\modules-2\files-2.1\org.springframework\spring-webmvc\4.3.13.RELEASE\87a095c7a1d13fe433ae6712787238c1dbaa6919\spring-webmvc-4.3.13.RELEASE.jar;C:\Users\paulo.almeida.junior\.gradle\caches\modules-2\files-2.1\org.springframework.boot\spring-boot-test\1.5.9.RELEASE\7e604d56325f04a8b89a280e647746fc69e5a21f\spring-boot-test-1.5.9.RELEASE.jar;C:\Users\paulo.almeida.junior\.gradle\caches\modules-2\files-2.1\org.springframework.boot\spring-boot-test-autoconfigure\1.5.9.RELEASE\b428495e25b0531b2a977f51c5d29011c817b8ee\spring-boot-test-autoconfigure-1.5.9.RELEASE.jar;C:\Users\paulo.almeida.junior\.gradle\caches\modules-2\files-2.1\junit\junit\4.12\2973d150c0dc1fefe998f834810d68f278ea58ec\junit-4.12.jar;C:\Users\paulo.almeida.junior\.gradle\caches\modules-2\files-2.1\org.assertj\assertj-core\2.6.0\b532c3fc4f66bcfee4989a3514f1cd56203a33ad\assertj-core-2.6.0.jar;C:\Users\paulo.almeida.junior\.gradle\caches\modules-2\files-2.1\org.mockito\mockito-core\1.10.19\e8546f5bef4e061d8dd73895b4e8f40e3fe6effe\mockito-core-1.10.19.jar;C:\Users\paulo.almeida.junior\.gradle\caches\modules-2\files-2.1\org.hamcrest\hamcrest-core\1.3\42a25dc3219429f0e5d060061f71acb49bf010a0\hamcrest-core-1.3.jar;C:\Users\paulo.almeida.junior\.gradle\caches\modules-2\files-2.1\org.hamcrest\hamcrest-library\1.3\4785a3c21320980282f9f33d0d1264a69040538f\hamcrest-library-1.3.jar;C:\Users\paulo.almeida.junior\.gradle\caches\modules-2\files-2.1\org.skyscreamer\jsonassert\1.4.0\9cdbb373a06f6513e51e8c545ee6a5e981463edb\jsonassert-1.4.0.jar;C:\Users\paulo.almeida.junior\.gradle\caches\modules-2\files-2.1\org.springframework\spring-core\4.3.13.RELEASE\eea18d7f4d01f1baa1b6728b678b5a6fe23c61f6\spring-core-4.3.13.RELEASE.jar;C:\Users\paulo.almeida.junior\.gradle\caches\modules-2\files-2.1\org.springframework\spring-test\4.3.13.RELEASE\f4ff71b0d628d37f334d4f1f197c1b8cea364d01\spring-test-4.3.13.RELEASE.jar;C:\Users\paulo.almeida.junior\.gradle\caches\modules-2\files-2.1\org.springframework.boot\spring-boot-starter-aop\1.5.9.RELEASE\fab419df8d7a13968a51ebfcbcad7ef320d66184\spring-boot-starter-aop-1.5.9.RELEASE.jar;C:\Users\paulo.almeida.junior\.gradle\caches\modules-2\files-2.1\org.springframework.boot\spring-boot-starter-jdbc\1.5.9.RELEASE\6769ecea55e952afb64f17975638c5afd1e59ef3\spring-boot-starter-jdbc-1.5.9.RELEASE.jar;C:\Users\paulo.almeida.junior\.gradle\caches\modules-2\files-2.1\org.hibernate\hibernate-core\5.0.12.Final\e58bf1c660e6706d8e2cbb53bae110f574366102\hibernate-core-5.0.12.Final.jar;C:\Users\paulo.almeida.junior\.gradle\caches\modules-2\files-2.1\org.hibernate\hibernate-entitymanager\5.0.12.Final\302a526f5058290e9cbd719a5caf9f248d344719\hibernate-entitymanager-5.0.12.Final.jar;C:\Users\paulo.almeida.junior\.gradle\caches\modules-2\files-2.1\javax.transaction\javax.transaction-api\1.2\d81aff979d603edd90dcd8db2abc1f4ce6479e3e\javax.transaction-api-1.2.jar;C:\Users\paulo.almeida.junior\.gradle\caches\modules-2\files-2.1\org.springframework.data\spring-data-jpa\1.11.9.RELEASE\64c80f12361d5b74cf98a3433b59a5c961d78d38\spring-data-jpa-1.11.9.RELEASE.jar;C:\Users\paulo.almeida.junior\.gradle\caches\modules-2\files-2.1\org.springframework\spring-aspects\4.3.13.RELEASE\c91788e6b7c431379d0f7fe5f85f427d7e3f01ae\spring-aspects-4.3.13.RELEASE.jar;C:\Users\paulo.almeida.junior\.gradle\caches\modules-2\files-2.1\io.springfox\springfox-spring-web\2.7.0\a54be5572b6b5210f6892e13d6b136dde5e96bf6\springfox-spring-web-2.7.0.jar;C:\Users\paulo.almeida.junior\.gradle\caches\modules-2\files-2.1\io.swagger\swagger-annotations\1.5.13\72433c890a61a876d22063e269be421c810a1a8d\swagger-annotations-1.5.13.jar;C:\Users\paulo.almeida.junior\.gradle\caches\modules-2\files-2.1\io.swagger\swagger-models\1.5.13\571a0046f35f9dac569a1870465248595e33ccdb\swagger-models-1.5.13.jar;C:\Users\paulo.almeida.junior\.gradle\caches\modules-2\files-2.1\io.springfox\springfox-spi\2.7.0\dab14edcb863dd506278dc950908b4f684e93b7\springfox-spi-2.7.0.jar;C:\Users\paulo.almeida.junior\.gradle\caches\modules-2\files-2.1\io.springfox\springfox-schema\2.7.0\aab297a6781e829b9d6bac514a4dc860966c3c8d\springfox-schema-2.7.0.jar;C:\Users\paulo.almeida.junior\.gradle\caches\modules-2\files-2.1\io.springfox\springfox-swagger-common\2.7.0\5a632aecc733753887f90592382fa271e546062a\springfox-swagger-common-2.7.0.jar;C:\Users\paulo.almeida.junior\.gradle\caches\modules-2\files-2.1\com.fasterxml\classmate\1.3.4\3d5f48f10bbe4eb7bd862f10c0583be2e0053c6\classmate-1.3.4.jar;C:\Users\paulo.almeida.junior\.gradle\caches\modules-2\files-2.1\org.slf4j\slf4j-api\1.7.25\da76ca59f6a57ee3102f8f9bd9cee742973efa8a\slf4j-api-1.7.25.jar;C:\Users\paulo.almeida.junior\.gradle\caches\modules-2\files-2.1\org.springframework.plugin\spring-plugin-core\1.2.0.RELEASE\f380e7760032e7d929184f8ad8a33716b75c0657\spring-plugin-core-1.2.0.RELEASE.jar;C:\Users\paulo.almeida.junior\.gradle\caches\modules-2\files-2.1\org.springframework.plugin\spring-plugin-metadata\1.2.0.RELEASE\97223fc496b6cab31602eedbd4202aa4fff0d44f\spring-plugin-metadata-1.2.0.RELEASE.jar;C:\Users\paulo.almeida.junior\.gradle\caches\modules-2\files-2.1\org.mapstruct\mapstruct\1.1.0.Final\65b81fa5234e1fd8461b77bbccee7b9ebc0bbbb2\mapstruct-1.1.0.Final.jar;C:\Users\paulo.almeida.junior\.gradle\caches\modules-2\files-2.1\net.minidev\json-smart\2.2.1\5b9e5df7a62d1279b70dc882b041d249c4f0b002\json-smart-2.2.1.jar;C:\Users\paulo.almeida.junior\.gradle\caches\modules-2\files-2.1\org.springframework.boot\spring-boot\1.5.9.RELEASE\f472cdf948288796fb31e0bb03f6e7b022b763a0\spring-boot-1.5.9.RELEASE.jar;C:\Users\paulo.almeida.junior\.gradle\caches\modules-2\files-2.1\org.springframework.boot\spring-boot-autoconfigure\1.5.9.RELEASE\88dd18bdaf317ae40971573a051fd47265f2ed39\spring-boot-autoconfigure-1.5.9.RELEASE.jar;C:\Users\paulo.almeida.junior\.gradle\caches\modules-2\files-2.1\org.springframework.boot\spring-boot-starter-logging\1.5.9.RELEASE\30fd62a1ce9639759d90d49608501082314c1628\spring-boot-starter-logging-1.5.9.RELEASE.jar;C:\Users\paulo.almeida.junior\.gradle\caches\modules-2\files-2.1\org.yaml\snakeyaml\1.17\7a27ea250c5130b2922b86dea63cbb1cc10a660c\snakeyaml-1.17.jar;C:\Users\paulo.almeida.junior\.gradle\caches\modules-2\files-2.1\org.apache.tomcat.embed\tomcat-embed-core\8.5.23\79261793a47f507890ee08f749b9d81774e4f7f0\tomcat-embed-core-8.5.23.jar;C:\Users\paulo.almeida.junior\.gradle\caches\modules-2\files-2.1\org.apache.tomcat.embed\tomcat-embed-el\8.5.23\98d979cde444dffa6d434c8377d0123b2dfa614c\tomcat-embed-el-8.5.23.jar;C:\Users\paulo.almeida.junior\.gradle\caches\modules-2\files-2.1\org.apache.tomcat.embed\tomcat-embed-websocket\8.5.23\52f07abcae10dc7e1764304b0877def175c2c833\tomcat-embed-websocket-8.5.23.jar;C:\Users\paulo.almeida.junior\.gradle\caches\modules-2\files-2.1\javax.validation\validation-api\1.1.0.Final\8613ae82954779d518631e05daa73a6a954817d5\validation-api-1.1.0.Final.jar;C:\Users\paulo.almeida.junior\.gradle\caches\modules-2\files-2.1\org.jboss.logging\jboss-logging\3.3.1.Final\c46217ab74b532568c0ed31dc599db3048bd1b67\jboss-logging-3.3.1.Final.jar;C:\Users\paulo.almeida.junior\.gradle\caches\modules-2\files-2.1\com.fasterxml.jackson.core\jackson-annotations\2.8.0\45b426f7796b741035581a176744d91090e2e6fb\jackson-annotations-2.8.0.jar;C:\Users\paulo.almeida.junior\.gradle\caches\modules-2\files-2.1\com.fasterxml.jackson.core\jackson-core\2.8.10\eb21a035c66ad307e66ec8fce37f5d50fd62d039\jackson-core-2.8.10.jar;C:\Users\paulo.almeida.junior\.gradle\caches\modules-2\files-2.1\org.springframework\spring-aop\4.3.13.RELEASE\61f427b55951f59b50f3c2bd0de3c48960e2a342\spring-aop-4.3.13.RELEASE.jar;C:\Users\paulo.almeida.junior\.gradle\caches\modules-2\files-2.1\org.springframework\spring-beans\4.3.13.RELEASE\8613a7077722f1d97f8cb3fea4b0b40bfadf4496\spring-beans-4.3.13.RELEASE.jar;C:\Users\paulo.almeida.junior\.gradle\caches\modules-2\files-2.1\org.springframework\spring-context\4.3.13.RELEASE\6ab1c189a13182fa3256f6bbc68fafdaf8f5a19e\spring-context-4.3.13.RELEASE.jar;C:\Users\paulo.almeida.junior\.gradle\caches\modules-2\files-2.1\org.springframework\spring-expression\4.3.13.RELEASE\da22bf7df1262e429b49653be6cd5b89b6affe5e\spring-expression-4.3.13.RELEASE.jar;C:\Users\paulo.almeida.junior\.gradle\caches\modules-2\files-2.1\org.objenesis\objenesis\2.1\87c0ea803b69252868d09308b4618f766f135a96\objenesis-2.1.jar;C:\Users\paulo.almeida.junior\.gradle\caches\modules-2\files-2.1\com.vaadin.external.google\android-json\0.0.20131108.vaadin1\fa26d351fe62a6a17f5cda1287c1c6110dec413f\android-json-0.0.20131108.vaadin1.jar;C:\Users\paulo.almeida.junior\.gradle\caches\modules-2\files-2.1\org.aspectj\aspectjweaver\1.8.13\ad94df2a28d658a40dc27bbaff6a1ce5fbf04e9b\aspectjweaver-1.8.13.jar;C:\Users\paulo.almeida.junior\.gradle\caches\modules-2\files-2.1\org.apache.tomcat\tomcat-jdbc\8.5.23\6036400a8f2d90dd3ae3a4d09e5136c56002887b\tomcat-jdbc-8.5.23.jar;C:\Users\paulo.almeida.junior\.gradle\caches\modules-2\files-2.1\org.springframework\spring-jdbc\4.3.13.RELEASE\68e95c2a065641559c7dab7b605bc5847ab026ad\spring-jdbc-4.3.13.RELEASE.jar;C:\Users\paulo.almeida.junior\.gradle\caches\modules-2\files-2.1\org.hibernate.javax.persistence\hibernate-jpa-2.1-api\1.0.0.Final\5e731d961297e5a07290bfaf3db1fbc8bbbf405a\hibernate-jpa-2.1-api-1.0.0.Final.jar;C:\Users\paulo.almeida.junior\.gradle\caches\modules-2\files-2.1\org.javassist\javassist\3.21.0-GA\598244f595db5c5fb713731eddbb1c91a58d959b\javassist-3.21.0-GA.jar;C:\Users\paulo.almeida.junior\.gradle\caches\modules-2\files-2.1\antlr\antlr\2.7.7\83cd2cd674a217ade95a4bb83a8a14f351f48bd0\antlr-2.7.7.jar;C:\Users\paulo.almeida.junior\.gradle\caches\modules-2\files-2.1\org.jboss\jandex\2.0.0.Final\3e899258936f94649c777193e1be846387ed54b3\jandex-2.0.0.Final.jar;C:\Users\paulo.almeida.junior\.gradle\caches\modules-2\files-2.1\dom4j\dom4j\1.6.1\5d3ccc056b6f056dbf0dddfdf43894b9065a8f94\dom4j-1.6.1.jar;C:\Users\paulo.almeida.junior\.gradle\caches\modules-2\files-2.1\org.hibernate.common\hibernate-commons-annotations\5.0.1.Final\71e1cff3fcb20d3b3af4f3363c3ddb24d33c6879\hibernate-commons-annotations-5.0.1.Final.jar;C:\Users\paulo.almeida.junior\.gradle\caches\modules-2\files-2.1\org.springframework.data\spring-data-commons\1.13.9.RELEASE\3910a598235d2e9c1ca56f34c5e62bb5ce23778\spring-data-commons-1.13.9.RELEASE.jar;C:\Users\paulo.almeida.junior\.gradle\caches\modules-2\files-2.1\org.springframework\spring-orm\4.3.13.RELEASE\382d3ce044204947f8f2b3fa67a665d4e2bd346f\spring-orm-4.3.13.RELEASE.jar;C:\Users\paulo.almeida.junior\.gradle\caches\modules-2\files-2.1\org.springframework\spring-tx\4.3.13.RELEASE\6ebf7b3f2099fa884038d9d7bd44817ebd9c5b4a\spring-tx-4.3.13.RELEASE.jar;C:\Users\paulo.almeida.junior\.gradle\caches\modules-2\files-2.1\org.slf4j\jcl-over-slf4j\1.7.25\f8c32b13ff142a513eeb5b6330b1588dcb2c0461\jcl-over-slf4j-1.7.25.jar;C:\Users\paulo.almeida.junior\.gradle\caches\modules-2\files-2.1\org.reflections\reflections\0.9.11\4c686033d918ec1727e329b7222fcb020152e32b\reflections-0.9.11.jar;C:\Users\paulo.almeida.junior\.gradle\caches\modules-2\files-2.1\io.springfox\springfox-core\2.7.0\f3e6d1cf5170b4b56ee0a00c1b3b05221f2ecb96\springfox-core-2.7.0.jar;C:\Users\paulo.almeida.junior\.gradle\caches\modules-2\files-2.1\net.minidev\accessors-smart\1.1\a527213f2fea112a04c9bdf0ec0264e34104cd08\accessors-smart-1.1.jar;C:\Users\paulo.almeida.junior\.gradle\caches\modules-2\files-2.1\ch.qos.logback\logback-classic\1.1.11\ccedfbacef4a6515d2983e3f89ed753d5d4fb665\logback-classic-1.1.11.jar;C:\Users\paulo.almeida.junior\.gradle\caches\modules-2\files-2.1\org.slf4j\jul-to-slf4j\1.7.25\af5364cd6679bfffb114f0dec8a157aaa283b76\jul-to-slf4j-1.7.25.jar;C:\Users\paulo.almeida.junior\.gradle\caches\modules-2\files-2.1\org.slf4j\log4j-over-slf4j\1.7.25\a87bb47468f47ee7aabbd54f93e133d4215769c3\log4j-over-slf4j-1.7.25.jar;C:\Users\paulo.almeida.junior\.gradle\caches\modules-2\files-2.1\org.apache.tomcat\tomcat-annotations-api\8.5.23\aaf17df9fe0240e9e9d5375d24d5f177174b73d9\tomcat-annotations-api-8.5.23.jar;C:\Users\paulo.almeida.junior\.gradle\caches\modules-2\files-2.1\org.apache.tomcat\tomcat-juli\8.5.23\98e7f0610b7b2fb8303f11be0210e3f5a56a7d55\tomcat-juli-8.5.23.jar;C:\Users\paulo.almeida.junior\.gradle\caches\modules-2\files-2.1\net.bytebuddy\byte-buddy\1.6.14\871c3e49dc6183d0d361601c2f1d11abb1a6b48c\byte-buddy-1.6.14.jar;C:\Users\paulo.almeida.junior\.gradle\caches\modules-2\files-2.1\org.ow2.asm\asm\5.0.3\dcc2193db20e19e1feca8b1240dbbc4e190824fa\asm-5.0.3.jar;C:\Users\paulo.almeida.junior\.gradle\caches\modules-2\files-2.1\ch.qos.logback\logback-core\1.1.11\88b8df40340eed549fb07e2613879bf6b006704d\logback-core-1.1.11.jar;C:\Users\paulo.almeida.junior\.gradle\caches\modules-2\files-2.1\com.google.guava\guava\20.0\89507701249388e1ed5ddcf8c41f4ce1be7831ef\guava-20.0.jar, user.name=paulo.almeida.junior, java.vm.specification.version=1.8, sun.java.command=jarjar.org.gradle.process.internal.launcher.GradleWorkerMain 'Gradle Test Executor 1', java.home=C:\Program Files\Java\jdk1.8.0_102\jre, sun.arch.data.model=64, user.language=en, java.specification.vendor=Oracle Corporation, awt.toolkit=sun.awt.windows.WToolkit, java.vm.info=mixed mode, java.version=1.8.0_102, java.ext.dirs=C:\Program Files\Java\jdk1.8.0_102\jre\lib\ext;C:\Windows\Sun\Java\lib\ext, sun.boot.class.path=C:\Program Files\Java\jdk1.8.0_102\jre\lib\resources.jar;C:\Program Files\Java\jdk1.8.0_102\jre\lib\rt.jar;C:\Program Files\Java\jdk1.8.0_102\jre\lib\sunrsasign.jar;C:\Program Files\Java\jdk1.8.0_102\jre\lib\jsse.jar;C:\Program Files\Java\jdk1.8.0_102\jre\lib\jce.jar;C:\Program Files\Java\jdk1.8.0_102\jre\lib\charsets.jar;C:\Program Files\Java\jdk1.8.0_102\jre\lib\jfr.jar;C:\Program Files\Java\jdk1.8.0_102\jre\classes, java.vendor=Oracle Corporation, org.gradle.test.worker=1, file.separator=\, java.vendor.url.bug=http://bugreport.sun.com/bugreport/, sun.io.unicode.encoding=UnicodeLittle, sun.cpu.endian=little, sun.desktop=windows, sun.cpu.isalist=amd64}}, SystemEnvironmentPropertySource@821001822 {name='systemEnvironment', properties={USERDOMAIN_ROAMINGPROFILE=DIR, PROCESSOR_LEVEL=6, SESSIONNAME=Console, ALLUSERSPROFILE=C:\ProgramData, PROCESSOR_ARCHITECTURE=AMD64, PSModulePath=C:\Program Files\WindowsPowerShell\Modules;C:\Windows\system32\WindowsPowerShell\v1.0\Modules, SystemDrive=C:, =E:=E:\, =ExitCode=00000000, DIRNAME=C:\Users\paulo.almeida.junior\Documents\workspace-sts-3.9.1.RELEASE\diff-exam\, USERNAME=paulo.almeida.junior, USERDNSDOMAIN=DIR.SVC.ACCENTURE.COM, CMD_LINE_ARGS=build, ProgramFiles(x86)=C:\Program Files (x86), FPS_BROWSER_USER_PROFILE_STRING=Default, APP_HOME=C:\Users\paulo.almeida.junior\Documents\workspace-sts-3.9.1.RELEASE\diff-exam\, PATHEXT=.COM;.EXE;.BAT;.CMD;.VBS;.VBE;.JS;.JSE;.WSF;.WSH;.MSC, ProgramData=C:\ProgramData, =F:=F:\, ProgramW6432=C:\Program Files, HOMEPATH=\Users\paulo.almeida.junior, PROCESSOR_IDENTIFIER=Intel64 Family 6 Model 78 Stepping 3, GenuineIntel, ProgramFiles=C:\Program Files, PUBLIC=C:\Users\Public, windir=C:\Windows, =::=::\, _SKIP=2, LOCALAPPDATA=C:\Users\paulo.almeida.junior\AppData\Local, USERDOMAIN=DIR, FPS_BROWSER_APP_PROFILE_STRING=Internet Explorer, LOGONSERVER=\\AMRDC3302, JAVA_HOME=C:\Program Files\Java\jdk1.8.0_102\, PROMPT=$P$G, OneDrive=C:\data\OneDrive - Accenture, =C:=C:\Users\paulo.almeida.junior\Documents\workspace-sts-3.9.1.RELEASE\diff-exam, APPDATA=C:\Users\paulo.almeida.junior\AppData\Roaming, JAVA_EXE=C:\Program Files\Java\jdk1.8.0_102\/bin/java.exe, VBOX_MSI_INSTALL_PATH=C:\Program Files\Oracle\VirtualBox\, CommonProgramFiles=C:\Program Files\Common Files, Path=C:\ProgramData\Oracle\Java\javapath;C:\Program Files\Java\jdk1.8.0_102\\bin;C:\Program Files (x86)\RSA SecurID Token Common;C:\Program Files (x86)\Intel\iCLS Client\;C:\Program Files\Intel\iCLS Client\;C:\Windows\system32;C:\Windows;C:\Windows\System32\Wbem;C:\Windows\System32\WindowsPowerShell\v1.0\;C:\Program Files (x86)\Intel\Intel(R) Management Engine Components\DAL;C:\Program Files\Intel\Intel(R) Management Engine Components\DAL;C:\Program Files (x86)\Intel\Intel(R) Management Engine Components\IPT;C:\Program Files\Intel\Intel(R) Management Engine Components\IPT;C:\Program Files\Intel\WiFi\bin\;C:\Program Files\Common Files\Intel\WirelessCommon\;C:\Program Files\Git\cmd;C:\Program Files (x86)\Skype\Phone\;C:\wamp64\bin\php\php7.0.10\;C:\Program Files\TortoiseGit\bin;C:\Program Files\TortoiseSVN\bin;, OS=Windows_NT, COMPUTERNAME=CPX-DH5WBKGGJUF, PROCESSOR_REVISION=4e03, CLASSPATH=C:\Users\paulo.almeida.junior\Documents\workspace-sts-3.9.1.RELEASE\diff-exam\\gradle\wrapper\gradle-wrapper.jar, CommonProgramW6432=C:\Program Files\Common Files, ComSpec=C:\Windows\system32\cmd.exe, UATDATA=C:\Windows\CCM\UATData\D9F8C395-CAB8-491d-B8AC-179A1FE1BE77, APP_BASE_NAME=gradlew, =D:=D:\, SystemRoot=C:\Windows, TEMP=C:\Users\PAULOA~1.JUN\AppData\Local\Temp, HOMEDRIVE=C:, USERPROFILE=C:\Users\paulo.almeida.junior, TMP=C:\Users\PAULOA~1.JUN\AppData\Local\Temp, CommonProgramFiles(x86)=C:\Program Files (x86)\Common Files, NUMBER_OF_PROCESSORS=4}}]
22:44:28.614 [Test worker] DEBUG org.springframework.core.env.MutablePropertySources - Adding PropertySource 'inline' with highest search precedence
22:44:28.622 [Test worker] DEBUG org.springframework.test.context.support.TestPropertySourceUtils - Adding inlined properties to environment: {spring.jmx.enabled=false, org.springframework.boot.test.context.SpringBootTestContextBootstrapper=true, server.port=-1}
22:44:28.623 [Test worker] DEBUG org.springframework.core.env.StandardEnvironment - Adding PropertySource 'Inlined Test Properties' with highest search precedence

  .   ____          _            __ _ _
 /\\ / ___'_ __ _ _(_)_ __  __ _ \ \ \ \
( ( )\___ | '_ | '_| | '_ \/ _` | \ \ \ \
 \\/  ___)| |_)| | | | | || (_| |  ) ) ) )
  '  |____| .__|_| |_|_| |_\__, | / / / /
 =========|_|==============|___/=/_/_/_/
 :: Spring Boot ::        (v1.5.9.RELEASE)

2017-12-23 22:44:29.059  INFO 2200 --- [    Test worker] diff.DifferControllerTests               : Starting DifferControllerTests on CPX-DH5WBKGGJUF with PID 2200 (started by paulo.almeida.junior in C:\Users\paulo.almeida.junior\Documents\workspace-sts-3.9.1.RELEASE\diff-exam)
2017-12-23 22:44:29.062  INFO 2200 --- [    Test worker] diff.DifferControllerTests               : No active profile set, falling back to default profiles: default
2017-12-23 22:44:29.098  INFO 2200 --- [    Test worker] o.s.w.c.s.GenericWebApplicationContext   : Refreshing org.springframework.web.context.support.GenericWebApplicationContext@2829dd71: startup date [Sat Dec 23 22:44:29 BRST 2017]; root of context hierarchy
2017-12-23 22:44:31.549  INFO 2200 --- [    Test worker] trationDelegate$BeanPostProcessorChecker : Bean 'org.springframework.transaction.annotation.ProxyTransactionManagementConfiguration' of type [org.springframework.transaction.annotation.ProxyTransactionManagementConfiguration$$EnhancerBySpringCGLIB$$9b9b89f0] is not eligible for getting processed by all BeanPostProcessors (for example: not eligible for auto-proxying)
2017-12-23 22:44:32.412  INFO 2200 --- [    Test worker] j.LocalContainerEntityManagerFactoryBean : Building JPA container EntityManagerFactory for persistence unit 'default'
2017-12-23 22:44:32.447  INFO 2200 --- [    Test worker] o.hibernate.jpa.internal.util.LogHelper  : HHH000204: Processing PersistenceUnitInfo [
	name: default
	...]
2017-12-23 22:44:32.600  INFO 2200 --- [    Test worker] org.hibernate.Version                    : HHH000412: Hibernate Core {5.0.12.Final}
2017-12-23 22:44:32.603  INFO 2200 --- [    Test worker] org.hibernate.cfg.Environment            : HHH000206: hibernate.properties not found
2017-12-23 22:44:32.606  INFO 2200 --- [    Test worker] org.hibernate.cfg.Environment            : HHH000021: Bytecode provider name : javassist
2017-12-23 22:44:32.720  INFO 2200 --- [    Test worker] o.hibernate.annotations.common.Version   : HCANN000001: Hibernate Commons Annotations {5.0.1.Final}
2017-12-23 22:44:33.053  INFO 2200 --- [    Test worker] org.hibernate.dialect.Dialect            : HHH000400: Using dialect: org.hibernate.dialect.H2Dialect
2017-12-23 22:44:33.825  INFO 2200 --- [    Test worker] org.hibernate.tool.hbm2ddl.SchemaUpdate  : HHH000228: Running hbm2ddl schema update
2017-12-23 22:44:33.904  INFO 2200 --- [    Test worker] j.LocalContainerEntityManagerFactoryBean : Initialized JPA EntityManagerFactory for persistence unit 'default'
2017-12-23 22:44:34.830  INFO 2200 --- [    Test worker] s.w.s.m.m.a.RequestMappingHandlerMapping : Mapped "{[/v1/diff/{id}],methods=[GET]}" onto public org.springframework.http.ResponseEntity<diff.domain.DifferResponse> diff.controller.DifferController.compare(java.lang.String) throws java.lang.Exception
2017-12-23 22:44:34.832  INFO 2200 --- [    Test worker] s.w.s.m.m.a.RequestMappingHandlerMapping : Mapped "{[/v1/diff/retrieveAll],methods=[GET]}" onto public java.util.List<diff.domain.DifferObject> diff.controller.DifferController.retrieveAll()
2017-12-23 22:44:34.833  INFO 2200 --- [    Test worker] s.w.s.m.m.a.RequestMappingHandlerMapping : Mapped "{[/v1/diff/{id}/{side}],methods=[POST],consumes=[application/json]}" onto public org.springframework.http.ResponseEntity<diff.domain.DifferObject> diff.controller.DifferController.defineData(java.lang.String,java.lang.String,diff.domain.DifferBean)
2017-12-23 22:44:34.836  INFO 2200 --- [    Test worker] s.w.s.m.m.a.RequestMappingHandlerMapping : Mapped "{[/swagger-resources/configuration/security]}" onto public org.springframework.http.ResponseEntity<springfox.documentation.swagger.web.SecurityConfiguration> springfox.documentation.swagger.web.ApiResourceController.securityConfiguration()
2017-12-23 22:44:34.837  INFO 2200 --- [    Test worker] s.w.s.m.m.a.RequestMappingHandlerMapping : Mapped "{[/swagger-resources/configuration/ui]}" onto public org.springframework.http.ResponseEntity<springfox.documentation.swagger.web.UiConfiguration> springfox.documentation.swagger.web.ApiResourceController.uiConfiguration()
2017-12-23 22:44:34.838  INFO 2200 --- [    Test worker] s.w.s.m.m.a.RequestMappingHandlerMapping : Mapped "{[/swagger-resources]}" onto public org.springframework.http.ResponseEntity<java.util.List<springfox.documentation.swagger.web.SwaggerResource>> springfox.documentation.swagger.web.ApiResourceController.swaggerResources()
2017-12-23 22:44:35.114  INFO 2200 --- [    Test worker] pertySourcedRequestMappingHandlerMapping : Mapped URL path [/v2/api-docs] onto method [public org.springframework.http.ResponseEntity<springfox.documentation.spring.web.json.Json> springfox.documentation.swagger2.web.Swagger2Controller.getDocumentation(java.lang.String,javax.servlet.http.HttpServletRequest)]
2017-12-23 22:44:35.441  INFO 2200 --- [    Test worker] o.s.b.t.m.w.SpringBootMockServletContext : Initializing Spring FrameworkServlet ''
2017-12-23 22:44:35.443  INFO 2200 --- [    Test worker] o.s.t.web.servlet.TestDispatcherServlet  : FrameworkServlet '': initialization started
2017-12-23 22:44:35.530  INFO 2200 --- [    Test worker] o.s.w.s.handler.SimpleUrlHandlerMapping  : Mapped URL path [/webjars/**] onto handler of type [class org.springframework.web.servlet.resource.ResourceHttpRequestHandler]
2017-12-23 22:44:35.531  INFO 2200 --- [    Test worker] o.s.w.s.handler.SimpleUrlHandlerMapping  : Mapped URL path [/**] onto handler of type [class org.springframework.web.servlet.resource.ResourceHttpRequestHandler]
2017-12-23 22:44:35.572  INFO 2200 --- [    Test worker] o.s.w.s.handler.SimpleUrlHandlerMapping  : Mapped URL path [/**/favicon.ico] onto handler of type [class org.springframework.web.servlet.resource.ResourceHttpRequestHandler]
2017-12-23 22:44:36.006  INFO 2200 --- [    Test worker] s.w.s.m.m.a.RequestMappingHandlerAdapter : Looking for @ControllerAdvice: org.springframework.web.context.support.GenericWebApplicationContext@2829dd71: startup date [Sat Dec 23 22:44:29 BRST 2017]; root of context hierarchy
2017-12-23 22:44:36.164  INFO 2200 --- [    Test worker] o.s.t.web.servlet.TestDispatcherServlet  : FrameworkServlet '': initialization completed in 720 ms
2017-12-23 22:44:36.692  INFO 2200 --- [    Test worker] o.s.c.support.DefaultLifecycleProcessor  : Starting beans in phase 2147483647
2017-12-23 22:44:36.693  INFO 2200 --- [    Test worker] d.s.w.p.DocumentationPluginsBootstrapper : Context refreshed
2017-12-23 22:44:36.750  INFO 2200 --- [    Test worker] d.s.w.p.DocumentationPluginsBootstrapper : Found 1 custom documentation plugin(s)
2017-12-23 22:44:36.784  INFO 2200 --- [    Test worker] s.d.s.w.s.ApiListingReferenceScanner     : Scanning for api listing references
2017-12-23 22:44:37.090  INFO 2200 --- [    Test worker] diff.DifferControllerTests               : Started DifferControllerTests in 8.452 seconds (JVM running for 10.09)
2017-12-23 22:44:37.335  INFO 2200 --- [    Test worker] diff.controller.DifferController         : Received defineData request
2017-12-23 22:44:37.336  INFO 2200 --- [    Test worker] diff.controller.DifferController         : DifferBean [data=QkFBQg==]
2017-12-23 22:44:37.337  INFO 2200 --- [    Test worker] diff.controller.DifferController         : Side:left
2017-12-23 22:44:37.338  INFO 2200 --- [    Test worker] diff.services.impl.DifferServiceImpl     : Starting defineData method
2017-12-23 22:44:37.339  INFO 2200 --- [    Test worker] diff.services.impl.DifferServiceImpl     : Starting getDiffer method
2017-12-23 22:44:37.391  INFO 2200 --- [    Test worker] o.h.h.i.QueryTranslatorFactoryInitiator  : HHH000397: Using ASTQueryTranslatorFactory
2017-12-23 22:44:37.634  INFO 2200 --- [    Test worker] diff.services.impl.DifferServiceImpl     : Starting createDiffer method

MockHttpServletRequest:
      HTTP Method = POST
      Request URI = /v1/diff/diffDifferControllerTests/left
       Parameters = {}
          Headers = {Content-Type=[application/json;charset=UTF-8]}

Handler:
             Type = diff.controller.DifferController
           Method = public org.springframework.http.ResponseEntity<diff.domain.DifferObject> diff.controller.DifferController.defineData(java.lang.String,java.lang.String,diff.domain.DifferBean)

Async:
    Async started = false
     Async result = null

Resolved Exception:
             Type = null

ModelAndView:
        View name = null
             View = null
            Model = null

FlashMap:
       Attributes = null

MockHttpServletResponse:
           Status = 201
    Error message = null
          Headers = {Content-Type=[application/json;charset=UTF-8]}
     Content type = application/json;charset=UTF-8
             Body = {"id":"diffDifferControllerTests","left":"QkFBQg==","right":null}
    Forwarded URL = null
   Redirected URL = null
          Cookies = []
2017-12-23 22:44:37.779  INFO 2200 --- [    Test worker] diff.controller.DifferController         : Received defineData request
2017-12-23 22:44:37.780  INFO 2200 --- [    Test worker] diff.controller.DifferController         : DifferBean [data=QUFBQkJC]
2017-12-23 22:44:37.780  INFO 2200 --- [    Test worker] diff.controller.DifferController         : Side:right
2017-12-23 22:44:37.780  INFO 2200 --- [    Test worker] diff.services.impl.DifferServiceImpl     : Starting defineData method
2017-12-23 22:44:37.780  INFO 2200 --- [    Test worker] diff.services.impl.DifferServiceImpl     : Starting getDiffer method

MockHttpServletRequest:
      HTTP Method = POST
      Request URI = /v1/diff/diffDifferControllerTests/right
       Parameters = {}
          Headers = {Content-Type=[application/json;charset=UTF-8]}

Handler:
             Type = diff.controller.DifferController
           Method = public org.springframework.http.ResponseEntity<diff.domain.DifferObject> diff.controller.DifferController.defineData(java.lang.String,java.lang.String,diff.domain.DifferBean)

Async:
    Async started = false
     Async result = null

Resolved Exception:
             Type = null

ModelAndView:
        View name = null
             View = null
            Model = null

FlashMap:
       Attributes = null

MockHttpServletResponse:
           Status = 201
    Error message = null
          Headers = {Content-Type=[application/json;charset=UTF-8]}
     Content type = application/json;charset=UTF-8
             Body = {"id":"diffDifferControllerTests","left":"QkFBQg==","right":"QUFBQkJC"}
    Forwarded URL = null
   Redirected URL = null
          Cookies = []
2017-12-23 22:44:37.812  INFO 2200 --- [    Test worker] diff.controller.DifferController         : Received retrieveAll request
2017-12-23 22:44:37.813  INFO 2200 --- [    Test worker] diff.services.impl.DifferServiceImpl     : getAll method started

MockHttpServletRequest:
      HTTP Method = GET
      Request URI = /v1/diff/retrieveAll
       Parameters = {}
          Headers = {}

Handler:
             Type = diff.controller.DifferController
           Method = public java.util.List<diff.domain.DifferObject> diff.controller.DifferController.retrieveAll()

Async:
    Async started = false
     Async result = null

Resolved Exception:
             Type = null

ModelAndView:
        View name = null
             View = null
            Model = null

FlashMap:
       Attributes = null

MockHttpServletResponse:
           Status = 200
    Error message = null
          Headers = {Content-Type=[application/json;charset=UTF-8]}
     Content type = application/json;charset=UTF-8
             Body = [{"id":"1","left":"QUFBQQ==","right":"QUFBQQ=="},{"id":"diffDifferControllerTests","left":"QkFBQg==","right":"QUFBQkJC"}]
    Forwarded URL = null
   Redirected URL = null
          Cookies = []
2017-12-23 22:44:37.852  INFO 2200 --- [    Test worker] diff.controller.DifferController         : Received defineData request
2017-12-23 22:44:37.852  INFO 2200 --- [    Test worker] diff.controller.DifferController         : DifferBean [data=QkFBQg==]
2017-12-23 22:44:37.852  INFO 2200 --- [    Test worker] diff.controller.DifferController         : Side:left
2017-12-23 22:44:37.852  INFO 2200 --- [    Test worker] diff.services.impl.DifferServiceImpl     : Starting defineData method
2017-12-23 22:44:37.852  INFO 2200 --- [    Test worker] diff.services.impl.DifferServiceImpl     : Starting getDiffer method
2017-12-23 22:44:37.853  INFO 2200 --- [    Test worker] diff.services.impl.DifferServiceImpl     : Starting createDiffer method

MockHttpServletRequest:
      HTTP Method = POST
      Request URI = /v1/diff/diffDifferControllerTests/left
       Parameters = {}
          Headers = {Content-Type=[application/json;charset=UTF-8]}

Handler:
             Type = diff.controller.DifferController
           Method = public org.springframework.http.ResponseEntity<diff.domain.DifferObject> diff.controller.DifferController.defineData(java.lang.String,java.lang.String,diff.domain.DifferBean)

Async:
    Async started = false
     Async result = null

Resolved Exception:
             Type = null

ModelAndView:
        View name = null
             View = null
            Model = null

FlashMap:
       Attributes = null

MockHttpServletResponse:
           Status = 201
    Error message = null
          Headers = {Content-Type=[application/json;charset=UTF-8]}
     Content type = application/json;charset=UTF-8
             Body = {"id":"diffDifferControllerTests","left":"QkFBQg==","right":null}
    Forwarded URL = null
   Redirected URL = null
          Cookies = []
2017-12-23 22:44:37.865  INFO 2200 --- [    Test worker] diff.controller.DifferController         : Received defineData request
2017-12-23 22:44:37.866  INFO 2200 --- [    Test worker] diff.controller.DifferController         : DifferBean [data=QUFBQkJC]
2017-12-23 22:44:37.866  INFO 2200 --- [    Test worker] diff.controller.DifferController         : Side:right
2017-12-23 22:44:37.867  INFO 2200 --- [    Test worker] diff.services.impl.DifferServiceImpl     : Starting defineData method
2017-12-23 22:44:37.867  INFO 2200 --- [    Test worker] diff.services.impl.DifferServiceImpl     : Starting getDiffer method

MockHttpServletRequest:
      HTTP Method = POST
      Request URI = /v1/diff/diffDifferControllerTests/right
       Parameters = {}
          Headers = {Content-Type=[application/json;charset=UTF-8]}

Handler:
             Type = diff.controller.DifferController
           Method = public org.springframework.http.ResponseEntity<diff.domain.DifferObject> diff.controller.DifferController.defineData(java.lang.String,java.lang.String,diff.domain.DifferBean)

Async:
    Async started = false
     Async result = null

Resolved Exception:
             Type = null

ModelAndView:
        View name = null
             View = null
            Model = null

FlashMap:
       Attributes = null

MockHttpServletResponse:
           Status = 201
    Error message = null
          Headers = {Content-Type=[application/json;charset=UTF-8]}
     Content type = application/json;charset=UTF-8
             Body = {"id":"diffDifferControllerTests","left":"QkFBQg==","right":"QUFBQkJC"}
    Forwarded URL = null
   Redirected URL = null
          Cookies = []
2017-12-23 22:44:37.888  INFO 2200 --- [    Test worker] diff.controller.DifferController         : Received compare request
2017-12-23 22:44:37.889  INFO 2200 --- [    Test worker] diff.services.impl.DifferServiceImpl     : Starting comparing method
2017-12-23 22:44:37.889  INFO 2200 --- [    Test worker] diff.services.impl.DifferServiceImpl     : Starting getDiffer method
2017-12-23 22:44:37.892  INFO 2200 --- [    Test worker] diff.services.impl.DifferServiceImpl     : Starting validateToCompare method
2017-12-23 22:44:37.892  INFO 2200 --- [    Test worker] diff.services.impl.DifferServiceImpl     : Starting validateToCompareRight method
2017-12-23 22:44:37.892  INFO 2200 --- [    Test worker] diff.services.impl.DifferServiceImpl     : Starting validateToCompareLeft method
2017-12-23 22:44:37.894  INFO 2200 --- [    Test worker] diff.services.impl.DifferServiceImpl     : Comparing: DifferObject [id=diffDifferControllerTests, left=QkFBQg==, right=QUFBQkJC]

MockHttpServletRequest:
      HTTP Method = GET
      Request URI = /v1/diff/diffDifferControllerTests
       Parameters = {}
          Headers = {}

Handler:
             Type = diff.controller.DifferController
           Method = public org.springframework.http.ResponseEntity<diff.domain.DifferResponse> diff.controller.DifferController.compare(java.lang.String) throws java.lang.Exception

Async:
    Async started = false
     Async result = null

Resolved Exception:
             Type = null

ModelAndView:
        View name = null
             View = null
            Model = null

FlashMap:
       Attributes = null

MockHttpServletResponse:
           Status = 200
    Error message = null
          Headers = {Content-Type=[application/json;charset=UTF-8]}
     Content type = application/json;charset=UTF-8
             Body = {"id":"diffDifferControllerTests","equals":false,"sameSize":false,"offsets":null,"status":"Size does not match"}
    Forwarded URL = null
   Redirected URL = null
          Cookies = []
2017-12-23 22:44:37.969  INFO 2200 --- [    Test worker] diff.controller.DifferController         : Received defineData request
2017-12-23 22:44:37.970  INFO 2200 --- [    Test worker] diff.controller.DifferController         : DifferBean [data=QUFBQkJC]
2017-12-23 22:44:37.970  INFO 2200 --- [    Test worker] diff.controller.DifferController         : Side:left
2017-12-23 22:44:37.979  INFO 2200 --- [    Test worker] diff.services.impl.DifferServiceImpl     : Starting defineData method
2017-12-23 22:44:37.979  INFO 2200 --- [    Test worker] diff.services.impl.DifferServiceImpl     : Starting getDiffer method
2017-12-23 22:44:37.981  INFO 2200 --- [    Test worker] diff.services.impl.DifferServiceImpl     : Starting createDiffer method

MockHttpServletRequest:
      HTTP Method = POST
      Request URI = /v1/diff/diffDifferControllerTests/left
       Parameters = {}
          Headers = {Content-Type=[application/json;charset=UTF-8]}

Handler:
             Type = diff.controller.DifferController
           Method = public org.springframework.http.ResponseEntity<diff.domain.DifferObject> diff.controller.DifferController.defineData(java.lang.String,java.lang.String,diff.domain.DifferBean)

Async:
    Async started = false
     Async result = null

Resolved Exception:
             Type = null

ModelAndView:
        View name = null
             View = null
            Model = null

FlashMap:
       Attributes = null

MockHttpServletResponse:
           Status = 201
    Error message = null
          Headers = {Content-Type=[application/json;charset=UTF-8]}
     Content type = application/json;charset=UTF-8
             Body = {"id":"diffDifferControllerTests","left":"QUFBQkJC","right":null}
    Forwarded URL = null
   Redirected URL = null
          Cookies = []
2017-12-23 22:44:38.002  INFO 2200 --- [    Test worker] diff.controller.DifferController         : Received defineData request
2017-12-23 22:44:38.003  INFO 2200 --- [    Test worker] diff.controller.DifferController         : DifferBean [data=QUFBQkJC]
2017-12-23 22:44:38.003  INFO 2200 --- [    Test worker] diff.controller.DifferController         : Side:right
2017-12-23 22:44:38.004  INFO 2200 --- [    Test worker] diff.services.impl.DifferServiceImpl     : Starting defineData method
2017-12-23 22:44:38.004  INFO 2200 --- [    Test worker] diff.services.impl.DifferServiceImpl     : Starting getDiffer method

MockHttpServletRequest:
      HTTP Method = POST
      Request URI = /v1/diff/diffDifferControllerTests/right
       Parameters = {}
          Headers = {Content-Type=[application/json;charset=UTF-8]}

Handler:
             Type = diff.controller.DifferController
           Method = public org.springframework.http.ResponseEntity<diff.domain.DifferObject> diff.controller.DifferController.defineData(java.lang.String,java.lang.String,diff.domain.DifferBean)

Async:
    Async started = false
     Async result = null

Resolved Exception:
             Type = null

ModelAndView:
        View name = null
             View = null
            Model = null

FlashMap:
       Attributes = null

MockHttpServletResponse:
           Status = 201
    Error message = null
          Headers = {Content-Type=[application/json;charset=UTF-8]}
     Content type = application/json;charset=UTF-8
             Body = {"id":"diffDifferControllerTests","left":"QUFBQkJC","right":"QUFBQkJC"}
    Forwarded URL = null
   Redirected URL = null
          Cookies = []
2017-12-23 22:44:38.032  INFO 2200 --- [    Test worker] diff.controller.DifferController         : Received compare request
2017-12-23 22:44:38.032  INFO 2200 --- [    Test worker] diff.services.impl.DifferServiceImpl     : Starting comparing method
2017-12-23 22:44:38.032  INFO 2200 --- [    Test worker] diff.services.impl.DifferServiceImpl     : Starting getDiffer method
2017-12-23 22:44:38.034  INFO 2200 --- [    Test worker] diff.services.impl.DifferServiceImpl     : Starting validateToCompare method
2017-12-23 22:44:38.034  INFO 2200 --- [    Test worker] diff.services.impl.DifferServiceImpl     : Starting validateToCompareRight method
2017-12-23 22:44:38.034  INFO 2200 --- [    Test worker] diff.services.impl.DifferServiceImpl     : Starting validateToCompareLeft method
2017-12-23 22:44:38.034  INFO 2200 --- [    Test worker] diff.services.impl.DifferServiceImpl     : Comparing: DifferObject [id=diffDifferControllerTests, left=QUFBQkJC, right=QUFBQkJC]

MockHttpServletRequest:
      HTTP Method = GET
      Request URI = /v1/diff/diffDifferControllerTests
       Parameters = {}
          Headers = {}

Handler:
             Type = diff.controller.DifferController
           Method = public org.springframework.http.ResponseEntity<diff.domain.DifferResponse> diff.controller.DifferController.compare(java.lang.String) throws java.lang.Exception

Async:
    Async started = false
     Async result = null

Resolved Exception:
             Type = null

ModelAndView:
        View name = null
             View = null
            Model = null

FlashMap:
       Attributes = null

MockHttpServletResponse:
           Status = 200
    Error message = null
          Headers = {Content-Type=[application/json;charset=UTF-8]}
     Content type = application/json;charset=UTF-8
             Body = {"id":"diffDifferControllerTests","equals":true,"sameSize":true,"offsets":null,"status":"Equals"}
    Forwarded URL = null
   Redirected URL = null
          Cookies = []
2017-12-23 22:44:38.051  INFO 2200 --- [    Test worker] diff.controller.DifferController         : Received defineData request
2017-12-23 22:44:38.052  INFO 2200 --- [    Test worker] diff.controller.DifferController         : DifferBean [data=QkFBQg==]
2017-12-23 22:44:38.052  INFO 2200 --- [    Test worker] diff.controller.DifferController         : Side:left
2017-12-23 22:44:38.052  INFO 2200 --- [    Test worker] diff.services.impl.DifferServiceImpl     : Starting defineData method
2017-12-23 22:44:38.052  INFO 2200 --- [    Test worker] diff.services.impl.DifferServiceImpl     : Starting getDiffer method
2017-12-23 22:44:38.054  INFO 2200 --- [    Test worker] diff.services.impl.DifferServiceImpl     : Starting createDiffer method

MockHttpServletRequest:
      HTTP Method = POST
      Request URI = /v1/diff/diffDifferControllerTests/left
       Parameters = {}
          Headers = {Content-Type=[application/json;charset=UTF-8]}

Handler:
             Type = diff.controller.DifferController
           Method = public org.springframework.http.ResponseEntity<diff.domain.DifferObject> diff.controller.DifferController.defineData(java.lang.String,java.lang.String,diff.domain.DifferBean)

Async:
    Async started = false
     Async result = null

Resolved Exception:
             Type = null

ModelAndView:
        View name = null
             View = null
            Model = null

FlashMap:
       Attributes = null

MockHttpServletResponse:
           Status = 201
    Error message = null
          Headers = {Content-Type=[application/json;charset=UTF-8]}
     Content type = application/json;charset=UTF-8
             Body = {"id":"diffDifferControllerTests","left":"QkFBQg==","right":null}
    Forwarded URL = null
   Redirected URL = null
          Cookies = []
2017-12-23 22:44:38.082  INFO 2200 --- [    Test worker] diff.controller.DifferController         : Received defineData request
2017-12-23 22:44:38.083  INFO 2200 --- [    Test worker] diff.controller.DifferController         : DifferBean [data=QUFBQkJC]
2017-12-23 22:44:38.083  INFO 2200 --- [    Test worker] diff.controller.DifferController         : Side:right
2017-12-23 22:44:38.083  INFO 2200 --- [    Test worker] diff.services.impl.DifferServiceImpl     : Starting defineData method
2017-12-23 22:44:38.083  INFO 2200 --- [    Test worker] diff.services.impl.DifferServiceImpl     : Starting getDiffer method
2017-12-23 22:44:38.084  INFO 2200 --- [    Test worker] diff.services.impl.DifferServiceImpl     : Starting createDiffer method

MockHttpServletRequest:
      HTTP Method = POST
      Request URI = /v1/diff/diffDifferControllerTests/right
       Parameters = {}
          Headers = {Content-Type=[application/json;charset=UTF-8]}

Handler:
             Type = diff.controller.DifferController
           Method = public org.springframework.http.ResponseEntity<diff.domain.DifferObject> diff.controller.DifferController.defineData(java.lang.String,java.lang.String,diff.domain.DifferBean)

Async:
    Async started = false
     Async result = null

Resolved Exception:
             Type = null

ModelAndView:
        View name = null
             View = null
            Model = null

FlashMap:
       Attributes = null

MockHttpServletResponse:
           Status = 201
    Error message = null
          Headers = {Content-Type=[application/json;charset=UTF-8]}
     Content type = application/json;charset=UTF-8
             Body = {"id":"diffDifferControllerTests","left":null,"right":"QUFBQkJC"}
    Forwarded URL = null
   Redirected URL = null
          Cookies = []
2017-12-23 22:44:38.106  INFO 2200 --- [    Test worker] diff.controller.DifferController         : Received defineData request
2017-12-23 22:44:38.106  INFO 2200 --- [    Test worker] diff.controller.DifferController         : DifferBean [data=QkFBQg==]
2017-12-23 22:44:38.106  INFO 2200 --- [    Test worker] diff.controller.DifferController         : Side:left
2017-12-23 22:44:38.106  INFO 2200 --- [    Test worker] diff.services.impl.DifferServiceImpl     : Starting defineData method
2017-12-23 22:44:38.106  INFO 2200 --- [    Test worker] diff.services.impl.DifferServiceImpl     : Starting getDiffer method
2017-12-23 22:44:38.107  INFO 2200 --- [    Test worker] diff.services.impl.DifferServiceImpl     : Starting createDiffer method

MockHttpServletRequest:
      HTTP Method = POST
      Request URI = /v1/diff/diffDifferControllerTests/left
       Parameters = {}
          Headers = {Content-Type=[application/json;charset=UTF-8]}

Handler:
             Type = diff.controller.DifferController
           Method = public org.springframework.http.ResponseEntity<diff.domain.DifferObject> diff.controller.DifferController.defineData(java.lang.String,java.lang.String,diff.domain.DifferBean)

Async:
    Async started = false
     Async result = null

Resolved Exception:
             Type = null

ModelAndView:
        View name = null
             View = null
            Model = null

FlashMap:
       Attributes = null

MockHttpServletResponse:
           Status = 201
    Error message = null
          Headers = {Content-Type=[application/json;charset=UTF-8]}
     Content type = application/json;charset=UTF-8
             Body = {"id":"diffDifferControllerTests","left":"QkFBQg==","right":null}
    Forwarded URL = null
   Redirected URL = null
          Cookies = []
2017-12-23 22:44:38.116  INFO 2200 --- [    Test worker] diff.controller.DifferController         : Received defineData request
2017-12-23 22:44:38.116  INFO 2200 --- [    Test worker] diff.controller.DifferController         : DifferBean [data=QUFBQkJC]
2017-12-23 22:44:38.116  INFO 2200 --- [    Test worker] diff.controller.DifferController         : Side:right
2017-12-23 22:44:38.116  INFO 2200 --- [    Test worker] diff.services.impl.DifferServiceImpl     : Starting defineData method
2017-12-23 22:44:38.116  INFO 2200 --- [    Test worker] diff.services.impl.DifferServiceImpl     : Starting getDiffer method

MockHttpServletRequest:
      HTTP Method = POST
      Request URI = /v1/diff/diffDifferControllerTests/right
       Parameters = {}
          Headers = {Content-Type=[application/json;charset=UTF-8]}

Handler:
             Type = diff.controller.DifferController
           Method = public org.springframework.http.ResponseEntity<diff.domain.DifferObject> diff.controller.DifferController.defineData(java.lang.String,java.lang.String,diff.domain.DifferBean)

Async:
    Async started = false
     Async result = null

Resolved Exception:
             Type = null

ModelAndView:
        View name = null
             View = null
            Model = null

FlashMap:
       Attributes = null

MockHttpServletResponse:
           Status = 201
    Error message = null
          Headers = {Content-Type=[application/json;charset=UTF-8]}
     Content type = application/json;charset=UTF-8
             Body = {"id":"diffDifferControllerTests","left":"QkFBQg==","right":"QUFBQkJC"}
    Forwarded URL = null
   Redirected URL = null
          Cookies = []
2017-12-23 22:44:38.124  INFO 2200 --- [    Test worker] diff.controller.DifferController         : Received compare request
2017-12-23 22:44:38.125  INFO 2200 --- [    Test worker] diff.services.impl.DifferServiceImpl     : Starting comparing method
2017-12-23 22:44:38.125  INFO 2200 --- [    Test worker] diff.services.impl.DifferServiceImpl     : Starting getDiffer method
2017-12-23 22:44:38.126  INFO 2200 --- [    Test worker] diff.services.impl.DifferServiceImpl     : Starting validateToCompare method
2017-12-23 22:44:38.126  INFO 2200 --- [    Test worker] diff.services.impl.DifferServiceImpl     : Starting validateToCompareRight method
2017-12-23 22:44:38.126  INFO 2200 --- [    Test worker] diff.services.impl.DifferServiceImpl     : Starting validateToCompareLeft method
2017-12-23 22:44:38.127  INFO 2200 --- [    Test worker] diff.services.impl.DifferServiceImpl     : Comparing: DifferObject [id=diffDifferControllerTests, left=QkFBQg==, right=QUFBQkJC]

MockHttpServletRequest:
      HTTP Method = GET
      Request URI = /v1/diff/diffDifferControllerTests
       Parameters = {}
          Headers = {}

Handler:
             Type = diff.controller.DifferController
           Method = public org.springframework.http.ResponseEntity<diff.domain.DifferResponse> diff.controller.DifferController.compare(java.lang.String) throws java.lang.Exception

Async:
    Async started = false
     Async result = null

Resolved Exception:
             Type = null

ModelAndView:
        View name = null
             View = null
            Model = null

FlashMap:
       Attributes = null

MockHttpServletResponse:
           Status = 200
    Error message = null
          Headers = {Content-Type=[application/json;charset=UTF-8]}
     Content type = application/json;charset=UTF-8
             Body = {"id":"diffDifferControllerTests","equals":false,"sameSize":false,"offsets":null,"status":"Size does not match"}
    Forwarded URL = null
   Redirected URL = null
          Cookies = []
2017-12-23 22:44:38.142  INFO 2200 --- [    Test worker] diff.controller.DifferController         : Received compare request
2017-12-23 22:44:38.142  INFO 2200 --- [    Test worker] diff.services.impl.DifferServiceImpl     : Starting comparing method
2017-12-23 22:44:38.142  INFO 2200 --- [    Test worker] diff.services.impl.DifferServiceImpl     : Starting getDiffer method

MockHttpServletRequest:
      HTTP Method = GET
      Request URI = /v1/diff/diffDifferControllerTests
       Parameters = {}
          Headers = {}

Handler:
             Type = diff.controller.DifferController
           Method = public org.springframework.http.ResponseEntity<diff.domain.DifferResponse> diff.controller.DifferController.compare(java.lang.String) throws java.lang.Exception

Async:
    Async started = false
     Async result = null

Resolved Exception:
             Type = null

ModelAndView:
        View name = null
             View = null
            Model = null

FlashMap:
       Attributes = null

MockHttpServletResponse:
           Status = 200
    Error message = null
          Headers = {Content-Type=[application/json;charset=UTF-8]}
     Content type = application/json;charset=UTF-8
             Body = {"id":"diffDifferControllerTests","equals":false,"sameSize":false,"offsets":null,"status":"Not Found"}
    Forwarded URL = null
   Redirected URL = null
          Cookies = []
2017-12-23 22:44:38.160  INFO 2200 --- [    Test worker] diff.controller.DifferController         : Received defineData request
2017-12-23 22:44:38.160  INFO 2200 --- [    Test worker] diff.controller.DifferController         : DifferBean [data=QUFBQkJC]
2017-12-23 22:44:38.160  INFO 2200 --- [    Test worker] diff.controller.DifferController         : Side:left
2017-12-23 22:44:38.160  INFO 2200 --- [    Test worker] diff.services.impl.DifferServiceImpl     : Starting defineData method
2017-12-23 22:44:38.160  INFO 2200 --- [    Test worker] diff.services.impl.DifferServiceImpl     : Starting getDiffer method
2017-12-23 22:44:38.161  INFO 2200 --- [    Test worker] diff.services.impl.DifferServiceImpl     : Starting createDiffer method

MockHttpServletRequest:
      HTTP Method = POST
      Request URI = /v1/diff/diffDifferControllerTests/left
       Parameters = {}
          Headers = {Content-Type=[application/json;charset=UTF-8]}

Handler:
             Type = diff.controller.DifferController
           Method = public org.springframework.http.ResponseEntity<diff.domain.DifferObject> diff.controller.DifferController.defineData(java.lang.String,java.lang.String,diff.domain.DifferBean)

Async:
    Async started = false
     Async result = null

Resolved Exception:
             Type = null

ModelAndView:
        View name = null
             View = null
            Model = null

FlashMap:
       Attributes = null

MockHttpServletResponse:
           Status = 201
    Error message = null
          Headers = {Content-Type=[application/json;charset=UTF-8]}
     Content type = application/json;charset=UTF-8
             Body = {"id":"diffDifferControllerTests","left":"QUFBQkJC","right":null}
    Forwarded URL = null
   Redirected URL = null
          Cookies = []
2017-12-23 22:44:38.171  INFO 2200 --- [    Test worker] diff.controller.DifferController         : Received defineData request
2017-12-23 22:44:38.171  INFO 2200 --- [    Test worker] diff.controller.DifferController         : DifferBean [data=QUFBQkJC]
2017-12-23 22:44:38.171  INFO 2200 --- [    Test worker] diff.controller.DifferController         : Side:right
2017-12-23 22:44:38.171  INFO 2200 --- [    Test worker] diff.services.impl.DifferServiceImpl     : Starting defineData method
2017-12-23 22:44:38.171  INFO 2200 --- [    Test worker] diff.services.impl.DifferServiceImpl     : Starting getDiffer method

MockHttpServletRequest:
      HTTP Method = POST
      Request URI = /v1/diff/diffDifferControllerTests/right
       Parameters = {}
          Headers = {Content-Type=[application/json;charset=UTF-8]}

Handler:
             Type = diff.controller.DifferController
           Method = public org.springframework.http.ResponseEntity<diff.domain.DifferObject> diff.controller.DifferController.defineData(java.lang.String,java.lang.String,diff.domain.DifferBean)

Async:
    Async started = false
     Async result = null

Resolved Exception:
             Type = null

ModelAndView:
        View name = null
             View = null
            Model = null

FlashMap:
       Attributes = null

MockHttpServletResponse:
           Status = 201
    Error message = null
          Headers = {Content-Type=[application/json;charset=UTF-8]}
     Content type = application/json;charset=UTF-8
             Body = {"id":"diffDifferControllerTests","left":"QUFBQkJC","right":"QUFBQkJC"}
    Forwarded URL = null
   Redirected URL = null
          Cookies = []
2017-12-23 22:44:38.177  INFO 2200 --- [    Test worker] diff.controller.DifferController         : Received compare request
2017-12-23 22:44:38.177  INFO 2200 --- [    Test worker] diff.services.impl.DifferServiceImpl     : Starting comparing method
2017-12-23 22:44:38.177  INFO 2200 --- [    Test worker] diff.services.impl.DifferServiceImpl     : Starting getDiffer method
2017-12-23 22:44:38.179  INFO 2200 --- [    Test worker] diff.services.impl.DifferServiceImpl     : Starting validateToCompare method
2017-12-23 22:44:38.179  INFO 2200 --- [    Test worker] diff.services.impl.DifferServiceImpl     : Starting validateToCompareRight method
2017-12-23 22:44:38.179  INFO 2200 --- [    Test worker] diff.services.impl.DifferServiceImpl     : Starting validateToCompareLeft method
2017-12-23 22:44:38.179  INFO 2200 --- [    Test worker] diff.services.impl.DifferServiceImpl     : Comparing: DifferObject [id=diffDifferControllerTests, left=QUFBQkJC, right=QUFBQkJC]

MockHttpServletRequest:
      HTTP Method = GET
      Request URI = /v1/diff/diffDifferControllerTests
       Parameters = {}
          Headers = {}

Handler:
             Type = diff.controller.DifferController
           Method = public org.springframework.http.ResponseEntity<diff.domain.DifferResponse> diff.controller.DifferController.compare(java.lang.String) throws java.lang.Exception

Async:
    Async started = false
     Async result = null

Resolved Exception:
             Type = null

ModelAndView:
        View name = null
             View = null
            Model = null

FlashMap:
       Attributes = null

MockHttpServletResponse:
           Status = 200
    Error message = null
          Headers = {Content-Type=[application/json;charset=UTF-8]}
     Content type = application/json;charset=UTF-8
             Body = {"id":"diffDifferControllerTests","equals":true,"sameSize":true,"offsets":null,"status":"Equals"}
    Forwarded URL = null
   Redirected URL = null
          Cookies = []
]]></system-out>
  <system-err><![CDATA[]]></system-err>
</testsuite>
