<?xml version="1.0" encoding="UTF-8"?>
<testsuite name="diff.DifferServiceTests" tests="12" skipped="0" failures="0" errors="0" timestamp="2017-12-24T00:44:40" hostname="CPX-DH5WBKGGJUF" time="0.308">
  <properties/>
  <testcase name="notSameSize" classname="diff.DifferServiceTests" time="0.069"/>
  <testcase name="sameSizeNotEquals" classname="diff.DifferServiceTests" time="0.037"/>
  <testcase name="retreiveAll" classname="diff.DifferServiceTests" time="0.015"/>
  <testcase name="reverseDifference" classname="diff.DifferServiceTests" time="0.018"/>
  <testcase name="missingRight" classname="diff.DifferServiceTests" time="0.019"/>
  <testcase name="Base64Decode" classname="diff.DifferServiceTests" time="0.028"/>
  <testcase name="sameSizeAndEqual" classname="diff.DifferServiceTests" time="0.042"/>
  <testcase name="firstAndLastDifferences" classname="diff.DifferServiceTests" time="0.017"/>
  <testcase name="middleDifference" classname="diff.DifferServiceTests" time="0.017"/>
  <testcase name="missingLeft" classname="diff.DifferServiceTests" time="0.013"/>
  <testcase name="notFound" classname="diff.DifferServiceTests" time="0.009"/>
  <testcase name="sufixDifference" classname="diff.DifferServiceTests" time="0.016"/>
  <system-out><![CDATA[2017-12-23 22:44:40.622  INFO 2200 --- [    Test worker] .b.t.c.SpringBootTestContextBootstrapper : Neither @ContextConfiguration nor @ContextHierarchy found for test class [diff.DifferServiceTests], using SpringBootContextLoader
2017-12-23 22:44:40.623  INFO 2200 --- [    Test worker] o.s.t.c.support.AbstractContextLoader    : Could not detect default resource locations for test class [diff.DifferServiceTests]: no resource found for suffixes {-context.xml, Context.groovy}.
2017-12-23 22:44:40.624  INFO 2200 --- [    Test worker] t.c.s.AnnotationConfigContextLoaderUtils : Could not detect default configuration classes for test class [diff.DifferServiceTests]: DifferServiceTests does not declare any static, non-private, non-final, nested classes annotated with @Configuration.
2017-12-23 22:44:40.626  INFO 2200 --- [    Test worker] .b.t.c.SpringBootTestContextBootstrapper : Found @SpringBootConfiguration diff.Application for test class diff.DifferServiceTests
2017-12-23 22:44:40.629  INFO 2200 --- [    Test worker] .b.t.c.SpringBootTestContextBootstrapper : Loaded default TestExecutionListener class names from location [META-INF/spring.factories]: [org.springframework.boot.test.mock.mockito.MockitoTestExecutionListener, org.springframework.boot.test.mock.mockito.ResetMocksTestExecutionListener, org.springframework.boot.test.autoconfigure.restdocs.RestDocsTestExecutionListener, org.springframework.boot.test.autoconfigure.web.client.MockRestServiceServerResetTestExecutionListener, org.springframework.boot.test.autoconfigure.web.servlet.MockMvcPrintOnlyOnFailureTestExecutionListener, org.springframework.boot.test.autoconfigure.web.servlet.WebDriverTestExecutionListener, org.springframework.test.context.web.ServletTestExecutionListener, org.springframework.test.context.support.DirtiesContextBeforeModesTestExecutionListener, org.springframework.test.context.support.DependencyInjectionTestExecutionListener, org.springframework.test.context.support.DirtiesContextTestExecutionListener, org.springframework.test.context.transaction.TransactionalTestExecutionListener, org.springframework.test.context.jdbc.SqlScriptsTestExecutionListener]
2017-12-23 22:44:40.632  INFO 2200 --- [    Test worker] .b.t.c.SpringBootTestContextBootstrapper : Using TestExecutionListeners: [org.springframework.test.context.web.ServletTestExecutionListener@48535857, org.springframework.test.context.support.DirtiesContextBeforeModesTestExecutionListener@45c78fad, org.springframework.boot.test.autoconfigure.SpringBootDependencyInjectionTestExecutionListener@36ad01d6, org.springframework.test.context.support.DirtiesContextTestExecutionListener@3c3c9cdc, org.springframework.test.context.transaction.TransactionalTestExecutionListener@6e7ffaec, org.springframework.test.context.jdbc.SqlScriptsTestExecutionListener@17bcaa69, org.springframework.boot.test.autoconfigure.restdocs.RestDocsTestExecutionListener@49c1baf9, org.springframework.boot.test.autoconfigure.web.client.MockRestServiceServerResetTestExecutionListener@11430561, org.springframework.boot.test.autoconfigure.web.servlet.MockMvcPrintOnlyOnFailureTestExecutionListener@7a253f, org.springframework.boot.test.mock.mockito.MockitoTestExecutionListener@726728bb, org.springframework.boot.test.mock.mockito.ResetMocksTestExecutionListener@36b5527c, org.springframework.boot.test.autoconfigure.web.servlet.WebDriverTestExecutionListener@3f5431c6]
2017-12-23 22:44:40.638  INFO 2200 --- [    Test worker] diff.services.impl.DifferServiceImpl     : Starting defineData method
2017-12-23 22:44:40.638  INFO 2200 --- [    Test worker] diff.services.impl.DifferServiceImpl     : Starting getDiffer method
2017-12-23 22:44:40.641  INFO 2200 --- [    Test worker] diff.services.impl.DifferServiceImpl     : Starting createDiffer method
2017-12-23 22:44:40.645  INFO 2200 --- [    Test worker] diff.services.impl.DifferServiceImpl     : Starting defineData method
2017-12-23 22:44:40.645  INFO 2200 --- [    Test worker] diff.services.impl.DifferServiceImpl     : Starting getDiffer method
2017-12-23 22:44:40.648  INFO 2200 --- [    Test worker] diff.services.impl.DifferServiceImpl     : Starting comparing method
2017-12-23 22:44:40.649  INFO 2200 --- [    Test worker] diff.services.impl.DifferServiceImpl     : Starting getDiffer method
2017-12-23 22:44:40.650  INFO 2200 --- [    Test worker] diff.services.impl.DifferServiceImpl     : Starting validateToCompare method
2017-12-23 22:44:40.651  INFO 2200 --- [    Test worker] diff.services.impl.DifferServiceImpl     : Starting validateToCompareRight method
2017-12-23 22:44:40.651  INFO 2200 --- [    Test worker] diff.services.impl.DifferServiceImpl     : Starting validateToCompareLeft method
2017-12-23 22:44:40.652  INFO 2200 --- [    Test worker] diff.services.impl.DifferServiceImpl     : Comparing: DifferObject [id=diff.DifferServiceTests, left=QkFBQg==, right=QUFBQkJC]
diff.domain.DifferResponse@29fa87e0
2017-12-23 22:44:40.710  INFO 2200 --- [    Test worker] diff.services.impl.DifferServiceImpl     : Starting defineData method
2017-12-23 22:44:40.710  INFO 2200 --- [    Test worker] diff.services.impl.DifferServiceImpl     : Starting getDiffer method
2017-12-23 22:44:40.711  INFO 2200 --- [    Test worker] diff.services.impl.DifferServiceImpl     : Starting createDiffer method
2017-12-23 22:44:40.716  INFO 2200 --- [    Test worker] diff.services.impl.DifferServiceImpl     : Starting defineData method
2017-12-23 22:44:40.716  INFO 2200 --- [    Test worker] diff.services.impl.DifferServiceImpl     : Starting getDiffer method
2017-12-23 22:44:40.721  INFO 2200 --- [    Test worker] diff.services.impl.DifferServiceImpl     : Starting comparing method
2017-12-23 22:44:40.721  INFO 2200 --- [    Test worker] diff.services.impl.DifferServiceImpl     : Starting getDiffer method
2017-12-23 22:44:40.724  INFO 2200 --- [    Test worker] diff.services.impl.DifferServiceImpl     : Starting validateToCompare method
2017-12-23 22:44:40.724  INFO 2200 --- [    Test worker] diff.services.impl.DifferServiceImpl     : Starting validateToCompareRight method
2017-12-23 22:44:40.724  INFO 2200 --- [    Test worker] diff.services.impl.DifferServiceImpl     : Starting validateToCompareLeft method
2017-12-23 22:44:40.724  INFO 2200 --- [    Test worker] diff.services.impl.DifferServiceImpl     : Comparing: DifferObject [id=diff.DifferServiceTests, left=QUFBQUFB, right=QUFBQkJC]
2017-12-23 22:44:40.724  INFO 2200 --- [    Test worker] diff.services.impl.DifferServiceImpl     : Starting checkOffsets method
2017-12-23 22:44:40.746  INFO 2200 --- [    Test worker] diff.services.impl.DifferServiceImpl     : Starting defineData method
2017-12-23 22:44:40.746  INFO 2200 --- [    Test worker] diff.services.impl.DifferServiceImpl     : Starting getDiffer method
2017-12-23 22:44:40.748  INFO 2200 --- [    Test worker] diff.services.impl.DifferServiceImpl     : Starting createDiffer method
2017-12-23 22:44:40.751  INFO 2200 --- [    Test worker] diff.services.impl.DifferServiceImpl     : getAll method started
2017-12-23 22:44:40.762  INFO 2200 --- [    Test worker] diff.services.impl.DifferServiceImpl     : Starting defineData method
2017-12-23 22:44:40.762  INFO 2200 --- [    Test worker] diff.services.impl.DifferServiceImpl     : Starting getDiffer method
2017-12-23 22:44:40.763  INFO 2200 --- [    Test worker] diff.services.impl.DifferServiceImpl     : Starting createDiffer method
2017-12-23 22:44:40.768  INFO 2200 --- [    Test worker] diff.services.impl.DifferServiceImpl     : Starting defineData method
2017-12-23 22:44:40.768  INFO 2200 --- [    Test worker] diff.services.impl.DifferServiceImpl     : Starting getDiffer method
2017-12-23 22:44:40.771  INFO 2200 --- [    Test worker] diff.services.impl.DifferServiceImpl     : Starting comparing method
2017-12-23 22:44:40.771  INFO 2200 --- [    Test worker] diff.services.impl.DifferServiceImpl     : Starting getDiffer method
2017-12-23 22:44:40.773  INFO 2200 --- [    Test worker] diff.services.impl.DifferServiceImpl     : Starting validateToCompare method
2017-12-23 22:44:40.773  INFO 2200 --- [    Test worker] diff.services.impl.DifferServiceImpl     : Starting validateToCompareRight method
2017-12-23 22:44:40.773  INFO 2200 --- [    Test worker] diff.services.impl.DifferServiceImpl     : Starting validateToCompareLeft method
2017-12-23 22:44:40.773  INFO 2200 --- [    Test worker] diff.services.impl.DifferServiceImpl     : Comparing: DifferObject [id=diff.DifferServiceTests, left=QUFCQg==, right=QkJBQQ==]
2017-12-23 22:44:40.773  INFO 2200 --- [    Test worker] diff.services.impl.DifferServiceImpl     : Starting checkOffsets method
2017-12-23 22:44:40.781  INFO 2200 --- [    Test worker] diff.services.impl.DifferServiceImpl     : Starting defineData method
2017-12-23 22:44:40.781  INFO 2200 --- [    Test worker] diff.services.impl.DifferServiceImpl     : Starting getDiffer method
2017-12-23 22:44:40.782  INFO 2200 --- [    Test worker] diff.services.impl.DifferServiceImpl     : Starting createDiffer method
2017-12-23 22:44:40.787  INFO 2200 --- [    Test worker] diff.services.impl.DifferServiceImpl     : Starting comparing method
2017-12-23 22:44:40.788  INFO 2200 --- [    Test worker] diff.services.impl.DifferServiceImpl     : Starting getDiffer method
2017-12-23 22:44:40.791  INFO 2200 --- [    Test worker] diff.services.impl.DifferServiceImpl     : Starting validateToCompare method
2017-12-23 22:44:40.791  INFO 2200 --- [    Test worker] diff.services.impl.DifferServiceImpl     : Starting validateToCompareRight method
2017-12-23 22:44:40.802  INFO 2200 --- [    Test worker] diff.services.impl.DifferServiceImpl     : Starting defineData method
2017-12-23 22:44:40.809  INFO 2200 --- [    Test worker] diff.services.impl.DifferServiceImpl     : Starting getDiffer method
2017-12-23 22:44:40.812  INFO 2200 --- [    Test worker] diff.services.impl.DifferServiceImpl     : Starting createDiffer method
2017-12-23 22:44:40.816  INFO 2200 --- [    Test worker] diff.services.impl.DifferServiceImpl     : Starting defineData method
2017-12-23 22:44:40.816  INFO 2200 --- [    Test worker] diff.services.impl.DifferServiceImpl     : Starting getDiffer method
2017-12-23 22:44:40.820  INFO 2200 --- [    Test worker] diff.services.impl.DifferServiceImpl     : Starting comparing method
2017-12-23 22:44:40.820  INFO 2200 --- [    Test worker] diff.services.impl.DifferServiceImpl     : Starting getDiffer method
2017-12-23 22:44:40.822  INFO 2200 --- [    Test worker] diff.services.impl.DifferServiceImpl     : Starting validateToCompare method
2017-12-23 22:44:40.822  INFO 2200 --- [    Test worker] diff.services.impl.DifferServiceImpl     : Starting validateToCompareRight method
2017-12-23 22:44:40.822  INFO 2200 --- [    Test worker] diff.services.impl.DifferServiceImpl     : Starting validateToCompareLeft method
2017-12-23 22:44:40.822 ERROR 2200 --- [    Test worker] diff.services.impl.DifferServiceImpl     : Error Base64 could not be decoded
2017-12-23 22:44:40.831  INFO 2200 --- [    Test worker] diff.services.impl.DifferServiceImpl     : Starting defineData method
2017-12-23 22:44:40.831  INFO 2200 --- [    Test worker] diff.services.impl.DifferServiceImpl     : Starting getDiffer method
2017-12-23 22:44:40.833  INFO 2200 --- [    Test worker] diff.services.impl.DifferServiceImpl     : Starting createDiffer method
2017-12-23 22:44:40.837  INFO 2200 --- [    Test worker] diff.services.impl.DifferServiceImpl     : Starting defineData method
2017-12-23 22:44:40.838  INFO 2200 --- [    Test worker] diff.services.impl.DifferServiceImpl     : Starting getDiffer method
2017-12-23 22:44:40.842  INFO 2200 --- [    Test worker] diff.services.impl.DifferServiceImpl     : Starting comparing method
2017-12-23 22:44:40.842  INFO 2200 --- [    Test worker] diff.services.impl.DifferServiceImpl     : Starting getDiffer method
2017-12-23 22:44:40.844  INFO 2200 --- [    Test worker] diff.services.impl.DifferServiceImpl     : Starting validateToCompare method
2017-12-23 22:44:40.845  INFO 2200 --- [    Test worker] diff.services.impl.DifferServiceImpl     : Starting validateToCompareRight method
2017-12-23 22:44:40.845  INFO 2200 --- [    Test worker] diff.services.impl.DifferServiceImpl     : Starting validateToCompareLeft method
2017-12-23 22:44:40.845  INFO 2200 --- [    Test worker] diff.services.impl.DifferServiceImpl     : Comparing: DifferObject [id=diff.DifferServiceTests, left=QUFBQkJC, right=QUFBQkJC]
diff.domain.DifferResponse@7a5bf949
2017-12-23 22:44:40.872  INFO 2200 --- [    Test worker] diff.services.impl.DifferServiceImpl     : Starting defineData method
2017-12-23 22:44:40.873  INFO 2200 --- [    Test worker] diff.services.impl.DifferServiceImpl     : Starting getDiffer method
2017-12-23 22:44:40.874  INFO 2200 --- [    Test worker] diff.services.impl.DifferServiceImpl     : Starting createDiffer method
2017-12-23 22:44:40.877  INFO 2200 --- [    Test worker] diff.services.impl.DifferServiceImpl     : Starting defineData method
2017-12-23 22:44:40.877  INFO 2200 --- [    Test worker] diff.services.impl.DifferServiceImpl     : Starting getDiffer method
2017-12-23 22:44:40.881  INFO 2200 --- [    Test worker] diff.services.impl.DifferServiceImpl     : Starting comparing method
2017-12-23 22:44:40.881  INFO 2200 --- [    Test worker] diff.services.impl.DifferServiceImpl     : Starting getDiffer method
2017-12-23 22:44:40.882  INFO 2200 --- [    Test worker] diff.services.impl.DifferServiceImpl     : Starting validateToCompare method
2017-12-23 22:44:40.882  INFO 2200 --- [    Test worker] diff.services.impl.DifferServiceImpl     : Starting validateToCompareRight method
2017-12-23 22:44:40.882  INFO 2200 --- [    Test worker] diff.services.impl.DifferServiceImpl     : Starting validateToCompareLeft method
2017-12-23 22:44:40.882  INFO 2200 --- [    Test worker] diff.services.impl.DifferServiceImpl     : Comparing: DifferObject [id=diff.DifferServiceTests, left=QkFBQg==, right=QUFBQQ==]
2017-12-23 22:44:40.882  INFO 2200 --- [    Test worker] diff.services.impl.DifferServiceImpl     : Starting checkOffsets method
2017-12-23 22:44:40.890  INFO 2200 --- [    Test worker] diff.services.impl.DifferServiceImpl     : Starting defineData method
2017-12-23 22:44:40.891  INFO 2200 --- [    Test worker] diff.services.impl.DifferServiceImpl     : Starting getDiffer method
2017-12-23 22:44:40.892  INFO 2200 --- [    Test worker] diff.services.impl.DifferServiceImpl     : Starting createDiffer method
2017-12-23 22:44:40.895  INFO 2200 --- [    Test worker] diff.services.impl.DifferServiceImpl     : Starting defineData method
2017-12-23 22:44:40.895  INFO 2200 --- [    Test worker] diff.services.impl.DifferServiceImpl     : Starting getDiffer method
2017-12-23 22:44:40.898  INFO 2200 --- [    Test worker] diff.services.impl.DifferServiceImpl     : Starting comparing method
2017-12-23 22:44:40.899  INFO 2200 --- [    Test worker] diff.services.impl.DifferServiceImpl     : Starting getDiffer method
2017-12-23 22:44:40.900  INFO 2200 --- [    Test worker] diff.services.impl.DifferServiceImpl     : Starting validateToCompare method
2017-12-23 22:44:40.900  INFO 2200 --- [    Test worker] diff.services.impl.DifferServiceImpl     : Starting validateToCompareRight method
2017-12-23 22:44:40.900  INFO 2200 --- [    Test worker] diff.services.impl.DifferServiceImpl     : Starting validateToCompareLeft method
2017-12-23 22:44:40.900  INFO 2200 --- [    Test worker] diff.services.impl.DifferServiceImpl     : Comparing: DifferObject [id=diff.DifferServiceTests, left=QkFBQg==, right=QkJCQg==]
2017-12-23 22:44:40.900  INFO 2200 --- [    Test worker] diff.services.impl.DifferServiceImpl     : Starting checkOffsets method
2017-12-23 22:44:40.907  INFO 2200 --- [    Test worker] diff.services.impl.DifferServiceImpl     : Starting defineData method
2017-12-23 22:44:40.907  INFO 2200 --- [    Test worker] diff.services.impl.DifferServiceImpl     : Starting getDiffer method
2017-12-23 22:44:40.909  INFO 2200 --- [    Test worker] diff.services.impl.DifferServiceImpl     : Starting createDiffer method
2017-12-23 22:44:40.912  INFO 2200 --- [    Test worker] diff.services.impl.DifferServiceImpl     : Starting comparing method
2017-12-23 22:44:40.912  INFO 2200 --- [    Test worker] diff.services.impl.DifferServiceImpl     : Starting getDiffer method
2017-12-23 22:44:40.914  INFO 2200 --- [    Test worker] diff.services.impl.DifferServiceImpl     : Starting validateToCompare method
2017-12-23 22:44:40.914  INFO 2200 --- [    Test worker] diff.services.impl.DifferServiceImpl     : Starting validateToCompareRight method
2017-12-23 22:44:40.914  INFO 2200 --- [    Test worker] diff.services.impl.DifferServiceImpl     : Starting validateToCompareLeft method
2017-12-23 22:44:40.921  INFO 2200 --- [    Test worker] diff.services.impl.DifferServiceImpl     : Starting comparing method
2017-12-23 22:44:40.922  INFO 2200 --- [    Test worker] diff.services.impl.DifferServiceImpl     : Starting getDiffer method
2017-12-23 22:44:40.930  INFO 2200 --- [    Test worker] diff.services.impl.DifferServiceImpl     : Starting defineData method
2017-12-23 22:44:40.930  INFO 2200 --- [    Test worker] diff.services.impl.DifferServiceImpl     : Starting getDiffer method
2017-12-23 22:44:40.931  INFO 2200 --- [    Test worker] diff.services.impl.DifferServiceImpl     : Starting createDiffer method
2017-12-23 22:44:40.935  INFO 2200 --- [    Test worker] diff.services.impl.DifferServiceImpl     : Starting defineData method
2017-12-23 22:44:40.935  INFO 2200 --- [    Test worker] diff.services.impl.DifferServiceImpl     : Starting getDiffer method
2017-12-23 22:44:40.937  INFO 2200 --- [    Test worker] diff.services.impl.DifferServiceImpl     : Starting comparing method
2017-12-23 22:44:40.938  INFO 2200 --- [    Test worker] diff.services.impl.DifferServiceImpl     : Starting getDiffer method
2017-12-23 22:44:40.939  INFO 2200 --- [    Test worker] diff.services.impl.DifferServiceImpl     : Starting validateToCompare method
2017-12-23 22:44:40.939  INFO 2200 --- [    Test worker] diff.services.impl.DifferServiceImpl     : Starting validateToCompareRight method
2017-12-23 22:44:40.939  INFO 2200 --- [    Test worker] diff.services.impl.DifferServiceImpl     : Starting validateToCompareLeft method
2017-12-23 22:44:40.939  INFO 2200 --- [    Test worker] diff.services.impl.DifferServiceImpl     : Comparing: DifferObject [id=diff.DifferServiceTests, left=QUJCQg==, right=QUFBQQ==]
2017-12-23 22:44:40.939  INFO 2200 --- [    Test worker] diff.services.impl.DifferServiceImpl     : Starting checkOffsets method
]]></system-out>
  <system-err><![CDATA[]]></system-err>
</testsuite>
