<?xml version="1.0" encoding="UTF-8"?>
<testsuite name="diff.DifferServiceTests" tests="11" skipped="0" failures="0" errors="0" timestamp="2017-12-23T22:53:10" hostname="CPX-DH5WBKGGJUF" time="0.408">
  <properties/>
  <testcase name="notSameSize" classname="diff.DifferServiceTests" time="0.144"/>
  <testcase name="sameSizeNotEquals" classname="diff.DifferServiceTests" time="0.036"/>
  <testcase name="reverseDifference" classname="diff.DifferServiceTests" time="0.02"/>
  <testcase name="missingRight" classname="diff.DifferServiceTests" time="0.016"/>
  <testcase name="Base64Decode" classname="diff.DifferServiceTests" time="0.02"/>
  <testcase name="sameSizeAndEqual" classname="diff.DifferServiceTests" time="0.024"/>
  <testcase name="firstAndLastDifferences" classname="diff.DifferServiceTests" time="0.032"/>
  <testcase name="middleDifference" classname="diff.DifferServiceTests" time="0.024"/>
  <testcase name="missingLeft" classname="diff.DifferServiceTests" time="0.048"/>
  <testcase name="notFound" classname="diff.DifferServiceTests" time="0.016"/>
  <testcase name="sufixDifference" classname="diff.DifferServiceTests" time="0.02"/>
  <system-out><![CDATA[2017-12-23 20:53:10.388  INFO 18124 --- [    Test worker] .b.t.c.SpringBootTestContextBootstrapper : Neither @ContextConfiguration nor @ContextHierarchy found for test class [diff.DifferServiceTests], using SpringBootContextLoader
2017-12-23 20:53:10.392  INFO 18124 --- [    Test worker] o.s.t.c.support.AbstractContextLoader    : Could not detect default resource locations for test class [diff.DifferServiceTests]: no resource found for suffixes {-context.xml, Context.groovy}.
2017-12-23 20:53:10.392  INFO 18124 --- [    Test worker] t.c.s.AnnotationConfigContextLoaderUtils : Could not detect default configuration classes for test class [diff.DifferServiceTests]: DifferServiceTests does not declare any static, non-private, non-final, nested classes annotated with @Configuration.
2017-12-23 20:53:10.400  INFO 18124 --- [    Test worker] .b.t.c.SpringBootTestContextBootstrapper : Found @SpringBootConfiguration diff.Application for test class diff.DifferServiceTests
2017-12-23 20:53:10.404  INFO 18124 --- [    Test worker] .b.t.c.SpringBootTestContextBootstrapper : Loaded default TestExecutionListener class names from location [META-INF/spring.factories]: [org.springframework.boot.test.mock.mockito.MockitoTestExecutionListener, org.springframework.boot.test.mock.mockito.ResetMocksTestExecutionListener, org.springframework.boot.test.autoconfigure.restdocs.RestDocsTestExecutionListener, org.springframework.boot.test.autoconfigure.web.client.MockRestServiceServerResetTestExecutionListener, org.springframework.boot.test.autoconfigure.web.servlet.MockMvcPrintOnlyOnFailureTestExecutionListener, org.springframework.boot.test.autoconfigure.web.servlet.WebDriverTestExecutionListener, org.springframework.test.context.web.ServletTestExecutionListener, org.springframework.test.context.support.DirtiesContextBeforeModesTestExecutionListener, org.springframework.test.context.support.DependencyInjectionTestExecutionListener, org.springframework.test.context.support.DirtiesContextTestExecutionListener, org.springframework.test.context.transaction.TransactionalTestExecutionListener, org.springframework.test.context.jdbc.SqlScriptsTestExecutionListener]
2017-12-23 20:53:10.404  INFO 18124 --- [    Test worker] .b.t.c.SpringBootTestContextBootstrapper : Using TestExecutionListeners: [org.springframework.test.context.web.ServletTestExecutionListener@148cf283, org.springframework.test.context.support.DirtiesContextBeforeModesTestExecutionListener@347c94e3, org.springframework.boot.test.autoconfigure.SpringBootDependencyInjectionTestExecutionListener@40effa65, org.springframework.test.context.support.DirtiesContextTestExecutionListener@704a6345, org.springframework.test.context.transaction.TransactionalTestExecutionListener@3219f25, org.springframework.test.context.jdbc.SqlScriptsTestExecutionListener@532ac82e, org.springframework.boot.test.autoconfigure.web.servlet.MockMvcPrintOnlyOnFailureTestExecutionListener@6ca93cfc, org.springframework.boot.test.mock.mockito.MockitoTestExecutionListener@4fda2a67, org.springframework.boot.test.autoconfigure.web.servlet.WebDriverTestExecutionListener@400d4c0e, org.springframework.boot.test.autoconfigure.web.client.MockRestServiceServerResetTestExecutionListener@45e39799, org.springframework.boot.test.autoconfigure.restdocs.RestDocsTestExecutionListener@60881d05, org.springframework.boot.test.mock.mockito.ResetMocksTestExecutionListener@7e9f9a61]
2017-12-23 20:53:10.416  INFO 18124 --- [    Test worker] diff.services.impl.DifferServiceImpl     : Starting defineData method
2017-12-23 20:53:10.416  INFO 18124 --- [    Test worker] diff.services.impl.DifferServiceImpl     : Starting getDiffer method
2017-12-23 20:53:10.420  INFO 18124 --- [    Test worker] diff.services.impl.DifferServiceImpl     : Starting createDiffer method
2017-12-23 20:53:10.424  INFO 18124 --- [    Test worker] diff.services.impl.DifferServiceImpl     : Starting defineData method
2017-12-23 20:53:10.424  INFO 18124 --- [    Test worker] diff.services.impl.DifferServiceImpl     : Starting getDiffer method
2017-12-23 20:53:10.428  INFO 18124 --- [    Test worker] diff.services.impl.DifferServiceImpl     : Starting comparing method
2017-12-23 20:53:10.428  INFO 18124 --- [    Test worker] diff.services.impl.DifferServiceImpl     : Starting getDiffer method
2017-12-23 20:53:10.428  INFO 18124 --- [    Test worker] diff.services.impl.DifferServiceImpl     : Starting validateToCompare method
2017-12-23 20:53:10.428  INFO 18124 --- [    Test worker] diff.services.impl.DifferServiceImpl     : Starting validateToCompareRight method
2017-12-23 20:53:10.428  INFO 18124 --- [    Test worker] diff.services.impl.DifferServiceImpl     : Starting validateToCompareLeft method
2017-12-23 20:53:10.432  INFO 18124 --- [    Test worker] diff.services.impl.DifferServiceImpl     : Comparing: DifferObject [id=diff.DifferServiceTests, left=QkFBQg==, right=QUFBQkJC]
diff.domain.DifferResponse@574fea33
2017-12-23 20:53:10.560  INFO 18124 --- [    Test worker] diff.services.impl.DifferServiceImpl     : Starting defineData method
2017-12-23 20:53:10.560  INFO 18124 --- [    Test worker] diff.services.impl.DifferServiceImpl     : Starting getDiffer method
2017-12-23 20:53:10.560  INFO 18124 --- [    Test worker] diff.services.impl.DifferServiceImpl     : Starting createDiffer method
2017-12-23 20:53:10.564  INFO 18124 --- [    Test worker] diff.services.impl.DifferServiceImpl     : Starting defineData method
2017-12-23 20:53:10.564  INFO 18124 --- [    Test worker] diff.services.impl.DifferServiceImpl     : Starting getDiffer method
2017-12-23 20:53:10.568  INFO 18124 --- [    Test worker] diff.services.impl.DifferServiceImpl     : Starting comparing method
2017-12-23 20:53:10.568  INFO 18124 --- [    Test worker] diff.services.impl.DifferServiceImpl     : Starting getDiffer method
2017-12-23 20:53:10.572  INFO 18124 --- [    Test worker] diff.services.impl.DifferServiceImpl     : Starting validateToCompare method
2017-12-23 20:53:10.572  INFO 18124 --- [    Test worker] diff.services.impl.DifferServiceImpl     : Starting validateToCompareRight method
2017-12-23 20:53:10.572  INFO 18124 --- [    Test worker] diff.services.impl.DifferServiceImpl     : Starting validateToCompareLeft method
2017-12-23 20:53:10.572  INFO 18124 --- [    Test worker] diff.services.impl.DifferServiceImpl     : Comparing: DifferObject [id=diff.DifferServiceTests, left=QUFBQUFB, right=QUFBQkJC]
2017-12-23 20:53:10.572  INFO 18124 --- [    Test worker] diff.services.impl.DifferServiceImpl     : Starting checkOffsets method
2017-12-23 20:53:10.596  INFO 18124 --- [    Test worker] diff.services.impl.DifferServiceImpl     : Starting defineData method
2017-12-23 20:53:10.596  INFO 18124 --- [    Test worker] diff.services.impl.DifferServiceImpl     : Starting getDiffer method
2017-12-23 20:53:10.596  INFO 18124 --- [    Test worker] diff.services.impl.DifferServiceImpl     : Starting createDiffer method
2017-12-23 20:53:10.600  INFO 18124 --- [    Test worker] diff.services.impl.DifferServiceImpl     : Starting defineData method
2017-12-23 20:53:10.600  INFO 18124 --- [    Test worker] diff.services.impl.DifferServiceImpl     : Starting getDiffer method
2017-12-23 20:53:10.604  INFO 18124 --- [    Test worker] diff.services.impl.DifferServiceImpl     : Starting comparing method
2017-12-23 20:53:10.608  INFO 18124 --- [    Test worker] diff.services.impl.DifferServiceImpl     : Starting getDiffer method
2017-12-23 20:53:10.608  INFO 18124 --- [    Test worker] diff.services.impl.DifferServiceImpl     : Starting validateToCompare method
2017-12-23 20:53:10.608  INFO 18124 --- [    Test worker] diff.services.impl.DifferServiceImpl     : Starting validateToCompareRight method
2017-12-23 20:53:10.608  INFO 18124 --- [    Test worker] diff.services.impl.DifferServiceImpl     : Starting validateToCompareLeft method
2017-12-23 20:53:10.608  INFO 18124 --- [    Test worker] diff.services.impl.DifferServiceImpl     : Comparing: DifferObject [id=diff.DifferServiceTests, left=QUFCQg==, right=QkJBQQ==]
2017-12-23 20:53:10.608  INFO 18124 --- [    Test worker] diff.services.impl.DifferServiceImpl     : Starting checkOffsets method
2017-12-23 20:53:10.616  INFO 18124 --- [    Test worker] diff.services.impl.DifferServiceImpl     : Starting defineData method
2017-12-23 20:53:10.616  INFO 18124 --- [    Test worker] diff.services.impl.DifferServiceImpl     : Starting getDiffer method
2017-12-23 20:53:10.616  INFO 18124 --- [    Test worker] diff.services.impl.DifferServiceImpl     : Starting createDiffer method
2017-12-23 20:53:10.620  INFO 18124 --- [    Test worker] diff.services.impl.DifferServiceImpl     : Starting comparing method
2017-12-23 20:53:10.620  INFO 18124 --- [    Test worker] diff.services.impl.DifferServiceImpl     : Starting getDiffer method
2017-12-23 20:53:10.624  INFO 18124 --- [    Test worker] diff.services.impl.DifferServiceImpl     : Starting validateToCompare method
2017-12-23 20:53:10.624  INFO 18124 --- [    Test worker] diff.services.impl.DifferServiceImpl     : Starting validateToCompareRight method
2017-12-23 20:53:10.632  INFO 18124 --- [    Test worker] diff.services.impl.DifferServiceImpl     : Starting defineData method
2017-12-23 20:53:10.632  INFO 18124 --- [    Test worker] diff.services.impl.DifferServiceImpl     : Starting getDiffer method
2017-12-23 20:53:10.632  INFO 18124 --- [    Test worker] diff.services.impl.DifferServiceImpl     : Starting createDiffer method
2017-12-23 20:53:10.636  INFO 18124 --- [    Test worker] diff.services.impl.DifferServiceImpl     : Starting defineData method
2017-12-23 20:53:10.636  INFO 18124 --- [    Test worker] diff.services.impl.DifferServiceImpl     : Starting getDiffer method
2017-12-23 20:53:10.640  INFO 18124 --- [    Test worker] diff.services.impl.DifferServiceImpl     : Starting comparing method
2017-12-23 20:53:10.640  INFO 18124 --- [    Test worker] diff.services.impl.DifferServiceImpl     : Starting getDiffer method
2017-12-23 20:53:10.640  INFO 18124 --- [    Test worker] diff.services.impl.DifferServiceImpl     : Starting validateToCompare method
2017-12-23 20:53:10.640  INFO 18124 --- [    Test worker] diff.services.impl.DifferServiceImpl     : Starting validateToCompareRight method
2017-12-23 20:53:10.640  INFO 18124 --- [    Test worker] diff.services.impl.DifferServiceImpl     : Starting validateToCompareLeft method
2017-12-23 20:53:10.640 ERROR 18124 --- [    Test worker] diff.services.impl.DifferServiceImpl     : Error Base64 could not be decoded
2017-12-23 20:53:10.648  INFO 18124 --- [    Test worker] diff.services.impl.DifferServiceImpl     : Starting defineData method
2017-12-23 20:53:10.648  INFO 18124 --- [    Test worker] diff.services.impl.DifferServiceImpl     : Starting getDiffer method
2017-12-23 20:53:10.652  INFO 18124 --- [    Test worker] diff.services.impl.DifferServiceImpl     : Starting createDiffer method
2017-12-23 20:53:10.656  INFO 18124 --- [    Test worker] diff.services.impl.DifferServiceImpl     : Starting defineData method
2017-12-23 20:53:10.656  INFO 18124 --- [    Test worker] diff.services.impl.DifferServiceImpl     : Starting getDiffer method
2017-12-23 20:53:10.664  INFO 18124 --- [    Test worker] diff.services.impl.DifferServiceImpl     : Starting comparing method
2017-12-23 20:53:10.664  INFO 18124 --- [    Test worker] diff.services.impl.DifferServiceImpl     : Starting getDiffer method
2017-12-23 20:53:10.664  INFO 18124 --- [    Test worker] diff.services.impl.DifferServiceImpl     : Starting validateToCompare method
2017-12-23 20:53:10.664  INFO 18124 --- [    Test worker] diff.services.impl.DifferServiceImpl     : Starting validateToCompareRight method
2017-12-23 20:53:10.664  INFO 18124 --- [    Test worker] diff.services.impl.DifferServiceImpl     : Starting validateToCompareLeft method
2017-12-23 20:53:10.664  INFO 18124 --- [    Test worker] diff.services.impl.DifferServiceImpl     : Comparing: DifferObject [id=diff.DifferServiceTests, left=QUFBQkJC, right=QUFBQkJC]
diff.domain.DifferResponse@47ef230
2017-12-23 20:53:10.676  INFO 18124 --- [    Test worker] diff.services.impl.DifferServiceImpl     : Starting defineData method
2017-12-23 20:53:10.676  INFO 18124 --- [    Test worker] diff.services.impl.DifferServiceImpl     : Starting getDiffer method
2017-12-23 20:53:10.676  INFO 18124 --- [    Test worker] diff.services.impl.DifferServiceImpl     : Starting createDiffer method
2017-12-23 20:53:10.684  INFO 18124 --- [    Test worker] diff.services.impl.DifferServiceImpl     : Starting defineData method
2017-12-23 20:53:10.684  INFO 18124 --- [    Test worker] diff.services.impl.DifferServiceImpl     : Starting getDiffer method
2017-12-23 20:53:10.692  INFO 18124 --- [    Test worker] diff.services.impl.DifferServiceImpl     : Starting comparing method
2017-12-23 20:53:10.696  INFO 18124 --- [    Test worker] diff.services.impl.DifferServiceImpl     : Starting getDiffer method
2017-12-23 20:53:10.696  INFO 18124 --- [    Test worker] diff.services.impl.DifferServiceImpl     : Starting validateToCompare method
2017-12-23 20:53:10.696  INFO 18124 --- [    Test worker] diff.services.impl.DifferServiceImpl     : Starting validateToCompareRight method
2017-12-23 20:53:10.696  INFO 18124 --- [    Test worker] diff.services.impl.DifferServiceImpl     : Starting validateToCompareLeft method
2017-12-23 20:53:10.696  INFO 18124 --- [    Test worker] diff.services.impl.DifferServiceImpl     : Comparing: DifferObject [id=diff.DifferServiceTests, left=QkFBQg==, right=QUFBQQ==]
2017-12-23 20:53:10.696  INFO 18124 --- [    Test worker] diff.services.impl.DifferServiceImpl     : Starting checkOffsets method
2017-12-23 20:53:10.708  INFO 18124 --- [    Test worker] diff.services.impl.DifferServiceImpl     : Starting defineData method
2017-12-23 20:53:10.708  INFO 18124 --- [    Test worker] diff.services.impl.DifferServiceImpl     : Starting getDiffer method
2017-12-23 20:53:10.708  INFO 18124 --- [    Test worker] diff.services.impl.DifferServiceImpl     : Starting createDiffer method
2017-12-23 20:53:10.712  INFO 18124 --- [    Test worker] diff.services.impl.DifferServiceImpl     : Starting defineData method
2017-12-23 20:53:10.712  INFO 18124 --- [    Test worker] diff.services.impl.DifferServiceImpl     : Starting getDiffer method
2017-12-23 20:53:10.720  INFO 18124 --- [    Test worker] diff.services.impl.DifferServiceImpl     : Starting comparing method
2017-12-23 20:53:10.720  INFO 18124 --- [    Test worker] diff.services.impl.DifferServiceImpl     : Starting getDiffer method
2017-12-23 20:53:10.724  INFO 18124 --- [    Test worker] diff.services.impl.DifferServiceImpl     : Starting validateToCompare method
2017-12-23 20:53:10.724  INFO 18124 --- [    Test worker] diff.services.impl.DifferServiceImpl     : Starting validateToCompareRight method
2017-12-23 20:53:10.724  INFO 18124 --- [    Test worker] diff.services.impl.DifferServiceImpl     : Starting validateToCompareLeft method
2017-12-23 20:53:10.724  INFO 18124 --- [    Test worker] diff.services.impl.DifferServiceImpl     : Comparing: DifferObject [id=diff.DifferServiceTests, left=QkFBQg==, right=QkJCQg==]
2017-12-23 20:53:10.724  INFO 18124 --- [    Test worker] diff.services.impl.DifferServiceImpl     : Starting checkOffsets method
2017-12-23 20:53:10.732  INFO 18124 --- [    Test worker] diff.services.impl.DifferServiceImpl     : Starting defineData method
2017-12-23 20:53:10.732  INFO 18124 --- [    Test worker] diff.services.impl.DifferServiceImpl     : Starting getDiffer method
2017-12-23 20:53:10.760  INFO 18124 --- [    Test worker] diff.services.impl.DifferServiceImpl     : Starting createDiffer method
2017-12-23 20:53:10.764  INFO 18124 --- [    Test worker] diff.services.impl.DifferServiceImpl     : Starting comparing method
2017-12-23 20:53:10.764  INFO 18124 --- [    Test worker] diff.services.impl.DifferServiceImpl     : Starting getDiffer method
2017-12-23 20:53:10.768  INFO 18124 --- [    Test worker] diff.services.impl.DifferServiceImpl     : Starting validateToCompare method
2017-12-23 20:53:10.768  INFO 18124 --- [    Test worker] diff.services.impl.DifferServiceImpl     : Starting validateToCompareRight method
2017-12-23 20:53:10.768  INFO 18124 --- [    Test worker] diff.services.impl.DifferServiceImpl     : Starting validateToCompareLeft method
2017-12-23 20:53:10.784  INFO 18124 --- [    Test worker] diff.services.impl.DifferServiceImpl     : Starting comparing method
2017-12-23 20:53:10.784  INFO 18124 --- [    Test worker] diff.services.impl.DifferServiceImpl     : Starting getDiffer method
2017-12-23 20:53:10.800  INFO 18124 --- [    Test worker] diff.services.impl.DifferServiceImpl     : Starting defineData method
2017-12-23 20:53:10.804  INFO 18124 --- [    Test worker] diff.services.impl.DifferServiceImpl     : Starting getDiffer method
2017-12-23 20:53:10.804  INFO 18124 --- [    Test worker] diff.services.impl.DifferServiceImpl     : Starting createDiffer method
2017-12-23 20:53:10.808  INFO 18124 --- [    Test worker] diff.services.impl.DifferServiceImpl     : Starting defineData method
2017-12-23 20:53:10.808  INFO 18124 --- [    Test worker] diff.services.impl.DifferServiceImpl     : Starting getDiffer method
2017-12-23 20:53:10.812  INFO 18124 --- [    Test worker] diff.services.impl.DifferServiceImpl     : Starting comparing method
2017-12-23 20:53:10.812  INFO 18124 --- [    Test worker] diff.services.impl.DifferServiceImpl     : Starting getDiffer method
2017-12-23 20:53:10.812  INFO 18124 --- [    Test worker] diff.services.impl.DifferServiceImpl     : Starting validateToCompare method
2017-12-23 20:53:10.812  INFO 18124 --- [    Test worker] diff.services.impl.DifferServiceImpl     : Starting validateToCompareRight method
2017-12-23 20:53:10.812  INFO 18124 --- [    Test worker] diff.services.impl.DifferServiceImpl     : Starting validateToCompareLeft method
2017-12-23 20:53:10.812  INFO 18124 --- [    Test worker] diff.services.impl.DifferServiceImpl     : Comparing: DifferObject [id=diff.DifferServiceTests, left=QUJCQg==, right=QUFBQQ==]
2017-12-23 20:53:10.812  INFO 18124 --- [    Test worker] diff.services.impl.DifferServiceImpl     : Starting checkOffsets method
]]></system-out>
  <system-err><![CDATA[]]></system-err>
</testsuite>
